Input file:  /home/jeho-lab/git/t-wise/Data/Financial_2018_05_09.dimacs
Number of samples:  20
Output directory: /home/jeho-lab/git/t-wise/Data/Samples
Counting - Total configurations: 97451212554676
16692: Sampling 0 with 94004596185381 - sampling time: 9.774978876113892
16692: Sampling 1 with 44323019324078 - sampling time: 10.960576295852661
16682: Sampling 0 with 82503383830293 - sampling time: 8.682259559631348
16682: Sampling 1 with 89992568014298 - sampling time: 10.338836431503296
16682: Sampling 2 with 53635304983499 - sampling time: 9.718796253204346
16690: Sampling 0 with 47632808281922 - sampling time: 11.44051742553711
16690: Sampling 1 with 7518493097665 - sampling time: 10.248158693313599
16690: Sampling 2 with 73462889776575 - sampling time: 8.268524408340454
16686: Sampling 0 with 65845466041113 - sampling time: 10.513587474822998
16686: Sampling 1 with 51952723631473 - sampling time: 11.868351221084595
16686: Sampling 2 with 73949097055176 - sampling time: 9.14712905883789
16688: Sampling 0 with 86884618066088 - sampling time: 9.753130197525024
16688: Sampling 1 with 63093485843373 - sampling time: 12.035288095474243
16688: Sampling 2 with 13556863742316 - sampling time: 9.812138319015503
16681: Sampling 0 with 78258410382527 - sampling time: 10.54894733428955
16681: Sampling 1 with 75673850650717 - sampling time: 11.818280696868896
16681: Sampling 2 with 42130681125927 - sampling time: 9.545571088790894
16684: Sampling 0 with 55988235827960 - sampling time: 11.555471897125244
16684: Sampling 1 with 50929657928612 - sampling time: 12.515587329864502
16684: Sampling 2 with 86293755543588 - sampling time: 9.075396537780762
--- total time: 33.758352756500244 seconds ---
Output samples created on:  /home/jeho-lab/git/t-wise/Data/Samples/Financial_2018_05_09_20.samples

real	0m33.829s
user	2m54.783s
sys	0m30.819s
