Input file:  /home/jeho-lab/git/t-wise/Data/Financial_2018_05_09.dimacs
Number of samples:  60
Output directory: /home/jeho-lab/git/t-wise/Data/Samples
Counting - Total configurations: 97451212554676
19723: Sampling 0 with 62929573804265 - sampling time: 10.575098752975464
19723: Sampling 1 with 50324089613131 - sampling time: 8.762612104415894
19723: Sampling 2 with 37268027147997 - sampling time: 12.25123929977417
19723: Sampling 3 with 4439831458510 - sampling time: 12.416893720626831
19723: Sampling 4 with 65379225152268 - sampling time: 8.762071132659912
19723: Sampling 5 with 34592293661176 - sampling time: 11.445573568344116
19723: Sampling 6 with 9985948061834 - sampling time: 10.676356077194214
19723: Sampling 7 with 94357499219403 - sampling time: 8.702782154083252
19721: Sampling 0 with 26217815876279 - sampling time: 10.830983877182007
19721: Sampling 1 with 82586997744893 - sampling time: 9.649060487747192
19721: Sampling 2 with 71739848829044 - sampling time: 9.607320547103882
19721: Sampling 3 with 56626673756939 - sampling time: 13.003650188446045
19721: Sampling 4 with 65945569202615 - sampling time: 10.640783548355103
19721: Sampling 5 with 97377824150593 - sampling time: 7.091811418533325
19721: Sampling 6 with 75391449582136 - sampling time: 7.063258409500122
19721: Sampling 7 with 93867767819614 - sampling time: 9.210806608200073
19721: Sampling 8 with 19765586037862 - sampling time: 11.806327104568481
19727: Sampling 0 with 21192044286181 - sampling time: 13.440192461013794
19727: Sampling 1 with 58087841393929 - sampling time: 10.486685752868652
19727: Sampling 2 with 20380592486080 - sampling time: 10.608965873718262
19727: Sampling 3 with 64806134330875 - sampling time: 11.383442640304565
19727: Sampling 4 with 80957929672708 - sampling time: 7.880906343460083
19727: Sampling 5 with 34877323634302 - sampling time: 14.068349599838257
19727: Sampling 6 with 11493879630248 - sampling time: 10.520810604095459
19727: Sampling 7 with 46433408305503 - sampling time: 11.683432817459106
19717: Sampling 0 with 50197607247593 - sampling time: 12.529574632644653
19717: Sampling 1 with 95769132461486 - sampling time: 9.296979188919067
19717: Sampling 2 with 22190279241622 - sampling time: 10.604471921920776
19717: Sampling 3 with 93515296200501 - sampling time: 14.104018926620483
19717: Sampling 4 with 61817168417887 - sampling time: 9.777007102966309
19717: Sampling 5 with 76862279344728 - sampling time: 10.184748411178589
19717: Sampling 6 with 45060612384808 - sampling time: 9.49099349975586
19717: Sampling 7 with 70880163007583 - sampling time: 10.29829216003418
19717: Sampling 8 with 83476024642301 - sampling time: 7.273967266082764
19725: Sampling 0 with 3597611081121 - sampling time: 14.461979389190674
19725: Sampling 1 with 44994409443445 - sampling time: 11.436588525772095
19725: Sampling 2 with 91009403846144 - sampling time: 12.326813697814941
19725: Sampling 3 with 85563849259842 - sampling time: 12.33303451538086
19725: Sampling 4 with 55262295882033 - sampling time: 11.323616981506348
19725: Sampling 5 with 7059838563478 - sampling time: 14.006835222244263
19725: Sampling 6 with 57748066948585 - sampling time: 10.496502161026001
19725: Sampling 7 with 80679612961370 - sampling time: 8.67142367362976
19716: Sampling 0 with 14567607832968 - sampling time: 13.336899995803833
19716: Sampling 1 with 19265944648699 - sampling time: 11.346729755401611
19716: Sampling 2 with 67790410452739 - sampling time: 8.795167446136475
19716: Sampling 3 with 88086528504073 - sampling time: 10.584476947784424
19716: Sampling 4 with 28490005373973 - sampling time: 13.091928243637085
19716: Sampling 5 with 6729867334529 - sampling time: 11.511987924575806
19716: Sampling 6 with 71846626298767 - sampling time: 11.108289957046509
19716: Sampling 7 with 44563945757507 - sampling time: 10.632305383682251
19716: Sampling 8 with 51070647325357 - sampling time: 7.476564168930054
19719: Sampling 0 with 89204071973953 - sampling time: 11.536882162094116
19719: Sampling 1 with 11108599913884 - sampling time: 9.666268825531006
19719: Sampling 2 with 1832939585531 - sampling time: 10.606740236282349
19719: Sampling 3 with 95044027357724 - sampling time: 11.392767906188965
19719: Sampling 4 with 86111530992201 - sampling time: 10.463607549667358
19719: Sampling 5 with 47743825719159 - sampling time: 11.515620231628418
19719: Sampling 6 with 90816829115075 - sampling time: 12.20003366470337
19719: Sampling 7 with 41600309424638 - sampling time: 11.880571842193604
19719: Sampling 8 with 36718797442957 - sampling time: 8.890478134155273
--- total time: 98.77709865570068 seconds ---
Output samples created on:  /home/jeho-lab/git/t-wise/Data/Samples/Financial_2018_05_09_60.samples

real	1m38.863s
user	8m57.362s
sys	1m34.242s
