Input file:  /home/jeho-lab/git/t-wise/Data/Financial_2018_05_09.dimacs
Number of samples:  50
Output directory: /home/jeho-lab/git/t-wise/Data/Samples
Counting - Total configurations: 97451212554676
20753: Sampling 0 with 37705563146107 - sampling time: 9.744528532028198
20753: Sampling 1 with 31310861787737 - sampling time: 12.19258737564087
20753: Sampling 2 with 70334530926905 - sampling time: 8.89451289176941
20753: Sampling 3 with 13653308407028 - sampling time: 10.59446930885315
20753: Sampling 4 with 84537208551230 - sampling time: 6.943749666213989
20753: Sampling 5 with 66488075856198 - sampling time: 10.51428771018982
20753: Sampling 6 with 39452406978488 - sampling time: 10.5833158493042
20759: Sampling 0 with 50245381589864 - sampling time: 12.580686330795288
20759: Sampling 1 with 28496072022790 - sampling time: 14.708396673202515
20759: Sampling 2 with 66300016976214 - sampling time: 8.754799365997314
20759: Sampling 3 with 37878059923298 - sampling time: 9.596783638000488
20759: Sampling 4 with 12022060226521 - sampling time: 12.191940546035767
20759: Sampling 5 with 45183563893395 - sampling time: 9.302433490753174
20759: Sampling 6 with 8788540428366 - sampling time: 10.720647811889648
20751: Sampling 0 with 38101126109492 - sampling time: 12.17315936088562
20751: Sampling 1 with 57310411471059 - sampling time: 12.32144284248352
20751: Sampling 2 with 13229954169219 - sampling time: 12.28212285041809
20751: Sampling 3 with 58191480191912 - sampling time: 9.470133543014526
20751: Sampling 4 with 88100374699970 - sampling time: 8.721730470657349
20751: Sampling 5 with 64568753660276 - sampling time: 11.334408283233643
20751: Sampling 6 with 70342852252085 - sampling time: 11.733264207839966
20761: Sampling 0 with 11185213726445 - sampling time: 14.178350448608398
20761: Sampling 1 with 20263945995958 - sampling time: 10.450748443603516
20761: Sampling 2 with 3082768289343 - sampling time: 12.163999080657959
20761: Sampling 3 with 40392890357586 - sampling time: 11.345144033432007
20761: Sampling 4 with 82103766542899 - sampling time: 9.619075059890747
20761: Sampling 5 with 38037199803563 - sampling time: 12.260231256484985
20761: Sampling 6 with 12842606373600 - sampling time: 10.877110004425049
20755: Sampling 0 with 17898282590934 - sampling time: 12.52726936340332
20755: Sampling 1 with 37431007667362 - sampling time: 11.445232391357422
20755: Sampling 2 with 54526467388808 - sampling time: 10.553430557250977
20755: Sampling 3 with 37235439758981 - sampling time: 11.281187057495117
20755: Sampling 4 with 37668911457380 - sampling time: 13.887694835662842
20755: Sampling 5 with 13377909858489 - sampling time: 12.155948400497437
20755: Sampling 6 with 13119908356805 - sampling time: 9.769596576690674
20757: Sampling 0 with 13414250072049 - sampling time: 13.603623151779175
20757: Sampling 1 with 12669026484182 - sampling time: 13.976536750793457
20757: Sampling 2 with 41842228433557 - sampling time: 12.191421747207642
20757: Sampling 3 with 33999103538398 - sampling time: 15.923737525939941
20757: Sampling 4 with 53551602463803 - sampling time: 10.55419111251831
20757: Sampling 5 with 34885229909581 - sampling time: 10.024144411087036
20757: Sampling 6 with 65572246700928 - sampling time: 7.317544221878052
20750: Sampling 0 with 77670530404998 - sampling time: 10.602229118347168
20750: Sampling 1 with 34216307983560 - sampling time: 12.97062873840332
20750: Sampling 2 with 69995570405399 - sampling time: 9.494879961013794
20750: Sampling 3 with 70496043120226 - sampling time: 14.038164377212524
20750: Sampling 4 with 31968427203598 - sampling time: 8.70183277130127
20750: Sampling 5 with 25139406214007 - sampling time: 13.499972343444824
20750: Sampling 6 with 46839510322074 - sampling time: 9.52060079574585
20750: Sampling 7 with 85644069324715 - sampling time: 6.608759164810181
--- total time: 86.06756496429443 seconds ---
Output samples created on:  /home/jeho-lab/git/t-wise/Data/Samples/Financial_2018_05_09_50.samples

real	1m26.148s
user	7m42.685s
sys	1m21.536s
