Input file:  /home/jeho-lab/git/t-wise/Data/Financial_2018_05_09.dimacs
Number of samples:  30
Output directory: /home/jeho-lab/git/t-wise/Data/Samples
Counting - Total configurations: 97451212554676
15159: Sampling 0 with 37463894409476 - sampling time: 9.852535963058472
15159: Sampling 1 with 66309679335834 - sampling time: 10.377304077148438
15159: Sampling 2 with 34508953414174 - sampling time: 12.157844543457031
15159: Sampling 3 with 82248904224222 - sampling time: 9.735213279724121
15162: Sampling 0 with 66593465833299 - sampling time: 10.660025358200073
15162: Sampling 1 with 49430234614306 - sampling time: 10.320355415344238
15162: Sampling 2 with 18871892577379 - sampling time: 10.383448839187622
15162: Sampling 3 with 47356097978985 - sampling time: 11.266028881072998
15157: Sampling 0 with 19748295519060 - sampling time: 10.56671929359436
15157: Sampling 1 with 1460296837153 - sampling time: 12.069853782653809
15157: Sampling 2 with 2808370975148 - sampling time: 9.614814043045044
15157: Sampling 3 with 93603136762419 - sampling time: 10.397032022476196
15164: Sampling 0 with 69414345784946 - sampling time: 10.369497299194336
15164: Sampling 1 with 85256737598115 - sampling time: 13.799716234207153
15164: Sampling 2 with 30149796282676 - sampling time: 11.600518226623535
15164: Sampling 3 with 84137961974229 - sampling time: 7.624683618545532
15166: Sampling 0 with 44615110116382 - sampling time: 13.191028356552124
15166: Sampling 1 with 32382579050645 - sampling time: 12.11402440071106
15166: Sampling 2 with 77190386206597 - sampling time: 12.1806161403656
15166: Sampling 3 with 89267712156993 - sampling time: 9.006397485733032
15155: Sampling 0 with 47608681862755 - sampling time: 10.991450309753418
15155: Sampling 1 with 26460958600899 - sampling time: 13.878812313079834
15155: Sampling 2 with 59155295689755 - sampling time: 10.321116924285889
15155: Sampling 3 with 87060494280946 - sampling time: 7.723550796508789
15155: Sampling 4 with 65730079110393 - sampling time: 6.587799549102783
15156: Sampling 0 with 59333150683809 - sampling time: 9.77894926071167
15156: Sampling 1 with 94356042443717 - sampling time: 10.42426061630249
15156: Sampling 2 with 80724006148995 - sampling time: 10.528470277786255
15156: Sampling 3 with 48662171984943 - sampling time: 12.114371538162231
15156: Sampling 4 with 32659002081849 - sampling time: 6.690675973892212
--- total time: 50.158337116241455 seconds ---
Output samples created on:  /home/jeho-lab/git/t-wise/Data/Samples/Financial_2018_05_09_30.samples

real	0m50.230s
user	4m22.190s
sys	0m46.876s
