Input file:  /home/jeho-lab/git/t-wise/Data/Financial_2018_05_09.dimacs
Number of samples:  70
Output directory: /home/jeho-lab/git/t-wise/Data/Samples
Counting - Total configurations: 97451212554676
24290: Sampling 0 with 24181534299182 - sampling time: 11.577164888381958
24290: Sampling 1 with 58452593960333 - sampling time: 10.57526421546936
24290: Sampling 2 with 49322623601180 - sampling time: 9.480325698852539
24290: Sampling 3 with 29103419268907 - sampling time: 11.58399248123169
24290: Sampling 4 with 4294754196645 - sampling time: 14.051316499710083
24290: Sampling 5 with 918625320054 - sampling time: 10.663860559463501
24290: Sampling 6 with 70511214048724 - sampling time: 12.57011890411377
24290: Sampling 7 with 73007497355999 - sampling time: 10.492171049118042
24290: Sampling 8 with 81621048374397 - sampling time: 8.981163740158081
24290: Sampling 9 with 15903557731840 - sampling time: 12.157274723052979
24293: Sampling 0 with 92651498036822 - sampling time: 10.792511701583862
24293: Sampling 1 with 34223731999332 - sampling time: 11.288118362426758
24293: Sampling 2 with 73339607953314 - sampling time: 9.81857681274414
24293: Sampling 3 with 43214841468737 - sampling time: 12.401416063308716
24293: Sampling 4 with 16333642989772 - sampling time: 11.470370292663574
24293: Sampling 5 with 77162727864872 - sampling time: 12.308840990066528
24293: Sampling 6 with 267187434521 - sampling time: 14.983490705490112
24293: Sampling 7 with 79297030285425 - sampling time: 10.615884065628052
24293: Sampling 8 with 54336520960701 - sampling time: 11.517577409744263
24293: Sampling 9 with 93171564943121 - sampling time: 7.787734031677246
24289: Sampling 0 with 19068855314909 - sampling time: 12.621732711791992
24289: Sampling 1 with 56038100447090 - sampling time: 12.466653108596802
24289: Sampling 2 with 13569206360878 - sampling time: 10.579975366592407
24289: Sampling 3 with 32723037965941 - sampling time: 12.488509893417358
24289: Sampling 4 with 96522466049445 - sampling time: 8.764178037643433
24289: Sampling 5 with 22697589539769 - sampling time: 11.493788957595825
24289: Sampling 6 with 52580866300320 - sampling time: 10.598929166793823
24289: Sampling 7 with 3709274058116 - sampling time: 12.478696346282959
24289: Sampling 8 with 7181331604357 - sampling time: 13.321527242660522
24289: Sampling 9 with 47501478917147 - sampling time: 10.805018186569214
24300: Sampling 0 with 94756632195452 - sampling time: 9.837809324264526
24300: Sampling 1 with 19251217953450 - sampling time: 13.355188846588135
24300: Sampling 2 with 69286026780388 - sampling time: 11.9171302318573
24300: Sampling 3 with 71862459545687 - sampling time: 9.74536919593811
24300: Sampling 4 with 52797567067195 - sampling time: 13.410775661468506
24300: Sampling 5 with 55243158728991 - sampling time: 11.481081485748291
24300: Sampling 6 with 97130592961548 - sampling time: 9.216219186782837
24300: Sampling 7 with 14038229824071 - sampling time: 12.348312377929688
24300: Sampling 8 with 39025402216161 - sampling time: 13.269731998443604
24300: Sampling 9 with 28845898800954 - sampling time: 11.541993856430054
24296: Sampling 0 with 65756176996613 - sampling time: 8.209647178649902
24296: Sampling 1 with 11655658987155 - sampling time: 14.23046326637268
24296: Sampling 2 with 81461171149376 - sampling time: 10.607592344284058
24296: Sampling 3 with 90732382581829 - sampling time: 13.179427146911621
24296: Sampling 4 with 45607189327668 - sampling time: 11.036770582199097
24296: Sampling 5 with 34864944281480 - sampling time: 12.324641227722168
24296: Sampling 6 with 77219464214677 - sampling time: 9.084110736846924
24296: Sampling 7 with 20918332155383 - sampling time: 14.104613065719604
24296: Sampling 8 with 87036216662713 - sampling time: 12.30272650718689
24296: Sampling 9 with 46355553149789 - sampling time: 11.373883724212646
24292: Sampling 0 with 43797086168076 - sampling time: 11.850516080856323
24292: Sampling 1 with 76936410003612 - sampling time: 12.489209651947021
24292: Sampling 2 with 8307480764729 - sampling time: 13.936651945114136
24292: Sampling 3 with 23828233272613 - sampling time: 12.53558611869812
24292: Sampling 4 with 55032470705415 - sampling time: 11.576882362365723
24292: Sampling 5 with 985568210141 - sampling time: 11.503947496414185
24292: Sampling 6 with 43538501408830 - sampling time: 13.341825485229492
24292: Sampling 7 with 75604660990633 - sampling time: 11.37010407447815
24292: Sampling 8 with 65704651998882 - sampling time: 11.371811628341675
24292: Sampling 9 with 56049195181794 - sampling time: 6.883416414260864
24297: Sampling 0 with 20533781241444 - sampling time: 12.547153949737549
24297: Sampling 1 with 35070313623237 - sampling time: 13.238844871520996
24297: Sampling 2 with 9347004044750 - sampling time: 14.213164567947388
24297: Sampling 3 with 11025285634990 - sampling time: 13.244091033935547
24297: Sampling 4 with 628495965571 - sampling time: 12.346657752990723
24297: Sampling 5 with 80600130737309 - sampling time: 12.192712783813477
24297: Sampling 6 with 78613550905576 - sampling time: 10.491691589355469
24297: Sampling 7 with 28969554024506 - sampling time: 12.599756479263306
24297: Sampling 8 with 1201970022163 - sampling time: 13.543066263198853
24297: Sampling 9 with 8688729801014 - sampling time: 8.877197265625
--- total time: 123.93457579612732 seconds ---
Output samples created on:  /home/jeho-lab/git/t-wise/Data/Samples/Financial_2018_05_09_70.samples

real	2m4.042s
user	11m14.140s
sys	1m58.469s
