Input file:  /home/jeho-lab/git/t-wise/Data/Financial_2018_05_09.dimacs
Number of samples:  40
Output directory: /home/jeho-lab/git/t-wise/Data/Samples
Counting - Total configurations: 97451212554676
7490: Sampling 0 with 31702391404493 - sampling time: 12.599299430847168
7490: Sampling 1 with 62998272065911 - sampling time: 11.954355955123901
7490: Sampling 2 with 39062181317242 - sampling time: 13.150809049606323
7490: Sampling 3 with 49268822980130 - sampling time: 10.513256072998047
7490: Sampling 4 with 85354805856384 - sampling time: 10.586376428604126
7477: Sampling 0 with 67144617895489 - sampling time: 7.993928670883179
7477: Sampling 1 with 8388618153001 - sampling time: 10.69719409942627
7477: Sampling 2 with 44304097852838 - sampling time: 11.084813356399536
7477: Sampling 3 with 36826548793285 - sampling time: 13.238213777542114
7477: Sampling 4 with 42261104849417 - sampling time: 6.51019287109375
7477: Sampling 5 with 42086074805847 - sampling time: 10.486960887908936
7486: Sampling 0 with 37859618857849 - sampling time: 14.241798639297485
7486: Sampling 1 with 1918458286651 - sampling time: 10.515770435333252
7486: Sampling 2 with 92243077632427 - sampling time: 11.215657472610474
7486: Sampling 3 with 33077232754988 - sampling time: 13.579741477966309
7486: Sampling 4 with 19231346659061 - sampling time: 11.114224433898926
7482: Sampling 0 with 16906704913400 - sampling time: 11.689937829971313
7482: Sampling 1 with 89518036258976 - sampling time: 10.521369695663452
7482: Sampling 2 with 44972010426883 - sampling time: 8.966601371765137
7482: Sampling 3 with 27681976813621 - sampling time: 14.716938257217407
7482: Sampling 4 with 56863657491683 - sampling time: 8.821172714233398
7482: Sampling 5 with 79075082574793 - sampling time: 10.058231830596924
7474: Sampling 0 with 94653641641699 - sampling time: 10.761040449142456
7474: Sampling 1 with 9008787984723 - sampling time: 12.150609016418457
7474: Sampling 2 with 9783624488406 - sampling time: 11.455923080444336
7474: Sampling 3 with 87383226282126 - sampling time: 10.518660068511963
7474: Sampling 4 with 17473299938767 - sampling time: 10.576335906982422
7474: Sampling 5 with 90675304454061 - sampling time: 9.536028623580933
7473: Sampling 0 with 68415730707256 - sampling time: 12.551265001296997
7473: Sampling 1 with 9991675174975 - sampling time: 13.271100282669067
7473: Sampling 2 with 81284038345075 - sampling time: 8.726448774337769
7473: Sampling 3 with 18281195004265 - sampling time: 14.972853660583496
7473: Sampling 4 with 10932789773807 - sampling time: 10.462297916412354
7473: Sampling 5 with 88208082153239 - sampling time: 7.201655626296997
7480: Sampling 0 with 14232212351834 - sampling time: 10.823511838912964
7480: Sampling 1 with 2330937077775 - sampling time: 12.316790580749512
7480: Sampling 2 with 34368425991061 - sampling time: 14.127515077590942
7480: Sampling 3 with 43664250476936 - sampling time: 11.507049083709717
7480: Sampling 4 with 78520477921724 - sampling time: 11.303607940673828
7480: Sampling 5 with 27650509287240 - sampling time: 9.38588285446167
--- total time: 70.09062814712524 seconds ---
Output samples created on:  /home/jeho-lab/git/t-wise/Data/Samples/Financial_2018_05_09_40.samples

real	1m10.165s
user	6m10.031s
sys	1m4.969s
