Input file:  /home/jeho-lab/git/t-wise/Data/Financial_2018_05_09.dimacs
Number of samples:  5
Output directory: /home/jeho-lab/git/t-wise/Data/Samples/Memory
Counting - Total configurations: 97451212554676
Sampling 0 with 37470532003051 - sampling time: 6.029907941818237
Sampling 1 with 88925717519941 - sampling time: 6.975176095962524
Sampling 2 with 27769991396604 - sampling time: 8.297676086425781
Sampling 3 with 24428627700496 - sampling time: 9.573993444442749
Sampling 4 with 91245167605733 - sampling time: 6.707889795303345
--- total time: 37.584877490997314 seconds ---
Output samples created on:  /home/jeho-lab/git/t-wise/Data/Samples/Memory/Financial_2018_05_09_5.samples
	Command being timed: "python3 ./Kclause_Smarch/Smarch/smarch.py -o /home/jeho-lab/git/t-wise/Data/Samples/Memory /home/jeho-lab/git/t-wise/Data/Financial_2018_05_09.dimacs 5"
	User time (seconds): 32.35
	System time (seconds): 6.42
	Percent of CPU this job got: 101%
	Elapsed (wall clock) time (h:mm:ss or m:ss): 0:38.28
	Average shared text size (kbytes): 0
	Average unshared data size (kbytes): 0
	Average stack size (kbytes): 0
	Average total size (kbytes): 0
	Maximum resident set size (kbytes): 16872
	Average resident set size (kbytes): 0
	Major (requiring I/O) page faults: 0
	Minor (reclaiming a frame) page faults: 5430980
	Voluntary context switches: 13765
	Involuntary context switches: 1299
	Swaps: 0
	File system inputs: 0
	File system outputs: 618616
	Socket messages sent: 0
	Socket messages received: 0
	Signals delivered: 0
	Page size (bytes): 4096
	Exit status: 0
