Input file:  /home/jeho-lab/git/t-wise/Data/Financial_2018_05_09.dimacs
Number of samples:  1000
Output directory: /home/jeho-lab/git/t-wise/Data/Samples/Memory
Counting - Total configurations: 97451212554676
Sampling 0 with 35022550208919 - sampling time: 9.012837171554565
Sampling 1 with 73321138924569 - sampling time: 7.17748236656189
Sampling 2 with 9888706484808 - sampling time: 11.02081823348999
Sampling 3 with 7023515943077 - sampling time: 8.780795335769653
Sampling 4 with 30195049334785 - sampling time: 9.492355346679688
Sampling 5 with 40024492478736 - sampling time: 8.264654159545898
Sampling 6 with 39310000140271 - sampling time: 9.620169878005981
Sampling 7 with 44929901012956 - sampling time: 10.175163745880127
Sampling 8 with 29623925806047 - sampling time: 10.905833959579468
Sampling 9 with 69691229839586 - sampling time: 8.215232372283936
Sampling 10 with 27348150649107 - sampling time: 8.061570882797241
Sampling 11 with 43493646223927 - sampling time: 9.04728388786316
Sampling 12 with 9312079336933 - sampling time: 9.428786993026733
Sampling 13 with 6483470690576 - sampling time: 8.94484567642212
Sampling 14 with 2181410251291 - sampling time: 9.56975793838501
Sampling 15 with 9109595957393 - sampling time: 11.092100620269775
Sampling 16 with 16714053073699 - sampling time: 10.22692084312439
Sampling 17 with 46681731177387 - sampling time: 8.14177680015564
Sampling 18 with 65301393142868 - sampling time: 7.499707460403442
Sampling 19 with 60504017778832 - sampling time: 7.222792863845825
Sampling 20 with 10502972560933 - sampling time: 10.083411455154419
Sampling 21 with 4316995185512 - sampling time: 9.39110255241394
Sampling 22 with 92103144676323 - sampling time: 7.498080492019653
Sampling 23 with 69852175239839 - sampling time: 8.154282569885254
Sampling 24 with 20056489498673 - sampling time: 10.074613332748413
Sampling 25 with 1135827087099 - sampling time: 8.77686882019043
Sampling 26 with 48935382253320 - sampling time: 6.994430780410767
Sampling 27 with 53485765883182 - sampling time: 8.096382141113281
Sampling 28 with 33586006837645 - sampling time: 8.675190210342407
Sampling 29 with 47348877877903 - sampling time: 8.17982816696167
Sampling 30 with 46619164316224 - sampling time: 8.164771795272827
Sampling 31 with 43865522054092 - sampling time: 6.9406585693359375
Sampling 32 with 67254077276733 - sampling time: 7.530876398086548
Sampling 33 with 54228648571569 - sampling time: 7.647360563278198
Sampling 34 with 30270270834800 - sampling time: 10.405709028244019
Sampling 35 with 3827031255514 - sampling time: 10.090996026992798
Sampling 36 with 13480565712150 - sampling time: 10.077867031097412
Sampling 37 with 80401308868332 - sampling time: 6.993894815444946
Sampling 38 with 61583851111144 - sampling time: 8.110633373260498
Sampling 39 with 43758254523554 - sampling time: 7.535607814788818
Sampling 40 with 18530032064676 - sampling time: 8.898384809494019
Sampling 41 with 69470852495899 - sampling time: 8.77341103553772
Sampling 42 with 84962636837151 - sampling time: 8.759100914001465
Sampling 43 with 49285179198783 - sampling time: 7.513697147369385
Sampling 44 with 67624034846110 - sampling time: 8.756029605865479
Sampling 45 with 36552425492808 - sampling time: 9.39742636680603
Sampling 46 with 62430254813823 - sampling time: 7.609673261642456
Sampling 47 with 45959662385419 - sampling time: 9.46269416809082
Sampling 48 with 91584569894891 - sampling time: 8.81058669090271
Sampling 49 with 23039098424190 - sampling time: 8.916980504989624
Sampling 50 with 89671014076729 - sampling time: 8.28948426246643
Sampling 51 with 63186434311720 - sampling time: 6.571713209152222
Sampling 52 with 50494078105188 - sampling time: 8.833942174911499
Sampling 53 with 79683189934463 - sampling time: 7.584441423416138
Sampling 54 with 28679595166478 - sampling time: 11.633485078811646
Sampling 55 with 12306926034149 - sampling time: 9.591015815734863
Sampling 56 with 11317534430150 - sampling time: 10.310901641845703
Sampling 57 with 24060107525748 - sampling time: 8.492511987686157
Sampling 58 with 47107188986465 - sampling time: 8.889457702636719
Sampling 59 with 89939145057445 - sampling time: 7.014509201049805
Sampling 60 with 37269295812263 - sampling time: 10.393060207366943
Sampling 61 with 31421561897959 - sampling time: 9.747170686721802
Sampling 62 with 68408369893900 - sampling time: 7.686278820037842
Sampling 63 with 19371695470873 - sampling time: 9.62567138671875
Sampling 64 with 27044857082295 - sampling time: 9.683508157730103
Sampling 65 with 29145799020155 - sampling time: 10.061439990997314
Sampling 66 with 20469205948891 - sampling time: 9.058908939361572
Sampling 67 with 65305641643299 - sampling time: 8.599199056625366
Sampling 68 with 3806293185282 - sampling time: 8.939173698425293
Sampling 69 with 72814382946982 - sampling time: 8.24703598022461
Sampling 70 with 68182487384204 - sampling time: 8.796564102172852
Sampling 71 with 75508142859844 - sampling time: 7.27133584022522
Sampling 72 with 9431522870016 - sampling time: 10.082890033721924
Sampling 73 with 81386315833347 - sampling time: 7.489131927490234
Sampling 74 with 22852493876430 - sampling time: 8.219769954681396
Sampling 75 with 19182151258159 - sampling time: 8.16863226890564
Sampling 76 with 61557786951097 - sampling time: 6.3207480907440186
Sampling 77 with 84619267433785 - sampling time: 5.0108232498168945
Sampling 78 with 58200448039453 - sampling time: 9.467025518417358
Sampling 79 with 79864711128546 - sampling time: 5.780179500579834
Sampling 80 with 21667076666991 - sampling time: 10.091009378433228
Sampling 81 with 56213906949580 - sampling time: 7.569634199142456
Sampling 82 with 48105985408068 - sampling time: 7.392561435699463
Sampling 83 with 11605251395991 - sampling time: 8.240600109100342
Sampling 84 with 83088824671574 - sampling time: 6.273422479629517
Sampling 85 with 16546938486877 - sampling time: 9.452831268310547
Sampling 86 with 83763501696355 - sampling time: 8.186491012573242
Sampling 87 with 47745872972834 - sampling time: 6.925332307815552
Sampling 88 with 19355859894316 - sampling time: 8.856233358383179
Sampling 89 with 46372855626243 - sampling time: 6.90484356880188
Sampling 90 with 65133089986250 - sampling time: 8.159212112426758
Sampling 91 with 85317755455248 - sampling time: 9.37162733078003
Sampling 92 with 68783596229838 - sampling time: 8.180145263671875
Sampling 93 with 23391317627518 - sampling time: 10.177274942398071
Sampling 94 with 22422993155222 - sampling time: 9.592665195465088
Sampling 95 with 89928161564380 - sampling time: 6.309746980667114
Sampling 96 with 47776557796428 - sampling time: 6.894674777984619
Sampling 97 with 20603316141809 - sampling time: 8.560014009475708
Sampling 98 with 26736168226340 - sampling time: 8.256873607635498
Sampling 99 with 54369857286004 - sampling time: 7.516116619110107
Sampling 100 with 48685597637072 - sampling time: 6.154282093048096
Sampling 101 with 41215595259811 - sampling time: 7.568810224533081
Sampling 102 with 1350059987598 - sampling time: 8.813124418258667
Sampling 103 with 52090675711911 - sampling time: 8.785396814346313
Sampling 104 with 84485840078775 - sampling time: 5.878582715988159
Sampling 105 with 83094024265046 - sampling time: 5.610956192016602
Sampling 106 with 14928575092282 - sampling time: 7.608943223953247
Sampling 107 with 18602717164844 - sampling time: 8.798993110656738
Sampling 108 with 78155985579066 - sampling time: 8.221178531646729
Sampling 109 with 72589446190732 - sampling time: 6.964127063751221
Sampling 110 with 24507399269702 - sampling time: 8.292765140533447
Sampling 111 with 63305848141087 - sampling time: 10.18183159828186
Sampling 112 with 82888620648619 - sampling time: 7.4754016399383545
Sampling 113 with 53334789679641 - sampling time: 7.62075662612915
Sampling 114 with 32212030965015 - sampling time: 11.523945569992065
Sampling 115 with 28662759539491 - sampling time: 8.88882827758789
Sampling 116 with 28554454743974 - sampling time: 10.359381675720215
Sampling 117 with 94361604646153 - sampling time: 8.91708493232727
Sampling 118 with 27452171175922 - sampling time: 10.105999231338501
Sampling 119 with 19194904170791 - sampling time: 9.025128841400146
Sampling 120 with 93269991279758 - sampling time: 9.575684309005737
Sampling 121 with 80504935255423 - sampling time: 8.213632345199585
Sampling 122 with 86678110391470 - sampling time: 8.248481273651123
Sampling 123 with 59796271035896 - sampling time: 6.86328911781311
Sampling 124 with 82783892712370 - sampling time: 6.795565366744995
Sampling 125 with 71719675554522 - sampling time: 8.277146339416504
Sampling 126 with 2146897219139 - sampling time: 8.391234874725342
Sampling 127 with 8456228818690 - sampling time: 10.404637098312378
Sampling 128 with 39805384710969 - sampling time: 9.574952840805054
Sampling 129 with 74662854049226 - sampling time: 8.814014434814453
Sampling 130 with 29058979717611 - sampling time: 9.17928695678711
Sampling 131 with 71990742010027 - sampling time: 8.864155292510986
Sampling 132 with 47276496034053 - sampling time: 6.934908866882324
Sampling 133 with 64893962847386 - sampling time: 8.756989002227783
Sampling 134 with 59952155217399 - sampling time: 7.638201475143433
Sampling 135 with 18990016919931 - sampling time: 6.918356657028198
Sampling 136 with 47436908168008 - sampling time: 7.51623010635376
Sampling 137 with 72004918139524 - sampling time: 6.615004539489746
Sampling 138 with 5796647585115 - sampling time: 10.003668546676636
Sampling 139 with 89328969534563 - sampling time: 6.948017120361328
Sampling 140 with 22157346177497 - sampling time: 8.798108100891113
Sampling 141 with 81866149008126 - sampling time: 7.196577072143555
Sampling 142 with 50047994251329 - sampling time: 8.832557201385498
Sampling 143 with 51283212071120 - sampling time: 6.301862001419067
Sampling 144 with 51050430942326 - sampling time: 7.53397798538208
Sampling 145 with 35189766405820 - sampling time: 8.794903039932251
Sampling 146 with 37310775781968 - sampling time: 9.43480634689331
Sampling 147 with 29484956531612 - sampling time: 7.905976057052612
Sampling 148 with 94123533751940 - sampling time: 8.100130796432495
Sampling 149 with 49826521100479 - sampling time: 8.276594877243042
Sampling 150 with 36957385377477 - sampling time: 8.203202724456787
Sampling 151 with 9525463627153 - sampling time: 8.765871524810791
Sampling 152 with 45307061381845 - sampling time: 7.911993980407715
Sampling 153 with 79302195604807 - sampling time: 8.169426918029785
Sampling 154 with 80750630373399 - sampling time: 6.930971384048462
Sampling 155 with 64292338907498 - sampling time: 8.183841228485107
Sampling 156 with 80188610886380 - sampling time: 6.916032314300537
Sampling 157 with 79546844953999 - sampling time: 7.50339937210083
Sampling 158 with 19101461803109 - sampling time: 8.19837212562561
Sampling 159 with 44171776158578 - sampling time: 7.852001190185547
Sampling 160 with 33512861228643 - sampling time: 8.783606052398682
Sampling 161 with 61394479092872 - sampling time: 7.583327531814575
Sampling 162 with 52547972378600 - sampling time: 7.594189405441284
Sampling 163 with 83579844897981 - sampling time: 5.636780500411987
Sampling 164 with 28984454386558 - sampling time: 9.421321868896484
Sampling 165 with 88725003431927 - sampling time: 9.416468620300293
Sampling 166 with 35605213109043 - sampling time: 9.441935062408447
Sampling 167 with 73084818636609 - sampling time: 5.823338985443115
Sampling 168 with 30360872255275 - sampling time: 11.453829526901245
Sampling 169 with 73609856903663 - sampling time: 8.204809188842773
Sampling 170 with 16270742524557 - sampling time: 10.178096532821655
Sampling 171 with 74689150779378 - sampling time: 7.482605934143066
Sampling 172 with 11415360513229 - sampling time: 9.054284572601318
Sampling 173 with 76384699634847 - sampling time: 7.469336748123169
Sampling 174 with 4762546762067 - sampling time: 10.023467063903809
Sampling 175 with 39824104704430 - sampling time: 8.28091025352478
Sampling 176 with 3127582396212 - sampling time: 8.250908851623535
Sampling 177 with 29805581911877 - sampling time: 10.400527000427246
Sampling 178 with 5133240766792 - sampling time: 11.098114013671875
Sampling 179 with 59235649837982 - sampling time: 8.326804399490356
Sampling 180 with 83110110406196 - sampling time: 7.427292346954346
Sampling 181 with 27041886250896 - sampling time: 9.634040832519531
Sampling 182 with 18459019869716 - sampling time: 10.354936599731445
Sampling 183 with 90267613916924 - sampling time: 6.884798288345337
Sampling 184 with 66025330181869 - sampling time: 9.651021480560303
Sampling 185 with 79061618568437 - sampling time: 7.557514667510986
Sampling 186 with 6109724914103 - sampling time: 9.639059782028198
Sampling 187 with 62669095406653 - sampling time: 8.20533275604248
Sampling 188 with 45665690586118 - sampling time: 7.572151184082031
Sampling 189 with 74205008321826 - sampling time: 7.580966234207153
Sampling 190 with 17018686490621 - sampling time: 8.234137773513794
Sampling 191 with 73880417599012 - sampling time: 6.33481502532959
Sampling 192 with 94354222561992 - sampling time: 6.931905508041382
Sampling 193 with 27451908810751 - sampling time: 9.416561126708984
Sampling 194 with 10455608341154 - sampling time: 8.781198263168335
Sampling 195 with 61122639450364 - sampling time: 7.645347356796265
Sampling 196 with 20704685209809 - sampling time: 7.5184807777404785
Sampling 197 with 71824859541766 - sampling time: 6.567835330963135
Sampling 198 with 11449690864984 - sampling time: 8.261762142181396
Sampling 199 with 73622801778336 - sampling time: 6.253772735595703
Sampling 200 with 87842130078189 - sampling time: 6.455689430236816
Sampling 201 with 19854285413818 - sampling time: 7.565755128860474
Sampling 202 with 75969485081908 - sampling time: 8.45194387435913
Sampling 203 with 41625352910605 - sampling time: 9.579740524291992
Sampling 204 with 1923105073911 - sampling time: 8.174889087677002
Sampling 205 with 65128891763305 - sampling time: 8.16686487197876
Sampling 206 with 87216391587532 - sampling time: 8.43238639831543
Sampling 207 with 77471492255977 - sampling time: 8.123591899871826
Sampling 208 with 51514721404515 - sampling time: 8.456050157546997
Sampling 209 with 12762011897717 - sampling time: 10.129588842391968
Sampling 210 with 71038153459261 - sampling time: 8.804445028305054
Sampling 211 with 64034287598864 - sampling time: 7.523114442825317
Sampling 212 with 90022748059441 - sampling time: 7.505015134811401
Sampling 213 with 22977823866577 - sampling time: 9.417301654815674
Sampling 214 with 42559411538752 - sampling time: 7.545580863952637
Sampling 215 with 2898329365281 - sampling time: 8.164329767227173
Sampling 216 with 14682402222040 - sampling time: 10.06684398651123
Sampling 217 with 3374419591416 - sampling time: 8.797609329223633
Sampling 218 with 52202823254104 - sampling time: 8.24964451789856
Sampling 219 with 96483001804705 - sampling time: 6.871681451797485
Sampling 220 with 86391037940898 - sampling time: 8.926318407058716
Sampling 221 with 35144564036998 - sampling time: 8.789687395095825
Sampling 222 with 63013861503326 - sampling time: 7.519922494888306
Sampling 223 with 17620456011805 - sampling time: 9.474159479141235
Sampling 224 with 41193874094093 - sampling time: 8.283941745758057
Sampling 225 with 34520503608642 - sampling time: 8.986755847930908
Sampling 226 with 2109442862054 - sampling time: 9.682679176330566
Sampling 227 with 5047321057035 - sampling time: 10.650525093078613
Sampling 228 with 14839919115083 - sampling time: 8.274337768554688
Sampling 229 with 88036013059480 - sampling time: 8.206919431686401
Sampling 230 with 14537754923992 - sampling time: 9.62369966506958
Sampling 231 with 44357400274166 - sampling time: 7.542986154556274
Sampling 232 with 71707756112525 - sampling time: 6.9848878383636475
Sampling 233 with 16611488351144 - sampling time: 11.186612367630005
Sampling 234 with 68833083828196 - sampling time: 8.277172565460205
Sampling 235 with 13272098848083 - sampling time: 10.929943084716797
Sampling 236 with 70268028463569 - sampling time: 7.445340394973755
Sampling 237 with 5912196893092 - sampling time: 10.32825779914856
Sampling 238 with 72169280334152 - sampling time: 8.228153228759766
Sampling 239 with 90725886063978 - sampling time: 8.181923151016235
Sampling 240 with 75593605980474 - sampling time: 11.064225435256958
Sampling 241 with 41315524805668 - sampling time: 9.690337657928467
Sampling 242 with 44923401223442 - sampling time: 8.14846158027649
Sampling 243 with 52702885470428 - sampling time: 9.202791452407837
Sampling 244 with 19682067722117 - sampling time: 9.325446128845215
Sampling 245 with 73871517275509 - sampling time: 6.912940740585327
Sampling 246 with 60616476332406 - sampling time: 7.483726739883423
Sampling 247 with 63935657682890 - sampling time: 7.624479293823242
Sampling 248 with 83050065016994 - sampling time: 9.370021343231201
Sampling 249 with 25413254270673 - sampling time: 9.388132810592651
Sampling 250 with 46683996826975 - sampling time: 6.896613597869873
Sampling 251 with 19960169945487 - sampling time: 10.069360256195068
Sampling 252 with 56772593405767 - sampling time: 6.873875379562378
Sampling 253 with 61837830410901 - sampling time: 8.12412405014038
Sampling 254 with 440308044850 - sampling time: 8.333849906921387
Sampling 255 with 25843739914937 - sampling time: 8.855313539505005
Sampling 256 with 68519985521767 - sampling time: 6.343891382217407
Sampling 257 with 16706478400274 - sampling time: 9.431966066360474
Sampling 258 with 8749566234338 - sampling time: 8.78195333480835
Sampling 259 with 63739620059494 - sampling time: 8.789408683776855
Sampling 260 with 75670271717349 - sampling time: 8.180434465408325
Sampling 261 with 38075788512311 - sampling time: 7.559247255325317
Sampling 262 with 33040954873201 - sampling time: 8.785653114318848
Sampling 263 with 73243722086898 - sampling time: 7.6275794506073
Sampling 264 with 66049386736163 - sampling time: 7.515477895736694
Sampling 265 with 81894971777123 - sampling time: 7.093937158584595
Sampling 266 with 93955339495936 - sampling time: 7.559327840805054
Sampling 267 with 83406692435826 - sampling time: 7.523411989212036
Sampling 268 with 54874465406948 - sampling time: 7.595526218414307
Sampling 269 with 53908591580649 - sampling time: 6.906595945358276
Sampling 270 with 73690688516413 - sampling time: 6.893863677978516
Sampling 271 with 64995476131250 - sampling time: 7.636850833892822
Sampling 272 with 71423396287402 - sampling time: 8.802367448806763
Sampling 273 with 16868473207875 - sampling time: 8.177944660186768
Sampling 274 with 45020131864932 - sampling time: 7.598750591278076
Sampling 275 with 20990019243978 - sampling time: 9.437126874923706
Sampling 276 with 65170357067756 - sampling time: 8.782235860824585
Sampling 277 with 20949976592768 - sampling time: 7.560353517532349
Sampling 278 with 51367956951827 - sampling time: 8.760839939117432
Sampling 279 with 82341557115542 - sampling time: 6.259361028671265
Sampling 280 with 10608501124743 - sampling time: 10.724946022033691
Sampling 281 with 40332266110975 - sampling time: 9.633345603942871
Sampling 282 with 26925361275455 - sampling time: 8.92968463897705
Sampling 283 with 40344904510840 - sampling time: 9.561798810958862
Sampling 284 with 93758516215068 - sampling time: 8.938955545425415
Sampling 285 with 80850002886036 - sampling time: 8.203758001327515
Sampling 286 with 62590571475935 - sampling time: 9.52713918685913
Sampling 287 with 38163816364582 - sampling time: 8.298311948776245
Sampling 288 with 68377099912381 - sampling time: 8.776811838150024
Sampling 289 with 66840023380321 - sampling time: 9.764601230621338
Sampling 290 with 2697459100145 - sampling time: 10.146502256393433
Sampling 291 with 71587517807956 - sampling time: 8.365613222122192
Sampling 292 with 55470025828948 - sampling time: 7.121145963668823
Sampling 293 with 22011013103064 - sampling time: 10.944133996963501
Sampling 294 with 46482374542379 - sampling time: 9.65544867515564
Sampling 295 with 59793115039637 - sampling time: 8.379233360290527
Sampling 296 with 79451388485889 - sampling time: 8.911227226257324
Sampling 297 with 80059246040114 - sampling time: 8.244343519210815
Sampling 298 with 47926238061622 - sampling time: 8.193150520324707
Sampling 299 with 26652053096207 - sampling time: 8.824991464614868
Sampling 300 with 20835892065341 - sampling time: 10.428872346878052
Sampling 301 with 37712538238843 - sampling time: 9.359875917434692
Sampling 302 with 52643608938507 - sampling time: 7.56725287437439
Sampling 303 with 50401992594968 - sampling time: 8.215075731277466
Sampling 304 with 48555996053419 - sampling time: 6.898425817489624
Sampling 305 with 50510701550769 - sampling time: 7.5167882442474365
Sampling 306 with 42080072100134 - sampling time: 8.77735185623169
Sampling 307 with 12199983657266 - sampling time: 8.765586614608765
Sampling 308 with 4655870530274 - sampling time: 10.07469654083252
Sampling 309 with 28761703260968 - sampling time: 10.686443090438843
Sampling 310 with 23232933017912 - sampling time: 7.573608636856079
Sampling 311 with 70401369948318 - sampling time: 6.044684171676636
Sampling 312 with 49228664222389 - sampling time: 6.978194952011108
Sampling 313 with 46848718884467 - sampling time: 6.276132345199585
Sampling 314 with 78683600286119 - sampling time: 6.8967297077178955
Sampling 315 with 32014611745759 - sampling time: 9.413810729980469
Sampling 316 with 79779800280662 - sampling time: 6.9185004234313965
Sampling 317 with 764943133213 - sampling time: 8.87390422821045
Sampling 318 with 33182773702035 - sampling time: 8.765073299407959
Sampling 319 with 80247545258462 - sampling time: 10.101372718811035
Sampling 320 with 33374337636557 - sampling time: 7.616307258605957
Sampling 321 with 4070534150206 - sampling time: 8.784260511398315
Sampling 322 with 51517800619932 - sampling time: 9.408107280731201
Sampling 323 with 42709278335578 - sampling time: 10.177429437637329
Sampling 324 with 68209187648113 - sampling time: 6.924102783203125
Sampling 325 with 11475693621777 - sampling time: 9.479093074798584
Sampling 326 with 72769707401894 - sampling time: 6.256887435913086
Sampling 327 with 666987023333 - sampling time: 8.857490301132202
Sampling 328 with 66651789955639 - sampling time: 7.616634845733643
Sampling 329 with 56876299076967 - sampling time: 7.5090720653533936
Sampling 330 with 28555869016984 - sampling time: 9.455317258834839
Sampling 331 with 25409194097255 - sampling time: 6.961095094680786
Sampling 332 with 35022063257053 - sampling time: 6.982757329940796
Sampling 333 with 10723920602408 - sampling time: 10.665481567382812
Sampling 334 with 4135700933667 - sampling time: 8.80179476737976
Sampling 335 with 45363604794138 - sampling time: 7.517181158065796
Sampling 336 with 50214668348550 - sampling time: 6.3649187088012695
Sampling 337 with 96286207382893 - sampling time: 8.20557451248169
Sampling 338 with 5650630416680 - sampling time: 10.864349365234375
Sampling 339 with 62774450828609 - sampling time: 7.535743713378906
Sampling 340 with 76799136619211 - sampling time: 6.07010555267334
Sampling 341 with 16723117617615 - sampling time: 9.645189046859741
Sampling 342 with 22731783106362 - sampling time: 8.254610061645508
Sampling 343 with 23818344925649 - sampling time: 8.285512685775757
Sampling 344 with 74190860935103 - sampling time: 8.200093507766724
Sampling 345 with 41930908048388 - sampling time: 10.220899105072021
Sampling 346 with 68025462332351 - sampling time: 6.891297101974487
Sampling 347 with 3660396096981 - sampling time: 10.269676208496094
Sampling 348 with 24592571026001 - sampling time: 10.22821569442749
Sampling 349 with 56000611354372 - sampling time: 7.553234815597534
Sampling 350 with 74239943771603 - sampling time: 8.233883380889893
Sampling 351 with 31892431963006 - sampling time: 9.6954665184021
Sampling 352 with 51820953479954 - sampling time: 10.261611700057983
Sampling 353 with 71763384465665 - sampling time: 8.18632459640503
Sampling 354 with 92017008195369 - sampling time: 8.196281671524048
Sampling 355 with 19154340992004 - sampling time: 11.120198965072632
Sampling 356 with 23175617998908 - sampling time: 11.632497072219849
Sampling 357 with 84806428529312 - sampling time: 7.631442308425903
Sampling 358 with 89885339083337 - sampling time: 8.51195240020752
Sampling 359 with 46786763800826 - sampling time: 8.122596502304077
Sampling 360 with 70879612620528 - sampling time: 7.527130603790283
Sampling 361 with 11499708544248 - sampling time: 7.598832607269287
Sampling 362 with 14960102593774 - sampling time: 8.815856218338013
Sampling 363 with 33940982656200 - sampling time: 8.165428638458252
Sampling 364 with 56913435909035 - sampling time: 6.361729383468628
Sampling 365 with 28774900525209 - sampling time: 10.163741111755371
Sampling 366 with 38296198211696 - sampling time: 9.434039115905762
Sampling 367 with 40566610715590 - sampling time: 8.20364785194397
Sampling 368 with 67287669744736 - sampling time: 7.556508302688599
Sampling 369 with 62869341701783 - sampling time: 6.365590333938599
Sampling 370 with 13643713222820 - sampling time: 8.849517107009888
Sampling 371 with 66461027599311 - sampling time: 8.183612823486328
Sampling 372 with 13212673825043 - sampling time: 9.4049654006958
Sampling 373 with 82064117382928 - sampling time: 6.34132981300354
Sampling 374 with 21343252105860 - sampling time: 10.66166353225708
Sampling 375 with 93134899033337 - sampling time: 8.819154262542725
Sampling 376 with 41741467124339 - sampling time: 9.426038265228271
Sampling 377 with 11008148342489 - sampling time: 10.66650390625
Sampling 378 with 37787941645650 - sampling time: 8.910082578659058
Sampling 379 with 93919030571950 - sampling time: 7.5943169593811035
Sampling 380 with 19938953854955 - sampling time: 7.547308444976807
Sampling 381 with 94839292647666 - sampling time: 6.993354797363281
Sampling 382 with 84409718339595 - sampling time: 6.261910915374756
Sampling 383 with 91780444208312 - sampling time: 7.542582750320435
Sampling 384 with 95290700338390 - sampling time: 6.255414962768555
Sampling 385 with 57186187508273 - sampling time: 8.175630331039429
Sampling 386 with 84946756239239 - sampling time: 6.261585235595703
Sampling 387 with 50286560963138 - sampling time: 9.45684289932251
Sampling 388 with 50730492728337 - sampling time: 7.554023027420044
Sampling 389 with 89570189906670 - sampling time: 8.191864013671875
Sampling 390 with 56493610347003 - sampling time: 7.558991193771362
Sampling 391 with 11494331652350 - sampling time: 8.886844873428345
Sampling 392 with 48899925756411 - sampling time: 6.9925453662872314
Sampling 393 with 15762234703751 - sampling time: 8.182515859603882
Sampling 394 with 76125944391076 - sampling time: 8.15718936920166
Sampling 395 with 22995044707771 - sampling time: 7.835642337799072
Sampling 396 with 30837087133052 - sampling time: 8.944632291793823
Sampling 397 with 52591947539962 - sampling time: 9.090260028839111
Sampling 398 with 15312035508497 - sampling time: 10.317134618759155
Sampling 399 with 65027990117313 - sampling time: 8.100771188735962
Sampling 400 with 31128139907068 - sampling time: 10.86748218536377
Sampling 401 with 80952838880281 - sampling time: 6.154283285140991
Sampling 402 with 61099847543053 - sampling time: 8.320548057556152
Sampling 403 with 57833983466082 - sampling time: 8.431183576583862
Sampling 404 with 57408177157266 - sampling time: 8.345181226730347
Sampling 405 with 46016482653782 - sampling time: 10.682135581970215
Sampling 406 with 30365108460451 - sampling time: 8.968579530715942
Sampling 407 with 2278917738950 - sampling time: 10.993085384368896
Sampling 408 with 5624625262828 - sampling time: 10.337528467178345
Sampling 409 with 12058173098866 - sampling time: 11.06200098991394
Sampling 410 with 36024245753400 - sampling time: 10.665702104568481
Sampling 411 with 43000686125032 - sampling time: 8.208287000656128
Sampling 412 with 14503332258247 - sampling time: 9.75066876411438
Sampling 413 with 32148075156706 - sampling time: 8.211125373840332
Sampling 414 with 83469920452041 - sampling time: 6.923547744750977
Sampling 415 with 44958092811981 - sampling time: 10.215956687927246
Sampling 416 with 65215332754474 - sampling time: 8.839221715927124
Sampling 417 with 71720721272070 - sampling time: 7.703945875167847
Sampling 418 with 94141318151801 - sampling time: 7.620906829833984
Sampling 419 with 86814944057064 - sampling time: 8.137301206588745
Sampling 420 with 84859589374202 - sampling time: 8.826250076293945
Sampling 421 with 5057030206085 - sampling time: 10.134609699249268
Sampling 422 with 72069460465858 - sampling time: 7.557760953903198
Sampling 423 with 69074996093233 - sampling time: 7.588221073150635
Sampling 424 with 84569249069399 - sampling time: 7.246043682098389
Sampling 425 with 1100538855603 - sampling time: 9.1006920337677
Sampling 426 with 96754356598927 - sampling time: 6.930464029312134
Sampling 427 with 15999188692572 - sampling time: 8.907611846923828
Sampling 428 with 31969652900933 - sampling time: 9.477080345153809
Sampling 429 with 20550222441465 - sampling time: 8.171283960342407
Sampling 430 with 40431538093619 - sampling time: 7.610859155654907
Sampling 431 with 52547963253829 - sampling time: 7.54798436164856
Sampling 432 with 55125439955250 - sampling time: 6.9164979457855225
Sampling 433 with 89860159837728 - sampling time: 6.282642602920532
Sampling 434 with 5126289029463 - sampling time: 10.719423294067383
Sampling 435 with 56999392274326 - sampling time: 8.21198844909668
Sampling 436 with 27614536118310 - sampling time: 10.226717948913574
Sampling 437 with 13709916719349 - sampling time: 8.169738531112671
Sampling 438 with 20204270423157 - sampling time: 10.685537099838257
Sampling 439 with 81422927085888 - sampling time: 7.553084850311279
Sampling 440 with 85346923528757 - sampling time: 6.354961156845093
Sampling 441 with 48901425576274 - sampling time: 8.174906730651855
Sampling 442 with 57449148078753 - sampling time: 8.913879871368408
Sampling 443 with 13326246433434 - sampling time: 10.108457088470459
Sampling 444 with 84398640226580 - sampling time: 6.01140570640564
Sampling 445 with 84077976147432 - sampling time: 5.648551940917969
Sampling 446 with 28525144750465 - sampling time: 8.840242862701416
Sampling 447 with 22833681696089 - sampling time: 8.17332410812378
Sampling 448 with 97184557735784 - sampling time: 6.232050895690918
Sampling 449 with 79017877002369 - sampling time: 7.557362079620361
Sampling 450 with 30399606322007 - sampling time: 10.087310552597046
Sampling 451 with 43830601101332 - sampling time: 9.510493993759155
Sampling 452 with 659423848547 - sampling time: 10.23852252960205
Sampling 453 with 15958448979939 - sampling time: 8.154900789260864
Sampling 454 with 82516890265914 - sampling time: 6.175982236862183
Sampling 455 with 95984548942367 - sampling time: 7.474769115447998
Sampling 456 with 58904240994153 - sampling time: 8.3790123462677
Sampling 457 with 17024621305455 - sampling time: 9.686929702758789
Sampling 458 with 34290078129265 - sampling time: 8.98040223121643
Sampling 459 with 22613085056867 - sampling time: 9.89309310913086
Sampling 460 with 67949387388650 - sampling time: 6.897623538970947
Sampling 461 with 42522581989521 - sampling time: 7.121252059936523
Sampling 462 with 5656702946399 - sampling time: 10.919744729995728
Sampling 463 with 7088154270608 - sampling time: 10.22292947769165
Sampling 464 with 35174304246292 - sampling time: 8.822728395462036
Sampling 465 with 38722527793940 - sampling time: 11.924041986465454
Sampling 466 with 30980393335697 - sampling time: 8.158854484558105
Sampling 467 with 4416779097425 - sampling time: 10.976929187774658
Sampling 468 with 42920677968474 - sampling time: 10.897519826889038
Sampling 469 with 81546196752963 - sampling time: 6.11984395980835
Sampling 470 with 28894190772677 - sampling time: 11.735333919525146
Sampling 471 with 26269780423501 - sampling time: 8.826572895050049
Sampling 472 with 96203766492987 - sampling time: 6.236855745315552
Sampling 473 with 11102103738995 - sampling time: 9.486581802368164
Sampling 474 with 23960326546434 - sampling time: 10.083080768585205
Sampling 475 with 88711373452464 - sampling time: 7.537684679031372
Sampling 476 with 73465839560740 - sampling time: 6.895683526992798
Sampling 477 with 53529999633873 - sampling time: 7.575611114501953
Sampling 478 with 65691148881643 - sampling time: 8.16596794128418
Sampling 479 with 72679652526686 - sampling time: 6.319339752197266
Sampling 480 with 92428249724618 - sampling time: 7.035409927368164
Sampling 481 with 72702496001540 - sampling time: 6.948428153991699
Sampling 482 with 80867391084328 - sampling time: 5.766521215438843
Sampling 483 with 46985677657947 - sampling time: 8.939181089401245
Sampling 484 with 26719550953839 - sampling time: 10.06992220878601
Sampling 485 with 19045180490438 - sampling time: 7.533793210983276
Sampling 486 with 51954885298201 - sampling time: 6.920325756072998
Sampling 487 with 3074177174678 - sampling time: 9.536682367324829
Sampling 488 with 8616571402211 - sampling time: 9.479553461074829
Sampling 489 with 77425323102911 - sampling time: 7.664571046829224
Sampling 490 with 53696749405890 - sampling time: 6.301768064498901
Sampling 491 with 84940200952547 - sampling time: 8.93661642074585
Sampling 492 with 76643755089820 - sampling time: 7.646368741989136
Sampling 493 with 46067827748054 - sampling time: 7.591424226760864
Sampling 494 with 47809469779224 - sampling time: 6.447632789611816
Sampling 495 with 39911577651437 - sampling time: 8.801032066345215
Sampling 496 with 53453829309049 - sampling time: 9.470715284347534
Sampling 497 with 80503730588306 - sampling time: 6.252695560455322
Sampling 498 with 7721416512352 - sampling time: 8.863322973251343
Sampling 499 with 24644975433122 - sampling time: 7.520373344421387
Sampling 500 with 36331105974283 - sampling time: 8.171837329864502
Sampling 501 with 4189953752163 - sampling time: 8.200655221939087
Sampling 502 with 38703462736921 - sampling time: 9.41943883895874
Sampling 503 with 68131337909156 - sampling time: 6.960435628890991
Sampling 504 with 84878407713415 - sampling time: 8.144205570220947
Sampling 505 with 28114043693068 - sampling time: 9.813379764556885
Sampling 506 with 21249674585507 - sampling time: 8.898871660232544
Sampling 507 with 14137946088604 - sampling time: 9.088902711868286
Sampling 508 with 43128501521820 - sampling time: 8.218127965927124
Sampling 509 with 65653769570393 - sampling time: 9.005955696105957
Sampling 510 with 44680729555491 - sampling time: 9.551816463470459
Sampling 511 with 3280749659307 - sampling time: 8.23318600654602
Sampling 512 with 72248602072422 - sampling time: 8.831952810287476
Sampling 513 with 55265765617101 - sampling time: 8.964550256729126
Sampling 514 with 14915495028786 - sampling time: 9.095877408981323
Sampling 515 with 20897492989922 - sampling time: 9.487274646759033
Sampling 516 with 19162548768620 - sampling time: 9.45927119255066
Sampling 517 with 2160198777326 - sampling time: 7.6276466846466064
Sampling 518 with 69899234857584 - sampling time: 9.62889552116394
Sampling 519 with 40586192739410 - sampling time: 8.094957113265991
Sampling 520 with 25601349330384 - sampling time: 8.246817827224731
Sampling 521 with 5966785754312 - sampling time: 10.270306825637817
Sampling 522 with 44176717780972 - sampling time: 8.088510274887085
Sampling 523 with 7434554403657 - sampling time: 9.609057426452637
Sampling 524 with 37470263406970 - sampling time: 8.289493322372437
Sampling 525 with 88410885695138 - sampling time: 7.593122243881226
Sampling 526 with 76440832147852 - sampling time: 6.790309190750122
Sampling 527 with 70113423984321 - sampling time: 9.90822172164917
Sampling 528 with 22116910599596 - sampling time: 10.278317928314209
Sampling 529 with 78904618743757 - sampling time: 7.138554811477661
Sampling 530 with 18171475446654 - sampling time: 10.076356172561646
Sampling 531 with 59490581115086 - sampling time: 6.26986837387085
Sampling 532 with 22014028511166 - sampling time: 8.827653646469116
Sampling 533 with 34542323576350 - sampling time: 8.955470561981201
Sampling 534 with 37913645594339 - sampling time: 7.572930812835693
Sampling 535 with 87616880775038 - sampling time: 8.517405986785889
Sampling 536 with 49307980566476 - sampling time: 6.958653926849365
Sampling 537 with 46042756006654 - sampling time: 7.590914011001587
Sampling 538 with 91544013761302 - sampling time: 6.886277675628662
Sampling 539 with 51691476995969 - sampling time: 6.968812465667725
Sampling 540 with 76193068535322 - sampling time: 9.074432134628296
Sampling 541 with 62564281278297 - sampling time: 8.156825542449951
Sampling 542 with 41299734163223 - sampling time: 10.184412956237793
Sampling 543 with 20205135846646 - sampling time: 10.053122997283936
Sampling 544 with 59535765475018 - sampling time: 6.3592705726623535
Sampling 545 with 38793768174689 - sampling time: 8.218985080718994
Sampling 546 with 73589087085088 - sampling time: 8.202162981033325
Sampling 547 with 49363164537360 - sampling time: 7.511805295944214
Sampling 548 with 23600018197471 - sampling time: 8.253120422363281
Sampling 549 with 42074440199637 - sampling time: 7.578124284744263
Sampling 550 with 44450124294600 - sampling time: 7.6018664836883545
Sampling 551 with 60578047635235 - sampling time: 7.009538412094116
Sampling 552 with 25328970156237 - sampling time: 8.810948133468628
Sampling 553 with 74057585949182 - sampling time: 8.141141176223755
Sampling 554 with 28616391197471 - sampling time: 10.723976850509644
Sampling 555 with 3532219580249 - sampling time: 8.892636775970459
Sampling 556 with 20257128494542 - sampling time: 9.53226375579834
Sampling 557 with 60461043057359 - sampling time: 8.190799713134766
Sampling 558 with 26544255993122 - sampling time: 8.331363439559937
Sampling 559 with 39405355575375 - sampling time: 7.603182315826416
Sampling 560 with 37250594422502 - sampling time: 8.97031569480896
Sampling 561 with 3706579740899 - sampling time: 9.45316457748413
Sampling 562 with 61467639683363 - sampling time: 6.890154838562012
Sampling 563 with 43786799974210 - sampling time: 7.56401801109314
Sampling 564 with 78940858992908 - sampling time: 9.415403127670288
Sampling 565 with 55303291593211 - sampling time: 9.72621774673462
Sampling 566 with 2284400441567 - sampling time: 9.613223314285278
Sampling 567 with 79601849291888 - sampling time: 8.771675109863281
Sampling 568 with 93090306476305 - sampling time: 8.883429765701294
Sampling 569 with 74076968940297 - sampling time: 8.205764770507812
Sampling 570 with 79401689493288 - sampling time: 9.6288743019104
Sampling 571 with 60197925292937 - sampling time: 7.453232049942017
Sampling 572 with 37285870238599 - sampling time: 9.545326948165894
Sampling 573 with 35746415639851 - sampling time: 10.569735288619995
Sampling 574 with 71242808735139 - sampling time: 8.23601245880127
Sampling 575 with 75300970449254 - sampling time: 6.965305328369141
Sampling 576 with 83937029481446 - sampling time: 7.475028991699219
Sampling 577 with 81639253132126 - sampling time: 8.16295051574707
Sampling 578 with 773247756745 - sampling time: 9.8284912109375
Sampling 579 with 95176226775702 - sampling time: 6.189115524291992
Sampling 580 with 49285012273028 - sampling time: 8.093793630599976
Sampling 581 with 13171817036805 - sampling time: 10.412787199020386
Sampling 582 with 49665075906795 - sampling time: 10.89545226097107
Sampling 583 with 11879891759594 - sampling time: 9.757709264755249
Sampling 584 with 39097234121812 - sampling time: 10.313733339309692
Sampling 585 with 66442990219247 - sampling time: 10.472741603851318
Sampling 586 with 86307498604022 - sampling time: 6.28015398979187
Sampling 587 with 53639362704921 - sampling time: 8.126843929290771
Sampling 588 with 12129417390973 - sampling time: 8.207839250564575
Sampling 589 with 56137354780557 - sampling time: 8.858520269393921
Sampling 590 with 18490631126764 - sampling time: 8.846579790115356
Sampling 591 with 53604851068904 - sampling time: 8.117980480194092
Sampling 592 with 91449671056673 - sampling time: 9.500244140625
Sampling 593 with 34828248074929 - sampling time: 8.19668698310852
Sampling 594 with 8446569421219 - sampling time: 8.225236654281616
Sampling 595 with 28620255000846 - sampling time: 8.894959449768066
Sampling 596 with 26737992166978 - sampling time: 8.761768817901611
Sampling 597 with 19523185089786 - sampling time: 8.136127471923828
Sampling 598 with 42415177723072 - sampling time: 5.662858724594116
Sampling 599 with 12633730978824 - sampling time: 8.16763424873352
Sampling 600 with 20178718400915 - sampling time: 7.541715860366821
Sampling 601 with 3497798304252 - sampling time: 6.9175755977630615
Sampling 602 with 97016388810037 - sampling time: 6.860640048980713
Sampling 603 with 4635234475666 - sampling time: 9.514072179794312
Sampling 604 with 23426180428275 - sampling time: 8.836243629455566
Sampling 605 with 71648996008326 - sampling time: 8.340993881225586
Sampling 606 with 62945667942698 - sampling time: 6.307250022888184
Sampling 607 with 32209606652091 - sampling time: 8.215531587600708
Sampling 608 with 7920636510899 - sampling time: 8.8231360912323
Sampling 609 with 25525608530305 - sampling time: 8.818100690841675
Sampling 610 with 5212340084901 - sampling time: 8.916739702224731
Sampling 611 with 1729720040829 - sampling time: 8.78128433227539
Sampling 612 with 9726711585047 - sampling time: 9.402137756347656
Sampling 613 with 77726446824040 - sampling time: 6.979779958724976
Sampling 614 with 86825732031058 - sampling time: 6.920302629470825
Sampling 615 with 91194294983978 - sampling time: 8.266538619995117
Sampling 616 with 19929919164929 - sampling time: 10.0861177444458
Sampling 617 with 79698592024189 - sampling time: 9.484492063522339
Sampling 618 with 80863448549130 - sampling time: 6.89462685585022
Sampling 619 with 63722492021552 - sampling time: 7.91032600402832
Sampling 620 with 31039960527650 - sampling time: 9.453042984008789
Sampling 621 with 70842460431337 - sampling time: 9.62489628791809
Sampling 622 with 65842823655030 - sampling time: 8.141028642654419
Sampling 623 with 31192885824927 - sampling time: 8.930452346801758
Sampling 624 with 50059878338138 - sampling time: 7.6670613288879395
Sampling 625 with 29613860867237 - sampling time: 8.784646272659302
Sampling 626 with 68092820774624 - sampling time: 9.043767929077148
Sampling 627 with 9339555185377 - sampling time: 11.039798498153687
Sampling 628 with 28493024615474 - sampling time: 10.359395742416382
Sampling 629 with 87708401878181 - sampling time: 8.823813199996948
Sampling 630 with 22035312789536 - sampling time: 8.880527257919312
Sampling 631 with 23409916536673 - sampling time: 9.575616598129272
Sampling 632 with 96485331766535 - sampling time: 6.820618629455566
Sampling 633 with 94149376337226 - sampling time: 8.105851888656616
Sampling 634 with 32635835646583 - sampling time: 9.782896757125854
Sampling 635 with 30254506340463 - sampling time: 12.385358810424805
Sampling 636 with 28848621440662 - sampling time: 9.657951354980469
Sampling 637 with 54762620245033 - sampling time: 9.07380986213684
Sampling 638 with 62144373984041 - sampling time: 8.950027227401733
Sampling 639 with 82239969457365 - sampling time: 8.261636734008789
Sampling 640 with 288941323484 - sampling time: 10.85409164428711
Sampling 641 with 66060176320242 - sampling time: 8.450860023498535
Sampling 642 with 37798437162563 - sampling time: 8.26900315284729
Sampling 643 with 31019623224057 - sampling time: 8.809345483779907
Sampling 644 with 61217700187779 - sampling time: 7.5410237312316895
Sampling 645 with 28282477167385 - sampling time: 8.829106330871582
Sampling 646 with 72770381416468 - sampling time: 6.271890878677368
Sampling 647 with 96984073111071 - sampling time: 4.980510950088501
Sampling 648 with 63203776828390 - sampling time: 8.216308116912842
Sampling 649 with 9933375367616 - sampling time: 8.973436117172241
Sampling 650 with 53191558995788 - sampling time: 7.537495136260986
Sampling 651 with 33709110821543 - sampling time: 8.820021629333496
Sampling 652 with 89266085497667 - sampling time: 7.579326152801514
Sampling 653 with 85813501211585 - sampling time: 6.409351110458374
Sampling 654 with 65047767474565 - sampling time: 7.522793292999268
Sampling 655 with 44289919743027 - sampling time: 9.511098384857178
Sampling 656 with 57308250290686 - sampling time: 6.917670965194702
Sampling 657 with 57136540767679 - sampling time: 8.763461351394653
Sampling 658 with 28721965651851 - sampling time: 8.996241569519043
Sampling 659 with 94454015351533 - sampling time: 6.414555788040161
Sampling 660 with 33244762476943 - sampling time: 7.851491212844849
Sampling 661 with 27084655926666 - sampling time: 10.43337631225586
Sampling 662 with 82494498796240 - sampling time: 6.894495964050293
Sampling 663 with 11202938462565 - sampling time: 7.4068498611450195
Sampling 664 with 57357085373738 - sampling time: 6.542582273483276
Sampling 665 with 79206930809533 - sampling time: 8.521574020385742
Sampling 666 with 65055190598862 - sampling time: 8.471445560455322
Sampling 667 with 85391585257787 - sampling time: 7.718848705291748
Sampling 668 with 77262117537775 - sampling time: 8.324626922607422
Sampling 669 with 74043465525589 - sampling time: 5.732465744018555
Sampling 670 with 59495323277043 - sampling time: 5.75980544090271
Sampling 671 with 63597915799537 - sampling time: 8.935823917388916
Sampling 672 with 74268665081819 - sampling time: 6.416065216064453
Sampling 673 with 41398967941529 - sampling time: 6.426568031311035
Sampling 674 with 91784855383718 - sampling time: 9.612292289733887
Sampling 675 with 6383397422093 - sampling time: 8.338070154190063
Sampling 676 with 22522025257503 - sampling time: 8.3453950881958
Sampling 677 with 64741348794583 - sampling time: 6.7542033195495605
Sampling 678 with 56050215431020 - sampling time: 5.775242805480957
Sampling 679 with 17001582682739 - sampling time: 7.076404094696045
Sampling 680 with 26954725580841 - sampling time: 9.645805835723877
Sampling 681 with 9790129644407 - sampling time: 9.189156532287598
Sampling 682 with 96334177270982 - sampling time: 8.456994533538818
Sampling 683 with 3820815754407 - sampling time: 9.037351369857788
Sampling 684 with 33209003612984 - sampling time: 9.181078672409058
Sampling 685 with 35006543093408 - sampling time: 9.06902003288269
Sampling 686 with 48857596293023 - sampling time: 8.780569076538086
Sampling 687 with 17612599887405 - sampling time: 9.076437950134277
Sampling 688 with 5049924175106 - sampling time: 11.134535551071167
Sampling 689 with 67283542870755 - sampling time: 9.698739767074585
Sampling 690 with 44563549110655 - sampling time: 9.847490310668945
Sampling 691 with 16032127354273 - sampling time: 9.945224285125732
Sampling 692 with 22277472417617 - sampling time: 7.676143646240234
Sampling 693 with 57820887595570 - sampling time: 9.774987697601318
Sampling 694 with 95746208418296 - sampling time: 9.436704397201538
Sampling 695 with 72356738258657 - sampling time: 9.735796213150024
Sampling 696 with 65515534073693 - sampling time: 10.513643980026245
Sampling 697 with 70301480790548 - sampling time: 9.046869277954102
Sampling 698 with 16869784724099 - sampling time: 9.09149956703186
Sampling 699 with 37706023898660 - sampling time: 8.69315218925476
Sampling 700 with 41032979385912 - sampling time: 8.349503517150879
Sampling 701 with 84036531779938 - sampling time: 6.342768669128418
Sampling 702 with 70460613519120 - sampling time: 7.72041392326355
Sampling 703 with 66292477254803 - sampling time: 7.035073757171631
Sampling 704 with 63899651013911 - sampling time: 7.0969154834747314
Sampling 705 with 75085558476279 - sampling time: 5.1204681396484375
Sampling 706 with 75676196599375 - sampling time: 6.388651132583618
Sampling 707 with 34546499868031 - sampling time: 10.33167314529419
Sampling 708 with 84703684802649 - sampling time: 7.053719520568848
Sampling 709 with 67469692100025 - sampling time: 8.268502473831177
Sampling 710 with 58349488261117 - sampling time: 6.985259532928467
Sampling 711 with 97439254932132 - sampling time: 4.4211485385894775
Sampling 712 with 12094569832763 - sampling time: 9.635974645614624
Sampling 713 with 3560371756612 - sampling time: 10.24031662940979
Sampling 714 with 23508869570314 - sampling time: 7.145175933837891
Sampling 715 with 24349450995807 - sampling time: 9.608299016952515
Sampling 716 with 61309142791296 - sampling time: 6.382692813873291
Sampling 717 with 81957081365251 - sampling time: 7.005998849868774
Sampling 718 with 36361106895906 - sampling time: 8.404541015625
Sampling 719 with 52678571504464 - sampling time: 9.383962869644165
Sampling 720 with 83433020247921 - sampling time: 8.006173849105835
Sampling 721 with 35559206694913 - sampling time: 8.94506573677063
Sampling 722 with 43282733543832 - sampling time: 7.710422992706299
Sampling 723 with 19817065062720 - sampling time: 9.585084915161133
Sampling 724 with 36720016541321 - sampling time: 8.36190938949585
Sampling 725 with 55367483016470 - sampling time: 7.01995849609375
Sampling 726 with 62133593300124 - sampling time: 9.002937078475952
Sampling 727 with 64254165430519 - sampling time: 6.392601490020752
Sampling 728 with 26346760923211 - sampling time: 9.621989011764526
Sampling 729 with 35550853499418 - sampling time: 7.829187393188477
Sampling 730 with 96880757167589 - sampling time: 7.629981994628906
Sampling 731 with 18887501175212 - sampling time: 9.841744661331177
Sampling 732 with 36682779518459 - sampling time: 9.336293697357178
Sampling 733 with 37095367068267 - sampling time: 9.58418345451355
Sampling 734 with 92061755473929 - sampling time: 7.676692962646484
Sampling 735 with 18106863598008 - sampling time: 10.355631828308105
Sampling 736 with 12876893159560 - sampling time: 7.858985662460327
Sampling 737 with 36754643642516 - sampling time: 8.490962982177734
Sampling 738 with 32587694213543 - sampling time: 11.210699081420898
Sampling 739 with 55797471032650 - sampling time: 9.098386287689209
Sampling 740 with 14145870857072 - sampling time: 10.48678183555603
Sampling 741 with 56647505979746 - sampling time: 7.78093957901001
Sampling 742 with 52070042619168 - sampling time: 9.88878345489502
Sampling 743 with 4711800135928 - sampling time: 11.847495555877686
Sampling 744 with 56676896893138 - sampling time: 8.337018966674805
Sampling 745 with 11724261058611 - sampling time: 10.389309883117676
Sampling 746 with 91117911759304 - sampling time: 7.7912163734436035
Sampling 747 with 60040884401444 - sampling time: 6.990808486938477
Sampling 748 with 272030399786 - sampling time: 11.032782554626465
Sampling 749 with 68238172189774 - sampling time: 6.958542346954346
Sampling 750 with 79352321886491 - sampling time: 9.052388668060303
Sampling 751 with 47029530136965 - sampling time: 9.125619173049927
Sampling 752 with 21047349336369 - sampling time: 9.915545463562012
Sampling 753 with 23152783211598 - sampling time: 9.241620063781738
Sampling 754 with 28771890205080 - sampling time: 11.445405006408691
Sampling 755 with 18440325792351 - sampling time: 10.395498037338257
Sampling 756 with 65480579331284 - sampling time: 7.758030652999878
Sampling 757 with 78698883352575 - sampling time: 6.377730846405029
Sampling 758 with 64826612230390 - sampling time: 8.307491302490234
Sampling 759 with 37197962751967 - sampling time: 8.963016510009766
Sampling 760 with 15521780970074 - sampling time: 9.599619626998901
Sampling 761 with 7844702287094 - sampling time: 9.612430572509766
Sampling 762 with 14430709361664 - sampling time: 10.27434754371643
Sampling 763 with 15499430483831 - sampling time: 8.295380592346191
Sampling 764 with 19840438983223 - sampling time: 9.651226997375488
Sampling 765 with 27279203847251 - sampling time: 9.008241176605225
Sampling 766 with 33330168736432 - sampling time: 9.602736234664917
Sampling 767 with 84761461189755 - sampling time: 4.490587472915649
Sampling 768 with 73095214804339 - sampling time: 7.058006763458252
Sampling 769 with 84153956392444 - sampling time: 7.607730865478516
Sampling 770 with 42316914506132 - sampling time: 8.316893339157104
Sampling 771 with 22783161574441 - sampling time: 7.782731533050537
Sampling 772 with 31805902149222 - sampling time: 8.964507818222046
Sampling 773 with 36553804876147 - sampling time: 9.583413124084473
Sampling 774 with 31467107476115 - sampling time: 9.00348162651062
Sampling 775 with 65449296571165 - sampling time: 9.146925926208496
Sampling 776 with 31968870061367 - sampling time: 8.965267181396484
Sampling 777 with 12792200092834 - sampling time: 9.032696008682251
Sampling 778 with 19885880423756 - sampling time: 10.230077028274536
Sampling 779 with 42041654149737 - sampling time: 8.899773836135864
Sampling 780 with 20979190264945 - sampling time: 9.596544027328491
Sampling 781 with 80265919501311 - sampling time: 9.88214659690857
Sampling 782 with 35842397909496 - sampling time: 10.867869138717651
Sampling 783 with 23186489533362 - sampling time: 7.79079270362854
Sampling 784 with 36828701566247 - sampling time: 8.298149347305298
Sampling 785 with 45377606108782 - sampling time: 8.322293519973755
Sampling 786 with 920433809308 - sampling time: 6.999730110168457
Sampling 787 with 86869471706372 - sampling time: 5.708362817764282
Sampling 788 with 59465758871373 - sampling time: 7.020273208618164
Sampling 789 with 68898404038715 - sampling time: 8.324791669845581
Sampling 790 with 40238092622172 - sampling time: 10.338465929031372
Sampling 791 with 4127048703453 - sampling time: 10.308627367019653
Sampling 792 with 11579728038448 - sampling time: 9.111788749694824
Sampling 793 with 93392510274762 - sampling time: 9.898207187652588
Sampling 794 with 65480288405637 - sampling time: 7.57617974281311
Sampling 795 with 71157788095535 - sampling time: 8.555304765701294
Sampling 796 with 12387090091598 - sampling time: 9.928654670715332
Sampling 797 with 14367203102826 - sampling time: 9.86397910118103
Sampling 798 with 4250117463856 - sampling time: 9.120234489440918
Sampling 799 with 3388428416958 - sampling time: 8.444157600402832
Sampling 800 with 738118852914 - sampling time: 10.501421451568604
Sampling 801 with 65225738465691 - sampling time: 7.7178003787994385
Sampling 802 with 856932319523 - sampling time: 9.864135265350342
Sampling 803 with 26369408068587 - sampling time: 11.199119806289673
Sampling 804 with 52249414007241 - sampling time: 9.110147476196289
Sampling 805 with 79691909198866 - sampling time: 8.975740432739258
Sampling 806 with 84304632676377 - sampling time: 8.346853017807007
Sampling 807 with 51210483075027 - sampling time: 9.227919101715088
Sampling 808 with 82204770890651 - sampling time: 8.304852962493896
Sampling 809 with 40962972206119 - sampling time: 10.24350619316101
Sampling 810 with 95657217400038 - sampling time: 7.891350746154785
Sampling 811 with 33453996428852 - sampling time: 9.579109191894531
Sampling 812 with 78272775504922 - sampling time: 9.049233198165894
Sampling 813 with 52949762818471 - sampling time: 9.548596620559692
Sampling 814 with 57735830484119 - sampling time: 7.043762922286987
Sampling 815 with 70517281557333 - sampling time: 7.628449201583862
Sampling 816 with 80329554223068 - sampling time: 8.494337320327759
Sampling 817 with 68738722730110 - sampling time: 7.361039400100708
Sampling 818 with 22740404501157 - sampling time: 7.878080129623413
Sampling 819 with 46379541153038 - sampling time: 7.0735023021698
Sampling 820 with 67849858539568 - sampling time: 8.90665340423584
Sampling 821 with 57325388464788 - sampling time: 8.250116109848022
Sampling 822 with 30858340787471 - sampling time: 7.672260761260986
Sampling 823 with 19927576595993 - sampling time: 9.288519144058228
Sampling 824 with 23201335711199 - sampling time: 10.179405212402344
Sampling 825 with 44679760422353 - sampling time: 8.294731616973877
Sampling 826 with 46130602639216 - sampling time: 7.658862113952637
Sampling 827 with 19751339994078 - sampling time: 9.588202238082886
Sampling 828 with 21864877756382 - sampling time: 10.375155925750732
Sampling 829 with 88263014008346 - sampling time: 9.053228855133057
Sampling 830 with 63377771721707 - sampling time: 10.297040462493896
Sampling 831 with 88156524254205 - sampling time: 8.303534746170044
Sampling 832 with 22016966201248 - sampling time: 10.821599245071411
Sampling 833 with 70638777560842 - sampling time: 8.273979663848877
Sampling 834 with 1817511543053 - sampling time: 8.326016426086426
Sampling 835 with 71370201523629 - sampling time: 7.751307725906372
Sampling 836 with 21913364339066 - sampling time: 10.263674259185791
Sampling 837 with 33657037333249 - sampling time: 9.643217325210571
Sampling 838 with 70876395315609 - sampling time: 7.67940616607666
Sampling 839 with 23078290837631 - sampling time: 8.941523313522339
Sampling 840 with 96973515105837 - sampling time: 7.622943639755249
Sampling 841 with 46174821928270 - sampling time: 8.25619912147522
Sampling 842 with 44585916699398 - sampling time: 9.639317274093628
Sampling 843 with 36465230333772 - sampling time: 8.326952695846558
Sampling 844 with 61099186329382 - sampling time: 7.718111515045166
Sampling 845 with 46897007360896 - sampling time: 10.489320993423462
Sampling 846 with 32842141264333 - sampling time: 10.361776113510132
Sampling 847 with 15914449980396 - sampling time: 8.377725839614868
Sampling 848 with 12284601606583 - sampling time: 9.176106452941895
Sampling 849 with 66684358134520 - sampling time: 7.699706077575684
Sampling 850 with 47663064983839 - sampling time: 9.21217679977417
Sampling 851 with 61491544280391 - sampling time: 7.639161586761475
Sampling 852 with 50802140096573 - sampling time: 9.028773069381714
Sampling 853 with 46190480278275 - sampling time: 10.664136409759521
Sampling 854 with 48894244776517 - sampling time: 8.80080246925354
Sampling 855 with 26441733365751 - sampling time: 9.491800308227539
Sampling 856 with 85971189365310 - sampling time: 11.137669563293457
Sampling 857 with 20501365336663 - sampling time: 11.190322637557983
Sampling 858 with 76926643351072 - sampling time: 8.437052488327026
Sampling 859 with 439809076045 - sampling time: 11.35608983039856
Sampling 860 with 54265880319667 - sampling time: 9.178089141845703
Sampling 861 with 30332434953381 - sampling time: 10.84717345237732
Sampling 862 with 51546360293637 - sampling time: 7.716734886169434
Sampling 863 with 20052259900512 - sampling time: 9.070204734802246
Sampling 864 with 80379261777019 - sampling time: 6.077572822570801
Sampling 865 with 93898296017838 - sampling time: 7.02957010269165
Sampling 866 with 88185935002411 - sampling time: 7.670669794082642
Sampling 867 with 33131047691109 - sampling time: 10.833803653717041
Sampling 868 with 36240550711222 - sampling time: 8.405930757522583
Sampling 869 with 72300683027290 - sampling time: 6.495981454849243
Sampling 870 with 79988023421149 - sampling time: 8.898029565811157
Sampling 871 with 80929869492741 - sampling time: 5.771130561828613
Sampling 872 with 29608582006100 - sampling time: 10.82713794708252
Sampling 873 with 88022143622439 - sampling time: 7.643183708190918
Sampling 874 with 69148735641055 - sampling time: 7.721288442611694
Sampling 875 with 46092260555709 - sampling time: 6.457011938095093
Sampling 876 with 86506995560112 - sampling time: 8.292938232421875
Sampling 877 with 66328845752945 - sampling time: 7.6816534996032715
Sampling 878 with 24952493754580 - sampling time: 10.295311450958252
Sampling 879 with 85457786734466 - sampling time: 7.670350551605225
Sampling 880 with 97122867222789 - sampling time: 6.3834922313690186
Sampling 881 with 93858769928525 - sampling time: 9.54266357421875
Sampling 882 with 38162880893347 - sampling time: 7.712662696838379
Sampling 883 with 70281377704291 - sampling time: 9.562556982040405
Sampling 884 with 78382576841405 - sampling time: 8.906172275543213
Sampling 885 with 32299608451006 - sampling time: 11.073902368545532
Sampling 886 with 63115706751571 - sampling time: 9.02176308631897
Sampling 887 with 18590520439166 - sampling time: 8.962302923202515
Sampling 888 with 1319633930001 - sampling time: 8.336411476135254
Sampling 889 with 193723231169 - sampling time: 10.338508367538452
Sampling 890 with 89102444046160 - sampling time: 9.585566520690918
Sampling 891 with 76434388733210 - sampling time: 7.6777238845825195
Sampling 892 with 18699849545923 - sampling time: 8.318677425384521
Sampling 893 with 6288177222651 - sampling time: 8.559853792190552
Sampling 894 with 65615283679754 - sampling time: 8.975686311721802
Sampling 895 with 35846103397206 - sampling time: 8.934245824813843
Sampling 896 with 28827019039548 - sampling time: 8.943388938903809
Sampling 897 with 27267106393103 - sampling time: 9.017376899719238
Sampling 898 with 62153308423633 - sampling time: 6.42987847328186
Sampling 899 with 84813440128013 - sampling time: 5.203870534896851
Sampling 900 with 15581660893496 - sampling time: 9.74446439743042
Sampling 901 with 14669174495469 - sampling time: 8.34923005104065
Sampling 902 with 94850773223364 - sampling time: 8.414342641830444
Sampling 903 with 52882176551244 - sampling time: 8.412674188613892
Sampling 904 with 72026455991618 - sampling time: 9.04344367980957
Sampling 905 with 38043540488438 - sampling time: 9.184722423553467
Sampling 906 with 51897708634983 - sampling time: 8.351668119430542
Sampling 907 with 46638807163029 - sampling time: 9.122487783432007
Sampling 908 with 59193143170800 - sampling time: 7.868383884429932
Sampling 909 with 72777915374978 - sampling time: 9.156857013702393
Sampling 910 with 96778864335524 - sampling time: 7.8442933559417725
Sampling 911 with 63470041745138 - sampling time: 8.088759422302246
Sampling 912 with 59964128008554 - sampling time: 7.628929615020752
Sampling 913 with 14413268012233 - sampling time: 11.161213636398315
Sampling 914 with 74708191466095 - sampling time: 8.333409786224365
Sampling 915 with 26369509369382 - sampling time: 12.084148406982422
Sampling 916 with 46445152212542 - sampling time: 8.52970290184021
Sampling 917 with 20630175658564 - sampling time: 9.01658320426941
Sampling 918 with 15696555444595 - sampling time: 10.40052843093872
Sampling 919 with 60568440202435 - sampling time: 8.472915887832642
Sampling 920 with 20236239558772 - sampling time: 9.071009397506714
Sampling 921 with 61376171776756 - sampling time: 7.295079946517944
Sampling 922 with 72979504594701 - sampling time: 7.009761571884155
Sampling 923 with 37475316862279 - sampling time: 7.665125608444214
Sampling 924 with 64417840365172 - sampling time: 6.335236310958862
Sampling 925 with 69434192424703 - sampling time: 8.879082202911377
Sampling 926 with 12615097885740 - sampling time: 10.392019271850586
Sampling 927 with 56660141464760 - sampling time: 6.401876449584961
Sampling 928 with 21620838597591 - sampling time: 10.844281196594238
Sampling 929 with 58773161894648 - sampling time: 7.037182807922363
Sampling 930 with 91980590896740 - sampling time: 7.608742952346802
Sampling 931 with 9921104515564 - sampling time: 9.600802898406982
Sampling 932 with 10574028002267 - sampling time: 9.567700624465942
Sampling 933 with 77500402073954 - sampling time: 8.263208866119385
Sampling 934 with 87930639026864 - sampling time: 8.9710693359375
Sampling 935 with 86147111407319 - sampling time: 7.626850366592407
Sampling 936 with 62590653395372 - sampling time: 8.923848390579224
Sampling 937 with 2527122212603 - sampling time: 9.62466812133789
Sampling 938 with 25932318717650 - sampling time: 10.88924264907837
Sampling 939 with 52274940724758 - sampling time: 9.612078666687012
Sampling 940 with 3239922373026 - sampling time: 9.013242244720459
Sampling 941 with 21946276155105 - sampling time: 8.373435974121094
Sampling 942 with 42612132136532 - sampling time: 8.370448350906372
Sampling 943 with 20246020670645 - sampling time: 8.96797251701355
Sampling 944 with 56762004757597 - sampling time: 8.912017107009888
Sampling 945 with 89608697105118 - sampling time: 5.7413599491119385
Sampling 946 with 14979691074327 - sampling time: 7.735749006271362
Sampling 947 with 54654776463843 - sampling time: 7.6685850620269775
Sampling 948 with 74586583556398 - sampling time: 5.755108833312988
Sampling 949 with 30299629171600 - sampling time: 8.482865333557129
Sampling 950 with 42331802218119 - sampling time: 7.239755630493164
Sampling 951 with 8742396219171 - sampling time: 10.244595289230347
Sampling 952 with 2784866755031 - sampling time: 8.404581785202026
Sampling 953 with 80104367660145 - sampling time: 8.894794940948486
Sampling 954 with 73872021171032 - sampling time: 6.38746190071106
Sampling 955 with 39844703026639 - sampling time: 8.379878044128418
Sampling 956 with 5061175362586 - sampling time: 12.565485954284668
Sampling 957 with 20209074210572 - sampling time: 8.561939239501953
Sampling 958 with 95381192439702 - sampling time: 7.089278221130371
Sampling 959 with 36424552273284 - sampling time: 9.154030561447144
Sampling 960 with 17177103819078 - sampling time: 10.588250398635864
Sampling 961 with 50047749919910 - sampling time: 9.305144309997559
Sampling 962 with 28766833668363 - sampling time: 9.967415809631348
Sampling 963 with 32888862691905 - sampling time: 10.48298978805542
Sampling 964 with 23987309569149 - sampling time: 8.429982662200928
Sampling 965 with 10978096640746 - sampling time: 11.022866487503052
Sampling 966 with 14628602426420 - sampling time: 10.517588138580322
Sampling 967 with 21089388569158 - sampling time: 8.45967721939087
Sampling 968 with 9212149759145 - sampling time: 9.733933448791504
Sampling 969 with 52323883932325 - sampling time: 12.013839483261108
Sampling 970 with 5871691925574 - sampling time: 11.23667049407959
Sampling 971 with 61750317055428 - sampling time: 8.384370565414429
Sampling 972 with 89383592082696 - sampling time: 7.2911217212677
Sampling 973 with 85791900272559 - sampling time: 7.6584789752960205
Sampling 974 with 15175884901930 - sampling time: 10.366482973098755
Sampling 975 with 59668676405374 - sampling time: 8.000962257385254
Sampling 976 with 54122016555273 - sampling time: 8.898273944854736
Sampling 977 with 35889431228173 - sampling time: 8.310385704040527
Sampling 978 with 72869638857053 - sampling time: 8.26889967918396
Sampling 979 with 65703115959236 - sampling time: 7.609624147415161
Sampling 980 with 53622450571742 - sampling time: 7.687929630279541
Sampling 981 with 45119568063264 - sampling time: 7.619099855422974
Sampling 982 with 46900175769702 - sampling time: 9.580085277557373
Sampling 983 with 73805038372607 - sampling time: 6.954385042190552
Sampling 984 with 73570830997321 - sampling time: 6.982544183731079
Sampling 985 with 37447664092046 - sampling time: 9.084382057189941
Sampling 986 with 2514637457903 - sampling time: 8.351454257965088
Sampling 987 with 3902190400961 - sampling time: 8.977757215499878
Sampling 988 with 31288021572465 - sampling time: 8.372895240783691
Sampling 989 with 75765062985531 - sampling time: 8.400546312332153
Sampling 990 with 6064696631016 - sampling time: 8.285336256027222
Sampling 991 with 13508529935918 - sampling time: 8.351156949996948
Sampling 992 with 50983187111862 - sampling time: 7.020608901977539
Sampling 993 with 88994379011493 - sampling time: 9.581575393676758
Sampling 994 with 57962087571904 - sampling time: 8.503871202468872
Sampling 995 with 15205879316248 - sampling time: 9.590672731399536
Sampling 996 with 19441942616164 - sampling time: 10.259996891021729
Sampling 997 with 34860116125345 - sampling time: 9.553945541381836
Sampling 998 with 15774749738092 - sampling time: 8.290223836898804
Sampling 999 with 54530678787487 - sampling time: 7.621212005615234
--- total time: 8523.085932016373 seconds ---
Output samples created on:  /home/jeho-lab/git/t-wise/Data/Samples/Memory/Financial_2018_05_09_1000.samples
	Command being timed: "python3 ./Kclause_Smarch/Smarch/smarch.py -o /home/jeho-lab/git/t-wise/Data/Samples/Memory /home/jeho-lab/git/t-wise/Data/Financial_2018_05_09.dimacs 1000"
	User time (seconds): 7218.50
	System time (seconds): 1416.04
	Percent of CPU this job got: 101%
	Elapsed (wall clock) time (h:mm:ss or m:ss): 2:22:03
	Average shared text size (kbytes): 0
	Average unshared data size (kbytes): 0
	Average stack size (kbytes): 0
	Average total size (kbytes): 0
	Maximum resident set size (kbytes): 16884
	Average resident set size (kbytes): 0
	Major (requiring I/O) page faults: 0
	Minor (reclaiming a frame) page faults: 1106251079
	Voluntary context switches: 2789580
	Involuntary context switches: 143987
	Swaps: 0
	File system inputs: 0
	File system outputs: 125944944
	Socket messages sent: 0
	Socket messages received: 0
	Signals delivered: 0
	Page size (bytes): 4096
	Exit status: 0
