Input file:  /home/jeho-lab/git/t-wise/Data/Financial_2018_05_09.dimacs
Number of samples:  400
Output directory: /home/jeho-lab/git/t-wise/Data/Samples/Memory
Counting - Total configurations: 97451212554676
Sampling 0 with 35755071011928 - sampling time: 8.48283576965332
Sampling 1 with 30313729149638 - sampling time: 6.249195098876953
Sampling 2 with 22872341277246 - sampling time: 8.8592369556427
Sampling 3 with 20877431045578 - sampling time: 8.269034147262573
Sampling 4 with 85009390122862 - sampling time: 8.191238403320312
Sampling 5 with 64163991062611 - sampling time: 7.497312784194946
Sampling 6 with 23196633871232 - sampling time: 9.359734773635864
Sampling 7 with 66036518794158 - sampling time: 8.823319435119629
Sampling 8 with 63533251552180 - sampling time: 6.735271692276001
Sampling 9 with 7133201712482 - sampling time: 7.525295734405518
Sampling 10 with 17729073827098 - sampling time: 9.923600435256958
Sampling 11 with 13462227408624 - sampling time: 7.263808250427246
Sampling 12 with 71367407605103 - sampling time: 6.992152690887451
Sampling 13 with 59805079745573 - sampling time: 6.39569878578186
Sampling 14 with 11986289967248 - sampling time: 8.220877408981323
Sampling 15 with 1667128329028 - sampling time: 7.663980484008789
Sampling 16 with 35458868213688 - sampling time: 9.51043176651001
Sampling 17 with 69031948712820 - sampling time: 8.0482816696167
Sampling 18 with 64943696139524 - sampling time: 8.709696054458618
Sampling 19 with 24081933354620 - sampling time: 7.556329250335693
Sampling 20 with 65088111626597 - sampling time: 4.805583715438843
Sampling 21 with 56424110555203 - sampling time: 6.470062017440796
Sampling 22 with 43621142095754 - sampling time: 7.905509948730469
Sampling 23 with 21391487131029 - sampling time: 7.351512432098389
Sampling 24 with 90202101350781 - sampling time: 5.376162528991699
Sampling 25 with 42530356945507 - sampling time: 8.86375904083252
Sampling 26 with 10230132155744 - sampling time: 8.985136270523071
Sampling 27 with 1106342621088 - sampling time: 9.11149787902832
Sampling 28 with 53356203810728 - sampling time: 7.263622999191284
Sampling 29 with 35910159431002 - sampling time: 8.70709228515625
Sampling 30 with 71163347150700 - sampling time: 6.086081266403198
Sampling 31 with 6775652359384 - sampling time: 8.010523319244385
Sampling 32 with 54638255457134 - sampling time: 5.654006719589233
Sampling 33 with 70440143004048 - sampling time: 7.994506120681763
Sampling 34 with 4636443657375 - sampling time: 8.99123239517212
Sampling 35 with 84630263624570 - sampling time: 6.166353464126587
Sampling 36 with 15034689572609 - sampling time: 7.344324111938477
Sampling 37 with 67451773506338 - sampling time: 7.954698801040649
Sampling 38 with 93093193093719 - sampling time: 6.100217342376709
Sampling 39 with 75184826977190 - sampling time: 5.508937835693359
Sampling 40 with 12152839919766 - sampling time: 7.8869264125823975
Sampling 41 with 55098850279048 - sampling time: 5.656201601028442
Sampling 42 with 71165540517477 - sampling time: 6.729132175445557
Sampling 43 with 59313719895174 - sampling time: 6.178232669830322
Sampling 44 with 71331387289015 - sampling time: 7.240958213806152
Sampling 45 with 50032816238367 - sampling time: 6.765754699707031
Sampling 46 with 2237431505098 - sampling time: 6.69214391708374
Sampling 47 with 89324915912555 - sampling time: 8.354392766952515
Sampling 48 with 34874333843319 - sampling time: 7.8170976638793945
Sampling 49 with 14763437045862 - sampling time: 8.353118181228638
Sampling 50 with 19182608294534 - sampling time: 8.37824296951294
Sampling 51 with 36036180581776 - sampling time: 8.344668626785278
Sampling 52 with 26761232552574 - sampling time: 8.932571411132812
Sampling 53 with 25109928408855 - sampling time: 8.009709596633911
Sampling 54 with 67966322222765 - sampling time: 7.340335130691528
Sampling 55 with 28925149733146 - sampling time: 7.363279819488525
Sampling 56 with 22294553907663 - sampling time: 8.52936315536499
Sampling 57 with 97371300057495 - sampling time: 5.2752439975738525
Sampling 58 with 30452717751404 - sampling time: 8.369434833526611
Sampling 59 with 12813706916425 - sampling time: 7.389528274536133
Sampling 60 with 83811844506120 - sampling time: 6.228208541870117
Sampling 61 with 26917390336877 - sampling time: 10.199925661087036
Sampling 62 with 47877140348175 - sampling time: 6.692681074142456
Sampling 63 with 82748215423318 - sampling time: 5.548248052597046
Sampling 64 with 60802263082249 - sampling time: 6.41804838180542
Sampling 65 with 48477605962291 - sampling time: 6.6192169189453125
Sampling 66 with 75013570351837 - sampling time: 6.619005441665649
Sampling 67 with 32008895082430 - sampling time: 8.243578910827637
Sampling 68 with 81177069340886 - sampling time: 6.842123031616211
Sampling 69 with 49518685892098 - sampling time: 7.439946889877319
Sampling 70 with 49704611632256 - sampling time: 7.58087944984436
Sampling 71 with 81905713207545 - sampling time: 7.389121055603027
Sampling 72 with 17513379516959 - sampling time: 9.1576988697052
Sampling 73 with 86025461228686 - sampling time: 5.493402004241943
Sampling 74 with 13223758262637 - sampling time: 8.84387469291687
Sampling 75 with 58740722407208 - sampling time: 7.184388637542725
Sampling 76 with 75906450744836 - sampling time: 8.823863983154297
Sampling 77 with 28842915116983 - sampling time: 8.38242793083191
Sampling 78 with 45920360412621 - sampling time: 6.366785764694214
Sampling 79 with 3122830511650 - sampling time: 9.094295978546143
Sampling 80 with 73451840070945 - sampling time: 5.7876808643341064
Sampling 81 with 68960422450265 - sampling time: 5.991975545883179
Sampling 82 with 61367111307166 - sampling time: 6.498150587081909
Sampling 83 with 38775260926508 - sampling time: 8.50494933128357
Sampling 84 with 74179347843111 - sampling time: 7.66537880897522
Sampling 85 with 50468745141729 - sampling time: 8.411170482635498
Sampling 86 with 34741280361693 - sampling time: 9.721096754074097
Sampling 87 with 68518996838466 - sampling time: 8.26856017112732
Sampling 88 with 1604753568347 - sampling time: 9.007949590682983
Sampling 89 with 75757556064151 - sampling time: 7.915095090866089
Sampling 90 with 75521164980176 - sampling time: 4.9870240688323975
Sampling 91 with 34870984663936 - sampling time: 8.40432357788086
Sampling 92 with 46875888646965 - sampling time: 6.118307828903198
Sampling 93 with 55454564588063 - sampling time: 6.900537729263306
Sampling 94 with 71200364280281 - sampling time: 7.7139222621917725
Sampling 95 with 35430560951010 - sampling time: 6.814904689788818
Sampling 96 with 95956481632356 - sampling time: 5.054184198379517
Sampling 97 with 38634938393952 - sampling time: 7.998171091079712
Sampling 98 with 83344729011434 - sampling time: 7.282830715179443
Sampling 99 with 59715549496097 - sampling time: 6.179158449172974
Sampling 100 with 83855910650008 - sampling time: 6.107457399368286
Sampling 101 with 58996729913383 - sampling time: 6.805129051208496
Sampling 102 with 48318648531931 - sampling time: 6.661740064620972
Sampling 103 with 18201814929023 - sampling time: 8.274744033813477
Sampling 104 with 55495045630480 - sampling time: 7.2534191608428955
Sampling 105 with 38459211331211 - sampling time: 8.071820974349976
Sampling 106 with 29455943337151 - sampling time: 8.726720094680786
Sampling 107 with 70158009876359 - sampling time: 8.246181726455688
Sampling 108 with 62503866278722 - sampling time: 8.435218334197998
Sampling 109 with 88094839299537 - sampling time: 5.0473644733428955
Sampling 110 with 86428816847606 - sampling time: 6.734670639038086
Sampling 111 with 26822294705511 - sampling time: 8.419963836669922
Sampling 112 with 46797755372238 - sampling time: 7.791569709777832
Sampling 113 with 37816824945744 - sampling time: 7.011967897415161
Sampling 114 with 90526295968297 - sampling time: 6.677308082580566
Sampling 115 with 5105492680031 - sampling time: 8.993693351745605
Sampling 116 with 458493778002 - sampling time: 7.129987955093384
Sampling 117 with 62764395257396 - sampling time: 6.143911123275757
Sampling 118 with 12908919070605 - sampling time: 6.172160625457764
Sampling 119 with 85799396631445 - sampling time: 5.661095380783081
Sampling 120 with 72052721943156 - sampling time: 6.228673219680786
Sampling 121 with 41579882891654 - sampling time: 7.771764755249023
Sampling 122 with 19212586832810 - sampling time: 7.260953426361084
Sampling 123 with 58385880825914 - sampling time: 5.605050563812256
Sampling 124 with 6903445542943 - sampling time: 7.305553197860718
Sampling 125 with 33539063372783 - sampling time: 7.229586601257324
Sampling 126 with 85695784286534 - sampling time: 7.737027645111084
Sampling 127 with 13334598410874 - sampling time: 7.317135572433472
Sampling 128 with 25809599733174 - sampling time: 7.787791967391968
Sampling 129 with 49032365555672 - sampling time: 5.718698501586914
Sampling 130 with 20761990685889 - sampling time: 7.245767116546631
Sampling 131 with 46386817377059 - sampling time: 7.361586093902588
Sampling 132 with 60615954652586 - sampling time: 6.10944938659668
Sampling 133 with 48193672938212 - sampling time: 8.233409404754639
Sampling 134 with 28578970903390 - sampling time: 8.201151371002197
Sampling 135 with 25547843234474 - sampling time: 6.9686174392700195
Sampling 136 with 72851033319356 - sampling time: 6.4272778034210205
Sampling 137 with 68813009635979 - sampling time: 5.856283664703369
Sampling 138 with 58697955442248 - sampling time: 7.55176043510437
Sampling 139 with 55598727526491 - sampling time: 7.284225225448608
Sampling 140 with 41449256751498 - sampling time: 7.546001434326172
Sampling 141 with 91000213231717 - sampling time: 7.026640176773071
Sampling 142 with 39480391927690 - sampling time: 7.717941999435425
Sampling 143 with 5227737217875 - sampling time: 9.149198055267334
Sampling 144 with 93184842905534 - sampling time: 7.482930660247803
Sampling 145 with 4126233302427 - sampling time: 10.067080974578857
Sampling 146 with 96233897402299 - sampling time: 6.0208001136779785
Sampling 147 with 61435862256740 - sampling time: 6.621744632720947
Sampling 148 with 90817428608406 - sampling time: 8.021026372909546
Sampling 149 with 50165996126447 - sampling time: 8.959322214126587
Sampling 150 with 35799120763864 - sampling time: 8.288984060287476
Sampling 151 with 27995751306407 - sampling time: 8.112726926803589
Sampling 152 with 896591342035 - sampling time: 8.635793447494507
Sampling 153 with 95743265805730 - sampling time: 6.304908037185669
Sampling 154 with 18372452316763 - sampling time: 8.585105180740356
Sampling 155 with 84379202759123 - sampling time: 6.227205991744995
Sampling 156 with 3854762156234 - sampling time: 10.200517416000366
Sampling 157 with 54916006243217 - sampling time: 7.326387166976929
Sampling 158 with 33301463840621 - sampling time: 7.931650638580322
Sampling 159 with 3545183486789 - sampling time: 7.76973032951355
Sampling 160 with 69822581207504 - sampling time: 7.8728392124176025
Sampling 161 with 37760043342861 - sampling time: 7.898549795150757
Sampling 162 with 74881252937468 - sampling time: 7.201260089874268
Sampling 163 with 13853652054945 - sampling time: 8.83824372291565
Sampling 164 with 38484461653948 - sampling time: 6.898874759674072
Sampling 165 with 12177141205631 - sampling time: 7.590034246444702
Sampling 166 with 47455160947386 - sampling time: 7.697429418563843
Sampling 167 with 72263305473285 - sampling time: 6.169159173965454
Sampling 168 with 20364433096375 - sampling time: 7.188385009765625
Sampling 169 with 93580135370507 - sampling time: 6.470046281814575
Sampling 170 with 64232559090043 - sampling time: 7.714991092681885
Sampling 171 with 54177689825523 - sampling time: 7.361584424972534
Sampling 172 with 262529449363 - sampling time: 7.780951976776123
Sampling 173 with 88976575702908 - sampling time: 6.2159340381622314
Sampling 174 with 90336677673801 - sampling time: 6.132980585098267
Sampling 175 with 48444459541175 - sampling time: 7.322037696838379
Sampling 176 with 37049580601779 - sampling time: 7.472618579864502
Sampling 177 with 27425767279794 - sampling time: 8.899158954620361
Sampling 178 with 48533860684953 - sampling time: 6.845231294631958
Sampling 179 with 95419220849107 - sampling time: 5.571912050247192
Sampling 180 with 49364037312554 - sampling time: 5.853599786758423
Sampling 181 with 58707941978315 - sampling time: 6.173328399658203
Sampling 182 with 47982361154275 - sampling time: 6.745799541473389
Sampling 183 with 26597319186159 - sampling time: 7.1935975551605225
Sampling 184 with 71637680697098 - sampling time: 7.423922538757324
Sampling 185 with 55853758181282 - sampling time: 6.737439870834351
Sampling 186 with 47627724430099 - sampling time: 7.271345138549805
Sampling 187 with 585099444331 - sampling time: 6.222330570220947
Sampling 188 with 43415009139702 - sampling time: 8.291395664215088
Sampling 189 with 19712304364326 - sampling time: 9.198136806488037
Sampling 190 with 48664233194642 - sampling time: 6.520116567611694
Sampling 191 with 75474977617913 - sampling time: 6.14234185218811
Sampling 192 with 78003230168098 - sampling time: 6.6546642780303955
Sampling 193 with 5919241035313 - sampling time: 8.156131505966187
Sampling 194 with 40656665308802 - sampling time: 7.225465536117554
Sampling 195 with 85838742989293 - sampling time: 4.470065593719482
Sampling 196 with 61647036682144 - sampling time: 5.614032030105591
Sampling 197 with 43567985768255 - sampling time: 7.961472034454346
Sampling 198 with 6037719002459 - sampling time: 7.340746879577637
Sampling 199 with 77127409353552 - sampling time: 6.237898111343384
Sampling 200 with 76047137891436 - sampling time: 7.45137882232666
Sampling 201 with 68184447734437 - sampling time: 6.753907203674316
Sampling 202 with 23249449006337 - sampling time: 7.557197570800781
Sampling 203 with 29406772223590 - sampling time: 8.31136441230774
Sampling 204 with 74065934212633 - sampling time: 5.820258378982544
Sampling 205 with 87810524079985 - sampling time: 9.009150266647339
Sampling 206 with 76331141866849 - sampling time: 6.231004953384399
Sampling 207 with 74731171830527 - sampling time: 6.4376466274261475
Sampling 208 with 9861288959773 - sampling time: 7.4554102420806885
Sampling 209 with 17417139342744 - sampling time: 9.068430423736572
Sampling 210 with 10646860213654 - sampling time: 7.701100587844849
Sampling 211 with 38839272419195 - sampling time: 8.678735971450806
Sampling 212 with 4886548698912 - sampling time: 8.515705347061157
Sampling 213 with 38517277145786 - sampling time: 8.30453109741211
Sampling 214 with 27921016072958 - sampling time: 8.548375129699707
Sampling 215 with 65149312728749 - sampling time: 6.926568508148193
Sampling 216 with 76146626283082 - sampling time: 7.433179616928101
Sampling 217 with 91405426194984 - sampling time: 7.536772727966309
Sampling 218 with 32440506502443 - sampling time: 8.708199262619019
Sampling 219 with 21041104334388 - sampling time: 8.761430740356445
Sampling 220 with 67683983424951 - sampling time: 7.554903984069824
Sampling 221 with 97071700000591 - sampling time: 3.8921802043914795
Sampling 222 with 49229399413540 - sampling time: 6.256253004074097
Sampling 223 with 28244919288119 - sampling time: 10.005372285842896
Sampling 224 with 60938083681168 - sampling time: 6.716844797134399
Sampling 225 with 37699720482871 - sampling time: 6.271056413650513
Sampling 226 with 65216371298680 - sampling time: 6.219252347946167
Sampling 227 with 16833157547116 - sampling time: 7.948686122894287
Sampling 228 with 40226327379985 - sampling time: 7.3111724853515625
Sampling 229 with 44467250916670 - sampling time: 5.159703254699707
Sampling 230 with 51939344639315 - sampling time: 6.65215277671814
Sampling 231 with 90780915855330 - sampling time: 7.21712327003479
Sampling 232 with 74089617964187 - sampling time: 6.512045860290527
Sampling 233 with 78752378646285 - sampling time: 7.835191011428833
Sampling 234 with 84268166351305 - sampling time: 5.050951242446899
Sampling 235 with 11392169956697 - sampling time: 7.828815698623657
Sampling 236 with 67253524596657 - sampling time: 6.136645317077637
Sampling 237 with 17315015329009 - sampling time: 7.192375659942627
Sampling 238 with 32939770087455 - sampling time: 7.7847816944122314
Sampling 239 with 77313218691264 - sampling time: 6.108968019485474
Sampling 240 with 54751788099700 - sampling time: 7.905735015869141
Sampling 241 with 83445819753149 - sampling time: 6.047542333602905
Sampling 242 with 56665937585157 - sampling time: 6.676152944564819
Sampling 243 with 96709821547827 - sampling time: 5.695590972900391
Sampling 244 with 71255252312367 - sampling time: 6.250175952911377
Sampling 245 with 24747760485679 - sampling time: 6.355740308761597
Sampling 246 with 75586268718647 - sampling time: 7.729351282119751
Sampling 247 with 74721247921060 - sampling time: 5.032103061676025
Sampling 248 with 40965112414357 - sampling time: 7.7320168018341064
Sampling 249 with 6438630219920 - sampling time: 7.2844977378845215
Sampling 250 with 79834294202703 - sampling time: 6.781888961791992
Sampling 251 with 44674458755233 - sampling time: 5.5975847244262695
Sampling 252 with 52943482837320 - sampling time: 6.656839609146118
Sampling 253 with 64832187752878 - sampling time: 8.416110038757324
Sampling 254 with 75119933317001 - sampling time: 5.586073637008667
Sampling 255 with 39193517934465 - sampling time: 8.315822124481201
Sampling 256 with 72426861142156 - sampling time: 7.439123868942261
Sampling 257 with 77091896604774 - sampling time: 6.767106294631958
Sampling 258 with 35955991930549 - sampling time: 8.047358512878418
Sampling 259 with 49347860034554 - sampling time: 6.0939695835113525
Sampling 260 with 34616200658538 - sampling time: 7.546088218688965
Sampling 261 with 77310171850046 - sampling time: 8.331692934036255
Sampling 262 with 91692560019418 - sampling time: 5.703529596328735
Sampling 263 with 50394578429553 - sampling time: 7.833495140075684
Sampling 264 with 57663361786653 - sampling time: 8.54726243019104
Sampling 265 with 49409080975490 - sampling time: 6.860713481903076
Sampling 266 with 13652276950808 - sampling time: 9.339300155639648
Sampling 267 with 64050684023060 - sampling time: 7.063015937805176
Sampling 268 with 79187576394399 - sampling time: 7.913975954055786
Sampling 269 with 2723756164402 - sampling time: 7.057037353515625
Sampling 270 with 6358592829720 - sampling time: 8.842825889587402
Sampling 271 with 55639564844879 - sampling time: 7.984347105026245
Sampling 272 with 55933388342305 - sampling time: 8.125186443328857
Sampling 273 with 68978445992331 - sampling time: 6.170881748199463
Sampling 274 with 8232783988368 - sampling time: 9.335578918457031
Sampling 275 with 10962365946905 - sampling time: 6.9003260135650635
Sampling 276 with 66993064177861 - sampling time: 7.202697515487671
Sampling 277 with 65508250417623 - sampling time: 7.4231908321380615
Sampling 278 with 19875149242371 - sampling time: 8.777920722961426
Sampling 279 with 31818330569381 - sampling time: 6.823350429534912
Sampling 280 with 37047874114014 - sampling time: 6.999876499176025
Sampling 281 with 13353770717235 - sampling time: 7.530422687530518
Sampling 282 with 66040111257782 - sampling time: 7.665753602981567
Sampling 283 with 79773950550197 - sampling time: 5.767458438873291
Sampling 284 with 28298913152328 - sampling time: 9.749945878982544
Sampling 285 with 93343184470871 - sampling time: 8.016719341278076
Sampling 286 with 88669640303628 - sampling time: 8.110518455505371
Sampling 287 with 79174398276323 - sampling time: 5.733468532562256
Sampling 288 with 37243218684075 - sampling time: 7.247358798980713
Sampling 289 with 54738373264766 - sampling time: 6.285810947418213
Sampling 290 with 75709658870915 - sampling time: 6.108617305755615
Sampling 291 with 67301777759753 - sampling time: 7.838205337524414
Sampling 292 with 34695802751333 - sampling time: 7.339331865310669
Sampling 293 with 7365066533897 - sampling time: 9.473199844360352
Sampling 294 with 85781027267269 - sampling time: 7.8466477394104
Sampling 295 with 65900661824412 - sampling time: 6.824156284332275
Sampling 296 with 94550866901897 - sampling time: 7.3835768699646
Sampling 297 with 39131042828786 - sampling time: 6.640721321105957
Sampling 298 with 75318601972580 - sampling time: 5.574728727340698
Sampling 299 with 64588550923818 - sampling time: 6.831411838531494
Sampling 300 with 68267352039199 - sampling time: 8.46043872833252
Sampling 301 with 32078986369412 - sampling time: 8.291521787643433
Sampling 302 with 42641692711572 - sampling time: 7.183655738830566
Sampling 303 with 79688523878171 - sampling time: 6.251086711883545
Sampling 304 with 89980081335065 - sampling time: 6.655651569366455
Sampling 305 with 10085626552793 - sampling time: 9.059669017791748
Sampling 306 with 96683074002270 - sampling time: 5.023160696029663
Sampling 307 with 94552199390875 - sampling time: 7.6552958488464355
Sampling 308 with 70578984905839 - sampling time: 7.765963792800903
Sampling 309 with 15555752198484 - sampling time: 6.966661691665649
Sampling 310 with 68030265350038 - sampling time: 6.069148302078247
Sampling 311 with 96031400144899 - sampling time: 5.119751453399658
Sampling 312 with 5871315370062 - sampling time: 8.938798666000366
Sampling 313 with 61786387695787 - sampling time: 5.819814443588257
Sampling 314 with 61025686486790 - sampling time: 7.349468469619751
Sampling 315 with 81578100402738 - sampling time: 6.0848917961120605
Sampling 316 with 48381575863873 - sampling time: 6.847401142120361
Sampling 317 with 45628275989066 - sampling time: 7.22757887840271
Sampling 318 with 41131496225234 - sampling time: 8.415826320648193
Sampling 319 with 53943069338599 - sampling time: 7.290584564208984
Sampling 320 with 16491620353778 - sampling time: 7.682583332061768
Sampling 321 with 65600392335133 - sampling time: 6.715101003646851
Sampling 322 with 86191681888429 - sampling time: 7.915740728378296
Sampling 323 with 85459743638441 - sampling time: 7.256465196609497
Sampling 324 with 28536946554679 - sampling time: 8.500529289245605
Sampling 325 with 44196978100585 - sampling time: 7.335946559906006
Sampling 326 with 16424256655561 - sampling time: 7.324115753173828
Sampling 327 with 11511685125953 - sampling time: 8.49404001235962
Sampling 328 with 9212346023882 - sampling time: 7.3353612422943115
Sampling 329 with 13555596395390 - sampling time: 8.621068000793457
Sampling 330 with 31300937557229 - sampling time: 7.950985908508301
Sampling 331 with 56281189463801 - sampling time: 8.795302152633667
Sampling 332 with 60840900985145 - sampling time: 5.976042985916138
Sampling 333 with 43626204983174 - sampling time: 7.720163106918335
Sampling 334 with 5312321234558 - sampling time: 9.646622657775879
Sampling 335 with 26231676229296 - sampling time: 8.700845718383789
Sampling 336 with 83191328964066 - sampling time: 6.740796089172363
Sampling 337 with 54874771694441 - sampling time: 8.756532669067383
Sampling 338 with 51790566879009 - sampling time: 8.103730201721191
Sampling 339 with 8406312787300 - sampling time: 7.992311239242554
Sampling 340 with 31186849047830 - sampling time: 7.4305548667907715
Sampling 341 with 82692467932528 - sampling time: 6.172868013381958
Sampling 342 with 66089455375905 - sampling time: 5.785670042037964
Sampling 343 with 74222094445199 - sampling time: 7.733192682266235
Sampling 344 with 16824832467741 - sampling time: 7.300809621810913
Sampling 345 with 79861570623603 - sampling time: 5.800732612609863
Sampling 346 with 58502299130162 - sampling time: 7.409061670303345
Sampling 347 with 63002416464157 - sampling time: 8.237164735794067
Sampling 348 with 91134640678071 - sampling time: 6.879339218139648
Sampling 349 with 40674611209873 - sampling time: 7.450154781341553
Sampling 350 with 31104861230636 - sampling time: 8.264776945114136
Sampling 351 with 91085613662044 - sampling time: 8.096803188323975
Sampling 352 with 33870478268768 - sampling time: 8.687680959701538
Sampling 353 with 58583365128459 - sampling time: 5.0797905921936035
Sampling 354 with 87522432729520 - sampling time: 5.693392276763916
Sampling 355 with 78509464429267 - sampling time: 5.612601041793823
Sampling 356 with 389538653037 - sampling time: 8.005319118499756
Sampling 357 with 28705349392166 - sampling time: 8.596713066101074
Sampling 358 with 96825549147557 - sampling time: 3.9133737087249756
Sampling 359 with 33496968998244 - sampling time: 9.462310791015625
Sampling 360 with 75075749121684 - sampling time: 5.120065212249756
Sampling 361 with 10490288366457 - sampling time: 8.572156190872192
Sampling 362 with 80984076729362 - sampling time: 8.298405408859253
Sampling 363 with 34265074335009 - sampling time: 9.133974075317383
Sampling 364 with 20245264609638 - sampling time: 7.84792160987854
Sampling 365 with 44135077929009 - sampling time: 7.301792621612549
Sampling 366 with 32064621256800 - sampling time: 8.896240234375
Sampling 367 with 4539509950368 - sampling time: 8.721816301345825
Sampling 368 with 8548003853641 - sampling time: 9.4447021484375
Sampling 369 with 15172252570458 - sampling time: 9.018784761428833
Sampling 370 with 7555214196601 - sampling time: 8.077770233154297
Sampling 371 with 6951900480474 - sampling time: 9.021165609359741
Sampling 372 with 56953752658599 - sampling time: 6.790128946304321
Sampling 373 with 69138891148226 - sampling time: 7.2574143409729
Sampling 374 with 24125945224861 - sampling time: 9.294055461883545
Sampling 375 with 25144158223123 - sampling time: 7.245377540588379
Sampling 376 with 30702560212682 - sampling time: 7.8590569496154785
Sampling 377 with 52386376010401 - sampling time: 7.680463552474976
Sampling 378 with 43986108876316 - sampling time: 6.221043586730957
Sampling 379 with 37188478733530 - sampling time: 6.836551904678345
Sampling 380 with 95159875996076 - sampling time: 6.201367616653442
Sampling 381 with 55836129997511 - sampling time: 6.20562744140625
Sampling 382 with 75402580584297 - sampling time: 5.725155591964722
Sampling 383 with 87136856066802 - sampling time: 5.6521077156066895
Sampling 384 with 31259093759040 - sampling time: 6.691656589508057
Sampling 385 with 80621968157512 - sampling time: 6.225284099578857
Sampling 386 with 85599588765701 - sampling time: 6.6181254386901855
Sampling 387 with 2378342038365 - sampling time: 7.908692836761475
Sampling 388 with 80501160790268 - sampling time: 5.570745229721069
Sampling 389 with 48186903817385 - sampling time: 6.676891326904297
Sampling 390 with 72992221793156 - sampling time: 6.774399757385254
Sampling 391 with 92702740936359 - sampling time: 6.3142149448394775
Sampling 392 with 34364034290391 - sampling time: 8.063366651535034
Sampling 393 with 56136293857170 - sampling time: 8.408523082733154
Sampling 394 with 94812607014752 - sampling time: 5.741841554641724
Sampling 395 with 34857622299376 - sampling time: 9.229364395141602
Sampling 396 with 27227778859913 - sampling time: 5.702432632446289
Sampling 397 with 51763108600624 - sampling time: 8.469409942626953
Sampling 398 with 96023400141996 - sampling time: 5.824496746063232
Sampling 399 with 76101349169414 - sampling time: 9.089475870132446
--- total time: 2938.4872946739197 seconds ---
Output samples created on:  /home/jeho-lab/git/t-wise/Data/Samples/Memory/Financial_2018_05_09_400.samples
	Command being timed: "python3 ./Kclause_Smarch/Smarch/smarch.py -o /home/jeho-lab/git/t-wise/Data/Samples/Memory /home/jeho-lab/git/t-wise/Data/Financial_2018_05_09.dimacs 400"
	User time (seconds): 2444.86
	System time (seconds): 534.27
	Percent of CPU this job got: 101%
	Elapsed (wall clock) time (h:mm:ss or m:ss): 48:59.17
	Average shared text size (kbytes): 0
	Average unshared data size (kbytes): 0
	Average stack size (kbytes): 0
	Average total size (kbytes): 0
	Maximum resident set size (kbytes): 16984
	Average resident set size (kbytes): 0
	Major (requiring I/O) page faults: 7
	Minor (reclaiming a frame) page faults: 440625677
	Voluntary context switches: 1100518
	Involuntary context switches: 38544
	Swaps: 0
	File system inputs: 584
	File system outputs: 49722984
	Socket messages sent: 0
	Socket messages received: 0
	Signals delivered: 0
	Page size (bytes): 4096
	Exit status: 0
