Input file:  /home/jeho-lab/git/t-wise/Data/Financial_2018_05_09.dimacs
Number of samples:  300
Output directory: /home/jeho-lab/git/t-wise/Data/Samples/Memory
Counting - Total configurations: 97451212554676
Sampling 0 with 54885926688801 - sampling time: 8.024086952209473
Sampling 1 with 94304832667096 - sampling time: 7.569470405578613
Sampling 2 with 50755552191460 - sampling time: 6.765340566635132
Sampling 3 with 46374796828664 - sampling time: 6.9396443367004395
Sampling 4 with 41818579850261 - sampling time: 7.761943578720093
Sampling 5 with 32272788029961 - sampling time: 8.932653427124023
Sampling 6 with 76915262136842 - sampling time: 6.8165788650512695
Sampling 7 with 53141977103282 - sampling time: 8.480144500732422
Sampling 8 with 37787907268538 - sampling time: 7.230746269226074
Sampling 9 with 25307617706714 - sampling time: 7.912309169769287
Sampling 10 with 40740676325414 - sampling time: 6.80918288230896
Sampling 11 with 4250609713117 - sampling time: 8.552381038665771
Sampling 12 with 22220061274007 - sampling time: 6.89862585067749
Sampling 13 with 81349726206508 - sampling time: 6.548927068710327
Sampling 14 with 29854651881977 - sampling time: 6.778659820556641
Sampling 15 with 27898353725548 - sampling time: 7.43743896484375
Sampling 16 with 69661316151725 - sampling time: 6.154826879501343
Sampling 17 with 30749121318096 - sampling time: 7.946563005447388
Sampling 18 with 2935375948052 - sampling time: 9.088741779327393
Sampling 19 with 35803650556405 - sampling time: 8.972320556640625
Sampling 20 with 62138789162200 - sampling time: 7.474958181381226
Sampling 21 with 89028043034753 - sampling time: 7.204308032989502
Sampling 22 with 63341189509627 - sampling time: 8.697763681411743
Sampling 23 with 39329326881374 - sampling time: 9.389126777648926
Sampling 24 with 46277399023875 - sampling time: 7.31444525718689
Sampling 25 with 64491953849013 - sampling time: 6.252745628356934
Sampling 26 with 78686564590071 - sampling time: 8.02091646194458
Sampling 27 with 52371842096384 - sampling time: 6.889352083206177
Sampling 28 with 20510574772237 - sampling time: 7.5854902267456055
Sampling 29 with 41460291752119 - sampling time: 7.975069761276245
Sampling 30 with 15676767421055 - sampling time: 7.413236141204834
Sampling 31 with 60521291066014 - sampling time: 7.985021591186523
Sampling 32 with 58531655717857 - sampling time: 6.925980091094971
Sampling 33 with 85326524335259 - sampling time: 7.224073171615601
Sampling 34 with 63030983209591 - sampling time: 6.804149150848389
Sampling 35 with 72503194924565 - sampling time: 6.700222969055176
Sampling 36 with 51075207971506 - sampling time: 6.741227388381958
Sampling 37 with 17168723111335 - sampling time: 7.541548013687134
Sampling 38 with 50368030216454 - sampling time: 6.1614766120910645
Sampling 39 with 78929974587392 - sampling time: 7.051549196243286
Sampling 40 with 18612735444901 - sampling time: 9.439860105514526
Sampling 41 with 94023007047357 - sampling time: 7.386745452880859
Sampling 42 with 50961647607768 - sampling time: 8.202101469039917
Sampling 43 with 94021325334015 - sampling time: 6.678167819976807
Sampling 44 with 55943685500890 - sampling time: 7.18906044960022
Sampling 45 with 3628196188866 - sampling time: 9.833158254623413
Sampling 46 with 42703953684982 - sampling time: 5.331912279129028
Sampling 47 with 28500333374621 - sampling time: 8.881754875183105
Sampling 48 with 89405180316560 - sampling time: 5.370648622512817
Sampling 49 with 45987501528114 - sampling time: 8.258430004119873
Sampling 50 with 2264598379609 - sampling time: 7.571138620376587
Sampling 51 with 87113042162566 - sampling time: 6.715028285980225
Sampling 52 with 34947261613474 - sampling time: 8.208321332931519
Sampling 53 with 30441433254397 - sampling time: 7.408908367156982
Sampling 54 with 93696706084738 - sampling time: 7.139789342880249
Sampling 55 with 70384774742535 - sampling time: 8.454747438430786
Sampling 56 with 45540517523348 - sampling time: 8.869855165481567
Sampling 57 with 63988470184247 - sampling time: 7.844220161437988
Sampling 58 with 79409810155328 - sampling time: 7.574632167816162
Sampling 59 with 72679085034946 - sampling time: 7.029375791549683
Sampling 60 with 67994984083006 - sampling time: 8.351145267486572
Sampling 61 with 57751193846383 - sampling time: 7.065380334854126
Sampling 62 with 29949448169675 - sampling time: 7.89570426940918
Sampling 63 with 32834501931630 - sampling time: 9.672555923461914
Sampling 64 with 63432801972728 - sampling time: 7.9697465896606445
Sampling 65 with 37403076064092 - sampling time: 7.505373001098633
Sampling 66 with 63152137852928 - sampling time: 6.4062700271606445
Sampling 67 with 20482181710305 - sampling time: 6.870031833648682
Sampling 68 with 38523681243396 - sampling time: 8.59383487701416
Sampling 69 with 46802397844393 - sampling time: 7.704257011413574
Sampling 70 with 92633925846186 - sampling time: 6.496636629104614
Sampling 71 with 92467648169308 - sampling time: 8.787269353866577
Sampling 72 with 27650291773983 - sampling time: 9.322855949401855
Sampling 73 with 87415297516527 - sampling time: 5.504523992538452
Sampling 74 with 37507042370710 - sampling time: 8.091619491577148
Sampling 75 with 76968200270940 - sampling time: 5.888500213623047
Sampling 76 with 65653339988685 - sampling time: 6.900285720825195
Sampling 77 with 94587805303047 - sampling time: 6.476912021636963
Sampling 78 with 55768455134193 - sampling time: 7.5130226612091064
Sampling 79 with 91995143093121 - sampling time: 6.982167959213257
Sampling 80 with 89219847729092 - sampling time: 7.548067808151245
Sampling 81 with 25885821723771 - sampling time: 8.10221266746521
Sampling 82 with 17737883203814 - sampling time: 7.1913957595825195
Sampling 83 with 92147170899293 - sampling time: 8.32469367980957
Sampling 84 with 36448029405376 - sampling time: 7.6580893993377686
Sampling 85 with 30297337474119 - sampling time: 8.084365844726562
Sampling 86 with 1981269887481 - sampling time: 6.7695152759552
Sampling 87 with 89416901482302 - sampling time: 7.285319566726685
Sampling 88 with 44000718521869 - sampling time: 8.710757493972778
Sampling 89 with 61357387441406 - sampling time: 6.297374486923218
Sampling 90 with 36872729172754 - sampling time: 7.4318013191223145
Sampling 91 with 49698256247375 - sampling time: 7.979723691940308
Sampling 92 with 87810463203338 - sampling time: 6.947305679321289
Sampling 93 with 37795832605716 - sampling time: 7.428105115890503
Sampling 94 with 26048323696019 - sampling time: 10.375473260879517
Sampling 95 with 48451987722378 - sampling time: 6.2796690464019775
Sampling 96 with 25134176219092 - sampling time: 7.366634130477905
Sampling 97 with 62771839139822 - sampling time: 5.694820404052734
Sampling 98 with 71606910586954 - sampling time: 5.748712778091431
Sampling 99 with 7752344939093 - sampling time: 9.09280276298523
Sampling 100 with 79021189860174 - sampling time: 6.61342191696167
Sampling 101 with 37250566382048 - sampling time: 6.949231147766113
Sampling 102 with 38415206241944 - sampling time: 7.987684726715088
Sampling 103 with 73670969537861 - sampling time: 7.3327953815460205
Sampling 104 with 67621819972266 - sampling time: 7.265556335449219
Sampling 105 with 69745835399179 - sampling time: 6.5665364265441895
Sampling 106 with 86813652155927 - sampling time: 6.627136945724487
Sampling 107 with 48187621615776 - sampling time: 7.630388021469116
Sampling 108 with 89531510040084 - sampling time: 5.618623495101929
Sampling 109 with 80552452836566 - sampling time: 6.867518186569214
Sampling 110 with 43840724373401 - sampling time: 9.027815103530884
Sampling 111 with 41271569123049 - sampling time: 7.961449861526489
Sampling 112 with 65060327066319 - sampling time: 9.192421436309814
Sampling 113 with 89284693509437 - sampling time: 7.934636116027832
Sampling 114 with 42738056031733 - sampling time: 9.015805006027222
Sampling 115 with 81116422359906 - sampling time: 7.496435880661011
Sampling 116 with 73541117552550 - sampling time: 5.8789966106414795
Sampling 117 with 56634776823319 - sampling time: 7.255284309387207
Sampling 118 with 47243033225326 - sampling time: 7.465382099151611
Sampling 119 with 90201485715784 - sampling time: 6.150136709213257
Sampling 120 with 73529652951686 - sampling time: 7.539745092391968
Sampling 121 with 63659931334266 - sampling time: 7.269266605377197
Sampling 122 with 8527619072772 - sampling time: 8.525383710861206
Sampling 123 with 64023119055829 - sampling time: 8.466606616973877
Sampling 124 with 34761327520136 - sampling time: 9.048948049545288
Sampling 125 with 72125294881674 - sampling time: 7.199676275253296
Sampling 126 with 92509261068663 - sampling time: 7.478941202163696
Sampling 127 with 78650342656280 - sampling time: 6.349505662918091
Sampling 128 with 25438527976798 - sampling time: 6.690043210983276
Sampling 129 with 72261048250725 - sampling time: 6.237996816635132
Sampling 130 with 70989050798769 - sampling time: 6.041885137557983
Sampling 131 with 88274244182768 - sampling time: 7.304007291793823
Sampling 132 with 85179901093072 - sampling time: 7.280673027038574
Sampling 133 with 96522009065143 - sampling time: 6.066638231277466
Sampling 134 with 9095525979533 - sampling time: 8.213511228561401
Sampling 135 with 37395216004287 - sampling time: 7.267589569091797
Sampling 136 with 67572237941695 - sampling time: 5.713769912719727
Sampling 137 with 57995598824752 - sampling time: 6.602041006088257
Sampling 138 with 1668364252410 - sampling time: 6.267790794372559
Sampling 139 with 51305207106177 - sampling time: 6.149435758590698
Sampling 140 with 45328654204426 - sampling time: 7.320220947265625
Sampling 141 with 14637000164746 - sampling time: 7.199031114578247
Sampling 142 with 30503990149964 - sampling time: 7.229020595550537
Sampling 143 with 40230242606580 - sampling time: 6.584264755249023
Sampling 144 with 25456911675069 - sampling time: 8.835779428482056
Sampling 145 with 88244091072644 - sampling time: 7.298149108886719
Sampling 146 with 56591437109713 - sampling time: 7.126054763793945
Sampling 147 with 56449484042796 - sampling time: 8.43356704711914
Sampling 148 with 62455872924481 - sampling time: 6.6752917766571045
Sampling 149 with 40699149823861 - sampling time: 6.168513536453247
Sampling 150 with 64255319356128 - sampling time: 4.950466632843018
Sampling 151 with 57257144882150 - sampling time: 5.712181806564331
Sampling 152 with 40129957535204 - sampling time: 7.128404378890991
Sampling 153 with 58733295009549 - sampling time: 7.2984089851379395
Sampling 154 with 52559814034226 - sampling time: 6.622774362564087
Sampling 155 with 92585831191327 - sampling time: 8.395837783813477
Sampling 156 with 76570669287797 - sampling time: 8.655270099639893
Sampling 157 with 18870337766930 - sampling time: 8.312706708908081
Sampling 158 with 65442403771955 - sampling time: 5.826519250869751
Sampling 159 with 27822824094375 - sampling time: 8.345019340515137
Sampling 160 with 9483118920383 - sampling time: 7.310444116592407
Sampling 161 with 26388648914557 - sampling time: 8.907834529876709
Sampling 162 with 25383584135089 - sampling time: 6.699253797531128
Sampling 163 with 97141559077217 - sampling time: 6.391270875930786
Sampling 164 with 64924481632524 - sampling time: 8.278136968612671
Sampling 165 with 97198928537727 - sampling time: 4.988790273666382
Sampling 166 with 6911313685367 - sampling time: 8.906838178634644
Sampling 167 with 62886005819822 - sampling time: 6.981250286102295
Sampling 168 with 50299980913620 - sampling time: 8.5712411403656
Sampling 169 with 83914585600172 - sampling time: 5.490016222000122
Sampling 170 with 58806525360958 - sampling time: 7.114018201828003
Sampling 171 with 13312861232589 - sampling time: 8.91999888420105
Sampling 172 with 4649553520337 - sampling time: 9.365166664123535
Sampling 173 with 56060540226145 - sampling time: 6.326516628265381
Sampling 174 with 57127578158605 - sampling time: 6.678692102432251
Sampling 175 with 5736969851734 - sampling time: 8.357207775115967
Sampling 176 with 77398129540986 - sampling time: 7.134273529052734
Sampling 177 with 13327766202026 - sampling time: 8.513475894927979
Sampling 178 with 4988441860094 - sampling time: 8.981631755828857
Sampling 179 with 60441282696907 - sampling time: 7.263902902603149
Sampling 180 with 49926260782506 - sampling time: 7.33976149559021
Sampling 181 with 58931020185249 - sampling time: 5.8121607303619385
Sampling 182 with 46125019300776 - sampling time: 6.3043742179870605
Sampling 183 with 95087640004330 - sampling time: 6.095667839050293
Sampling 184 with 17908435904345 - sampling time: 7.801755428314209
Sampling 185 with 52043218832369 - sampling time: 6.56639838218689
Sampling 186 with 46508816820200 - sampling time: 6.388204097747803
Sampling 187 with 64265713316212 - sampling time: 5.517796277999878
Sampling 188 with 26755789712862 - sampling time: 10.390464305877686
Sampling 189 with 29867523893377 - sampling time: 7.8019938468933105
Sampling 190 with 21452403163791 - sampling time: 8.935858011245728
Sampling 191 with 93136764636168 - sampling time: 9.047664403915405
Sampling 192 with 78681639591974 - sampling time: 6.484694957733154
Sampling 193 with 24137343011099 - sampling time: 8.206416130065918
Sampling 194 with 54722776536157 - sampling time: 7.413529872894287
Sampling 195 with 52380068657674 - sampling time: 7.162842750549316
Sampling 196 with 59033280270781 - sampling time: 6.785783052444458
Sampling 197 with 94394713459851 - sampling time: 6.769531726837158
Sampling 198 with 78996371196698 - sampling time: 7.9588282108306885
Sampling 199 with 57407437443147 - sampling time: 6.10513973236084
Sampling 200 with 57042595731349 - sampling time: 8.411483764648438
Sampling 201 with 17126114635135 - sampling time: 7.831393480300903
Sampling 202 with 27946683106222 - sampling time: 8.908906936645508
Sampling 203 with 610853083841 - sampling time: 8.834152936935425
Sampling 204 with 31348130766200 - sampling time: 7.832484006881714
Sampling 205 with 23377423035675 - sampling time: 7.682281732559204
Sampling 206 with 65665900052198 - sampling time: 6.5979905128479
Sampling 207 with 44147913046035 - sampling time: 6.685907363891602
Sampling 208 with 93690749217142 - sampling time: 7.146992921829224
Sampling 209 with 49763166887404 - sampling time: 8.520835399627686
Sampling 210 with 87099541815665 - sampling time: 6.101061582565308
Sampling 211 with 92203018762231 - sampling time: 8.424596309661865
Sampling 212 with 72561860133780 - sampling time: 6.126038074493408
Sampling 213 with 83912083456804 - sampling time: 4.421787261962891
Sampling 214 with 33876991632736 - sampling time: 9.552669286727905
Sampling 215 with 67761822951784 - sampling time: 6.135082960128784
Sampling 216 with 31238670175976 - sampling time: 7.907248020172119
Sampling 217 with 13352680736563 - sampling time: 7.893878221511841
Sampling 218 with 30526184681347 - sampling time: 9.036180257797241
Sampling 219 with 20171777200177 - sampling time: 8.29890775680542
Sampling 220 with 7536127940368 - sampling time: 8.525120258331299
Sampling 221 with 93175853302294 - sampling time: 7.340004205703735
Sampling 222 with 74207161375694 - sampling time: 6.726695537567139
Sampling 223 with 60026329207810 - sampling time: 7.159448862075806
Sampling 224 with 46776616024086 - sampling time: 7.272721529006958
Sampling 225 with 93433148443114 - sampling time: 8.378270149230957
Sampling 226 with 55817993708825 - sampling time: 7.867272615432739
Sampling 227 with 24228713661331 - sampling time: 6.792605876922607
Sampling 228 with 44855226967975 - sampling time: 7.255777359008789
Sampling 229 with 51951807543649 - sampling time: 6.08735466003418
Sampling 230 with 1195007991889 - sampling time: 7.185138702392578
Sampling 231 with 37386912865060 - sampling time: 7.992524147033691
Sampling 232 with 51680022448678 - sampling time: 7.753692150115967
Sampling 233 with 94519387415257 - sampling time: 6.837617874145508
Sampling 234 with 48296300451158 - sampling time: 7.60796046257019
Sampling 235 with 555976711246 - sampling time: 7.489026784896851
Sampling 236 with 65436272775905 - sampling time: 7.173288822174072
Sampling 237 with 60716292815419 - sampling time: 8.90274453163147
Sampling 238 with 74362133104855 - sampling time: 7.151532173156738
Sampling 239 with 48200569164694 - sampling time: 6.936083793640137
Sampling 240 with 70823341574583 - sampling time: 6.536423921585083
Sampling 241 with 35411991875023 - sampling time: 7.830537796020508
Sampling 242 with 3620615238696 - sampling time: 8.157346487045288
Sampling 243 with 69826386098610 - sampling time: 5.196066617965698
Sampling 244 with 80355161746211 - sampling time: 6.438246965408325
Sampling 245 with 60703353421429 - sampling time: 8.41049599647522
Sampling 246 with 67884250510628 - sampling time: 7.6145336627960205
Sampling 247 with 21788612208884 - sampling time: 9.365390300750732
Sampling 248 with 39583908508641 - sampling time: 8.948289394378662
Sampling 249 with 45134934171276 - sampling time: 7.223243951797485
Sampling 250 with 73089995542791 - sampling time: 6.8127195835113525
Sampling 251 with 41617771748180 - sampling time: 8.880784749984741
Sampling 252 with 51409261417729 - sampling time: 7.4698357582092285
Sampling 253 with 88265044890372 - sampling time: 6.056102275848389
Sampling 254 with 16793089658947 - sampling time: 7.423858880996704
Sampling 255 with 96843911373750 - sampling time: 7.444368124008179
Sampling 256 with 16097629553012 - sampling time: 7.834814071655273
Sampling 257 with 45290780486369 - sampling time: 6.922274589538574
Sampling 258 with 63646084694427 - sampling time: 6.47594690322876
Sampling 259 with 61128439007504 - sampling time: 7.736831188201904
Sampling 260 with 77017841459713 - sampling time: 7.341190814971924
Sampling 261 with 20199503745149 - sampling time: 7.172189712524414
Sampling 262 with 52418081154127 - sampling time: 6.938290119171143
Sampling 263 with 44569199803042 - sampling time: 6.84467077255249
Sampling 264 with 79163019612626 - sampling time: 6.21648907661438
Sampling 265 with 48189708237319 - sampling time: 7.370241403579712
Sampling 266 with 86593483235955 - sampling time: 5.677587270736694
Sampling 267 with 78092893887238 - sampling time: 5.706928491592407
Sampling 268 with 69806061552144 - sampling time: 4.944777488708496
Sampling 269 with 90130882206817 - sampling time: 7.405982494354248
Sampling 270 with 8383038591764 - sampling time: 7.518338203430176
Sampling 271 with 61088340334678 - sampling time: 7.235115051269531
Sampling 272 with 7060124920290 - sampling time: 7.886983394622803
Sampling 273 with 6867109361339 - sampling time: 8.337432622909546
Sampling 274 with 84935407051340 - sampling time: 7.831692934036255
Sampling 275 with 71404349431114 - sampling time: 7.331986665725708
Sampling 276 with 19415774033801 - sampling time: 8.560404062271118
Sampling 277 with 24795793680688 - sampling time: 7.251236200332642
Sampling 278 with 44321646066532 - sampling time: 7.275073528289795
Sampling 279 with 37505114761189 - sampling time: 7.383993864059448
Sampling 280 with 78241022569969 - sampling time: 7.8063647747039795
Sampling 281 with 46528701123608 - sampling time: 6.09860372543335
Sampling 282 with 77726441703136 - sampling time: 8.474285364151001
Sampling 283 with 30103061460331 - sampling time: 9.00949239730835
Sampling 284 with 79866834645048 - sampling time: 5.499711751937866
Sampling 285 with 28491384289141 - sampling time: 8.92234492301941
Sampling 286 with 88588090008943 - sampling time: 7.266842842102051
Sampling 287 with 67529857657384 - sampling time: 6.731969356536865
Sampling 288 with 24080355498660 - sampling time: 7.693337917327881
Sampling 289 with 93477428106783 - sampling time: 6.0595715045928955
Sampling 290 with 43446445793768 - sampling time: 7.2605297565460205
Sampling 291 with 19134038927433 - sampling time: 7.835269212722778
Sampling 292 with 49460242239078 - sampling time: 6.300724506378174
Sampling 293 with 35793907989421 - sampling time: 8.411116361618042
Sampling 294 with 64617302539613 - sampling time: 5.058025598526001
Sampling 295 with 22975244039124 - sampling time: 7.233177661895752
Sampling 296 with 45566137162552 - sampling time: 6.9679856300354
Sampling 297 with 75088925262067 - sampling time: 6.639291286468506
Sampling 298 with 54389194897104 - sampling time: 6.275635242462158
Sampling 299 with 12795077357163 - sampling time: 9.034215211868286
--- total time: 2217.791480779648 seconds ---
Output samples created on:  /home/jeho-lab/git/t-wise/Data/Samples/Memory/Financial_2018_05_09_300.samples
	Command being timed: "python3 ./Kclause_Smarch/Smarch/smarch.py -o /home/jeho-lab/git/t-wise/Data/Samples/Memory /home/jeho-lab/git/t-wise/Data/Financial_2018_05_09.dimacs 300"
	User time (seconds): 1855.85
	System time (seconds): 392.53
	Percent of CPU this job got: 101%
	Elapsed (wall clock) time (h:mm:ss or m:ss): 36:58.47
	Average shared text size (kbytes): 0
	Average unshared data size (kbytes): 0
	Average stack size (kbytes): 0
	Average total size (kbytes): 0
	Maximum resident set size (kbytes): 16944
	Average resident set size (kbytes): 0
	Major (requiring I/O) page faults: 4
	Minor (reclaiming a frame) page faults: 330159030
	Voluntary context switches: 824869
	Involuntary context switches: 35059
	Swaps: 0
	File system inputs: 224
	File system outputs: 37273264
	Socket messages sent: 0
	Socket messages received: 0
	Signals delivered: 0
	Page size (bytes): 4096
	Exit status: 0
