Input file:  /home/jeho-lab/git/t-wise/Data/Financial_2018_05_09.dimacs
Number of samples:  500
Output directory: /home/jeho-lab/git/t-wise/Data/Samples/Memory
Counting - Total configurations: 97451212554676
Sampling 0 with 31866148121058 - sampling time: 8.79455304145813
Sampling 1 with 57736236972577 - sampling time: 8.742844820022583
Sampling 2 with 95649538226173 - sampling time: 6.180377006530762
Sampling 3 with 45299171060401 - sampling time: 8.811917304992676
Sampling 4 with 72936693780053 - sampling time: 7.810445308685303
Sampling 5 with 45289783539237 - sampling time: 8.664237260818481
Sampling 6 with 36608439954497 - sampling time: 10.928008794784546
Sampling 7 with 44365553753304 - sampling time: 8.760658740997314
Sampling 8 with 96542026204490 - sampling time: 8.241888761520386
Sampling 9 with 28440756858744 - sampling time: 8.857508182525635
Sampling 10 with 3761004203614 - sampling time: 11.043304204940796
Sampling 11 with 83891008051105 - sampling time: 6.840371131896973
Sampling 12 with 75989072637823 - sampling time: 8.27082896232605
Sampling 13 with 34529361327685 - sampling time: 8.267953157424927
Sampling 14 with 24596970969580 - sampling time: 7.525676965713501
Sampling 15 with 96288493413334 - sampling time: 7.535189628601074
Sampling 16 with 80072793437568 - sampling time: 7.67171573638916
Sampling 17 with 47425292522605 - sampling time: 6.937228441238403
Sampling 18 with 54073361227011 - sampling time: 8.724958419799805
Sampling 19 with 30379093314286 - sampling time: 8.515947103500366
Sampling 20 with 49672335568346 - sampling time: 8.888680934906006
Sampling 21 with 82282792349710 - sampling time: 7.4493207931518555
Sampling 22 with 56105148464899 - sampling time: 7.662938833236694
Sampling 23 with 20962588552689 - sampling time: 8.189122200012207
Sampling 24 with 61866027254316 - sampling time: 8.208497524261475
Sampling 25 with 35655066365534 - sampling time: 8.821971893310547
Sampling 26 with 81413089085427 - sampling time: 7.6085569858551025
Sampling 27 with 2839697096396 - sampling time: 8.120500087738037
Sampling 28 with 72922186579471 - sampling time: 6.683969020843506
Sampling 29 with 61238209678302 - sampling time: 7.475886106491089
Sampling 30 with 64063986996949 - sampling time: 7.513545989990234
Sampling 31 with 12206462803048 - sampling time: 7.106460809707642
Sampling 32 with 24382665808152 - sampling time: 8.75204873085022
Sampling 33 with 2068194397049 - sampling time: 8.184018611907959
Sampling 34 with 85886550092257 - sampling time: 8.186395645141602
Sampling 35 with 27144155289235 - sampling time: 9.526590824127197
Sampling 36 with 10097991980102 - sampling time: 8.206687450408936
Sampling 37 with 12467554602593 - sampling time: 8.28628921508789
Sampling 38 with 11164754333180 - sampling time: 9.388954401016235
Sampling 39 with 64255567846914 - sampling time: 6.977701425552368
Sampling 40 with 26043091761523 - sampling time: 9.157400608062744
Sampling 41 with 95777486102338 - sampling time: 6.945827484130859
Sampling 42 with 58776870440042 - sampling time: 7.045027494430542
Sampling 43 with 86730175435472 - sampling time: 7.837752103805542
Sampling 44 with 79886000547552 - sampling time: 8.298681735992432
Sampling 45 with 62737198413644 - sampling time: 7.522954940795898
Sampling 46 with 86383038454619 - sampling time: 6.630616188049316
Sampling 47 with 64454315898132 - sampling time: 6.885509490966797
Sampling 48 with 32782157567397 - sampling time: 9.612872123718262
Sampling 49 with 785473152826 - sampling time: 8.37414836883545
Sampling 50 with 57149472020924 - sampling time: 9.229754447937012
Sampling 51 with 79531107737255 - sampling time: 8.781880617141724
Sampling 52 with 49335857490628 - sampling time: 8.028828144073486
Sampling 53 with 2572861932774 - sampling time: 8.834339141845703
Sampling 54 with 56455352124000 - sampling time: 8.759385347366333
Sampling 55 with 18031691568140 - sampling time: 8.907681226730347
Sampling 56 with 15764173459774 - sampling time: 9.334078550338745
Sampling 57 with 85655018960432 - sampling time: 9.238110303878784
Sampling 58 with 4133726808448 - sampling time: 9.526642322540283
Sampling 59 with 36903843954629 - sampling time: 10.462450981140137
Sampling 60 with 25417244437221 - sampling time: 10.118943929672241
Sampling 61 with 88541771865855 - sampling time: 6.680870056152344
Sampling 62 with 53122203226759 - sampling time: 8.180673599243164
Sampling 63 with 46688066890388 - sampling time: 6.655082941055298
Sampling 64 with 23466004904815 - sampling time: 7.574409246444702
Sampling 65 with 3727463984205 - sampling time: 11.417784690856934
Sampling 66 with 46540389361536 - sampling time: 9.803533554077148
Sampling 67 with 85411800703303 - sampling time: 7.33606481552124
Sampling 68 with 65041930437496 - sampling time: 11.128318548202515
Sampling 69 with 1295406485364 - sampling time: 8.120668888092041
Sampling 70 with 21900131399254 - sampling time: 8.170466899871826
Sampling 71 with 14963485019656 - sampling time: 8.891085863113403
Sampling 72 with 68727377753367 - sampling time: 7.485296964645386
Sampling 73 with 79609627019717 - sampling time: 6.319324493408203
Sampling 74 with 96267192250268 - sampling time: 5.6000282764434814
Sampling 75 with 10292702462147 - sampling time: 10.12650203704834
Sampling 76 with 41625916904541 - sampling time: 8.169007539749146
Sampling 77 with 75734799404535 - sampling time: 8.913437604904175
Sampling 78 with 22634869566515 - sampling time: 8.910531044006348
Sampling 79 with 57359142965921 - sampling time: 6.2655029296875
Sampling 80 with 71317724359267 - sampling time: 6.3487701416015625
Sampling 81 with 46034984297180 - sampling time: 8.149793863296509
Sampling 82 with 79953741040179 - sampling time: 8.873154878616333
Sampling 83 with 66841754526872 - sampling time: 6.228052377700806
Sampling 84 with 14155004014357 - sampling time: 8.27033257484436
Sampling 85 with 8072795366930 - sampling time: 10.777243375778198
Sampling 86 with 37642081895877 - sampling time: 9.548179388046265
Sampling 87 with 49118410046091 - sampling time: 5.645769357681274
Sampling 88 with 76522035704025 - sampling time: 8.211254835128784
Sampling 89 with 58422096554970 - sampling time: 6.967864751815796
Sampling 90 with 95035155390286 - sampling time: 8.760413885116577
Sampling 91 with 83143247174978 - sampling time: 6.949392080307007
Sampling 92 with 71509466359803 - sampling time: 7.513530492782593
Sampling 93 with 53964573513818 - sampling time: 10.171025514602661
Sampling 94 with 13989654465849 - sampling time: 8.725214004516602
Sampling 95 with 7147789863722 - sampling time: 8.206297636032104
Sampling 96 with 25665364711730 - sampling time: 8.767360925674438
Sampling 97 with 13648395627455 - sampling time: 7.573541879653931
Sampling 98 with 45789273704730 - sampling time: 9.400068998336792
Sampling 99 with 18656949681768 - sampling time: 6.898593425750732
Sampling 100 with 61269169749022 - sampling time: 7.591681480407715
Sampling 101 with 96645359112053 - sampling time: 5.606266021728516
Sampling 102 with 83105806679467 - sampling time: 5.9647321701049805
Sampling 103 with 53324827995597 - sampling time: 8.1010160446167
Sampling 104 with 688015569134 - sampling time: 10.235708475112915
Sampling 105 with 86422363620618 - sampling time: 6.277226209640503
Sampling 106 with 29637693567207 - sampling time: 10.258708238601685
Sampling 107 with 26124750950646 - sampling time: 8.449633836746216
Sampling 108 with 46709682918015 - sampling time: 9.012231349945068
Sampling 109 with 50963857507430 - sampling time: 10.317664861679077
Sampling 110 with 8674010930785 - sampling time: 12.327395677566528
Sampling 111 with 15025073746131 - sampling time: 10.299055814743042
Sampling 112 with 21268314384302 - sampling time: 10.218671321868896
Sampling 113 with 4835421954723 - sampling time: 10.852843523025513
Sampling 114 with 58039545561369 - sampling time: 8.179076910018921
Sampling 115 with 66493228646070 - sampling time: 9.497015953063965
Sampling 116 with 46615103440013 - sampling time: 9.724815845489502
Sampling 117 with 49358301022214 - sampling time: 8.846683740615845
Sampling 118 with 13471240741375 - sampling time: 8.84591031074524
Sampling 119 with 5476970802664 - sampling time: 10.283740520477295
Sampling 120 with 80092251780543 - sampling time: 8.937658548355103
Sampling 121 with 61181008466944 - sampling time: 7.611770391464233
Sampling 122 with 8191477936801 - sampling time: 11.094607830047607
Sampling 123 with 80246925313391 - sampling time: 10.908380508422852
Sampling 124 with 89680813681125 - sampling time: 7.827428102493286
Sampling 125 with 32435542272155 - sampling time: 8.254962682723999
Sampling 126 with 27313674161682 - sampling time: 8.373636960983276
Sampling 127 with 49496683005102 - sampling time: 5.728067636489868
Sampling 128 with 10880395055922 - sampling time: 8.823588609695435
Sampling 129 with 18851890623612 - sampling time: 9.575101613998413
Sampling 130 with 60651036379273 - sampling time: 9.045677900314331
Sampling 131 with 21007111332849 - sampling time: 10.208051204681396
Sampling 132 with 46760856917786 - sampling time: 6.852047920227051
Sampling 133 with 93620024225246 - sampling time: 7.091684341430664
Sampling 134 with 4618947900239 - sampling time: 8.776123523712158
Sampling 135 with 44659887732838 - sampling time: 8.86067509651184
Sampling 136 with 92170078160736 - sampling time: 6.99359917640686
Sampling 137 with 20016711056944 - sampling time: 8.157656192779541
Sampling 138 with 85765612913211 - sampling time: 7.668105125427246
Sampling 139 with 74784069808269 - sampling time: 5.666585206985474
Sampling 140 with 3988415519314 - sampling time: 9.82279634475708
Sampling 141 with 1410707087776 - sampling time: 9.325448751449585
Sampling 142 with 42878662442057 - sampling time: 9.018196105957031
Sampling 143 with 83875016705215 - sampling time: 8.093870162963867
Sampling 144 with 74996585713067 - sampling time: 8.972407341003418
Sampling 145 with 78921317311648 - sampling time: 7.916887998580933
Sampling 146 with 67182512178 - sampling time: 8.961915016174316
Sampling 147 with 92317844783998 - sampling time: 7.927422523498535
Sampling 148 with 10760470841109 - sampling time: 7.9299538135528564
Sampling 149 with 49971657300399 - sampling time: 8.2645423412323
Sampling 150 with 34656546115687 - sampling time: 10.35177755355835
Sampling 151 with 73725223131068 - sampling time: 10.059718370437622
Sampling 152 with 18864285398381 - sampling time: 9.297325134277344
Sampling 153 with 92245992994677 - sampling time: 9.366487979888916
Sampling 154 with 45260844178979 - sampling time: 7.001655340194702
Sampling 155 with 23036572237836 - sampling time: 7.966581106185913
Sampling 156 with 2935303954639 - sampling time: 8.99650263786316
Sampling 157 with 90172688957965 - sampling time: 7.552019119262695
Sampling 158 with 96886300716290 - sampling time: 6.326600551605225
Sampling 159 with 87702428902858 - sampling time: 9.412130117416382
Sampling 160 with 5420887394982 - sampling time: 9.64391016960144
Sampling 161 with 37377370320465 - sampling time: 10.305972576141357
Sampling 162 with 33805744620966 - sampling time: 9.042223930358887
Sampling 163 with 64248312507395 - sampling time: 8.934892654418945
Sampling 164 with 15477174767959 - sampling time: 9.0771644115448
Sampling 165 with 4345563897421 - sampling time: 10.29704213142395
Sampling 166 with 48421941575987 - sampling time: 9.536539554595947
Sampling 167 with 63048715613755 - sampling time: 9.753776550292969
Sampling 168 with 3407244537137 - sampling time: 10.257011413574219
Sampling 169 with 15034087711999 - sampling time: 8.969261646270752
Sampling 170 with 43305528341157 - sampling time: 8.920109510421753
Sampling 171 with 14888379109481 - sampling time: 11.256776571273804
Sampling 172 with 75421858871120 - sampling time: 6.905147075653076
Sampling 173 with 57726244916974 - sampling time: 9.07357382774353
Sampling 174 with 5056604633001 - sampling time: 10.926434993743896
Sampling 175 with 68281914838477 - sampling time: 8.351523160934448
Sampling 176 with 24408333775229 - sampling time: 11.093415021896362
Sampling 177 with 6854824852801 - sampling time: 9.567684412002563
Sampling 178 with 28238895331024 - sampling time: 11.125399589538574
Sampling 179 with 40656904178031 - sampling time: 8.959014892578125
Sampling 180 with 94299060464259 - sampling time: 8.146898984909058
Sampling 181 with 645773932192 - sampling time: 9.447363138198853
Sampling 182 with 57222323436645 - sampling time: 9.02369236946106
Sampling 183 with 82624466940906 - sampling time: 6.251293897628784
Sampling 184 with 13629615894193 - sampling time: 8.237595081329346
Sampling 185 with 30897948041029 - sampling time: 10.713183403015137
Sampling 186 with 57064455191468 - sampling time: 8.599077463150024
Sampling 187 with 3307584013148 - sampling time: 10.99291706085205
Sampling 188 with 26111899999186 - sampling time: 8.2540762424469
Sampling 189 with 40487800153884 - sampling time: 9.508859157562256
Sampling 190 with 18480450014588 - sampling time: 10.110753297805786
Sampling 191 with 28847353024573 - sampling time: 10.331825017929077
Sampling 192 with 42090550635869 - sampling time: 7.524033546447754
Sampling 193 with 6692419524438 - sampling time: 10.225178003311157
Sampling 194 with 91301610730345 - sampling time: 6.869276762008667
Sampling 195 with 21652891630790 - sampling time: 8.78662657737732
Sampling 196 with 64532056178817 - sampling time: 8.747440099716187
Sampling 197 with 44780180961993 - sampling time: 8.163634061813354
Sampling 198 with 81073922923160 - sampling time: 7.14064884185791
Sampling 199 with 67095971374193 - sampling time: 8.796583652496338
Sampling 200 with 56721262620968 - sampling time: 7.0124921798706055
Sampling 201 with 87740519066759 - sampling time: 6.347248554229736
Sampling 202 with 80514647974300 - sampling time: 7.600390911102295
Sampling 203 with 10611525596918 - sampling time: 10.107866764068604
Sampling 204 with 84761215128234 - sampling time: 5.071095943450928
Sampling 205 with 34634816279891 - sampling time: 9.46803617477417
Sampling 206 with 84784482206914 - sampling time: 6.317926645278931
Sampling 207 with 48127553095763 - sampling time: 6.2917890548706055
Sampling 208 with 12262004546067 - sampling time: 8.156012773513794
Sampling 209 with 72724931952390 - sampling time: 6.971657037734985
Sampling 210 with 80386034479339 - sampling time: 6.2802581787109375
Sampling 211 with 46231204082744 - sampling time: 6.699213743209839
Sampling 212 with 68629367113195 - sampling time: 5.068581581115723
Sampling 213 with 33757889783052 - sampling time: 7.716446161270142
Sampling 214 with 88236380784914 - sampling time: 6.91155481338501
Sampling 215 with 28096038156248 - sampling time: 8.919769287109375
Sampling 216 with 28418167021581 - sampling time: 8.832433938980103
Sampling 217 with 36718698586515 - sampling time: 8.368945837020874
Sampling 218 with 87958701850442 - sampling time: 9.635478734970093
Sampling 219 with 89098291570639 - sampling time: 9.574492454528809
Sampling 220 with 60698903308451 - sampling time: 8.491658449172974
Sampling 221 with 80964957693705 - sampling time: 9.731031656265259
Sampling 222 with 55088760234834 - sampling time: 9.262330293655396
Sampling 223 with 69206968959291 - sampling time: 7.594708442687988
Sampling 224 with 76387997874311 - sampling time: 9.164897203445435
Sampling 225 with 17057644940155 - sampling time: 9.599425077438354
Sampling 226 with 56081462055895 - sampling time: 7.629348993301392
Sampling 227 with 62546806454211 - sampling time: 7.87680459022522
Sampling 228 with 33303125161223 - sampling time: 11.0035719871521
Sampling 229 with 87989647699952 - sampling time: 8.997121810913086
Sampling 230 with 35384532108739 - sampling time: 8.998984575271606
Sampling 231 with 2599618272521 - sampling time: 9.770901918411255
Sampling 232 with 17337392892304 - sampling time: 8.885175466537476
Sampling 233 with 3642072382207 - sampling time: 11.13874363899231
Sampling 234 with 40963671915519 - sampling time: 8.809959411621094
Sampling 235 with 80728082787315 - sampling time: 7.578283786773682
Sampling 236 with 62557281113682 - sampling time: 8.958669900894165
Sampling 237 with 51391333901996 - sampling time: 7.408236026763916
Sampling 238 with 76688569067767 - sampling time: 6.936758279800415
Sampling 239 with 61364631777292 - sampling time: 5.671195030212402
Sampling 240 with 62583251742474 - sampling time: 8.156940221786499
Sampling 241 with 47196523920289 - sampling time: 7.545684099197388
Sampling 242 with 5013733254159 - sampling time: 10.149479627609253
Sampling 243 with 18475090778067 - sampling time: 9.58822250366211
Sampling 244 with 6630442608807 - sampling time: 10.393282413482666
Sampling 245 with 62973151069470 - sampling time: 7.791463375091553
Sampling 246 with 66126695742668 - sampling time: 7.6346025466918945
Sampling 247 with 51054456792775 - sampling time: 8.252286911010742
Sampling 248 with 59145742452274 - sampling time: 8.779273509979248
Sampling 249 with 79176475510839 - sampling time: 9.189338207244873
Sampling 250 with 34153615329489 - sampling time: 8.159953594207764
Sampling 251 with 87059736142619 - sampling time: 8.858420133590698
Sampling 252 with 44772303034618 - sampling time: 8.311678409576416
Sampling 253 with 58685741110152 - sampling time: 8.792612552642822
Sampling 254 with 8964962548131 - sampling time: 8.965467929840088
Sampling 255 with 63767419717972 - sampling time: 7.549851179122925
Sampling 256 with 10484775525337 - sampling time: 10.281495332717896
Sampling 257 with 23755249842504 - sampling time: 8.766514301300049
Sampling 258 with 57496456943670 - sampling time: 9.300679206848145
Sampling 259 with 3699125914699 - sampling time: 10.098044395446777
Sampling 260 with 56187084797973 - sampling time: 8.20948076248169
Sampling 261 with 4336058813519 - sampling time: 9.537079334259033
Sampling 262 with 93107329041449 - sampling time: 6.952653169631958
Sampling 263 with 61174981410682 - sampling time: 7.295396327972412
Sampling 264 with 75967975350398 - sampling time: 7.521420240402222
Sampling 265 with 55566020530244 - sampling time: 7.759239673614502
Sampling 266 with 92800163959511 - sampling time: 6.927212238311768
Sampling 267 with 37422216910717 - sampling time: 10.244287490844727
Sampling 268 with 30459090345463 - sampling time: 8.21152663230896
Sampling 269 with 74788926900871 - sampling time: 6.325759410858154
Sampling 270 with 38171741077983 - sampling time: 10.039446592330933
Sampling 271 with 29525748198170 - sampling time: 8.352903842926025
Sampling 272 with 30720049558799 - sampling time: 10.691543579101562
Sampling 273 with 31496974698036 - sampling time: 6.801630258560181
Sampling 274 with 94876205425080 - sampling time: 7.5734779834747314
Sampling 275 with 89557840431213 - sampling time: 6.8848865032196045
Sampling 276 with 95437787377103 - sampling time: 6.765608787536621
Sampling 277 with 2927602115556 - sampling time: 8.264010667800903
Sampling 278 with 96404956656539 - sampling time: 8.324088335037231
Sampling 279 with 48466246603193 - sampling time: 7.637091875076294
Sampling 280 with 15077474153732 - sampling time: 9.800092697143555
Sampling 281 with 7580188436788 - sampling time: 9.019897699356079
Sampling 282 with 22204842038784 - sampling time: 9.445887327194214
Sampling 283 with 2712132036612 - sampling time: 9.859512329101562
Sampling 284 with 78803835286320 - sampling time: 8.334141254425049
Sampling 285 with 65094810051875 - sampling time: 8.431171417236328
Sampling 286 with 31799222629608 - sampling time: 9.60822319984436
Sampling 287 with 11429165014084 - sampling time: 10.424304723739624
Sampling 288 with 38273211020234 - sampling time: 10.239205360412598
Sampling 289 with 96549877291313 - sampling time: 8.3359694480896
Sampling 290 with 77195724322037 - sampling time: 7.511648654937744
Sampling 291 with 83322398018270 - sampling time: 8.282469511032104
Sampling 292 with 17031120032382 - sampling time: 10.246111631393433
Sampling 293 with 81465665361094 - sampling time: 8.934086799621582
Sampling 294 with 22775163198464 - sampling time: 9.99578070640564
Sampling 295 with 53083294409807 - sampling time: 8.178633213043213
Sampling 296 with 6870238997202 - sampling time: 9.607643365859985
Sampling 297 with 8835415999329 - sampling time: 8.16743516921997
Sampling 298 with 78190827507542 - sampling time: 8.219603300094604
Sampling 299 with 62461415270381 - sampling time: 8.142170429229736
Sampling 300 with 65898136236578 - sampling time: 8.903448820114136
Sampling 301 with 77356918388167 - sampling time: 8.18984842300415
Sampling 302 with 66773483665646 - sampling time: 8.184157609939575
Sampling 303 with 30929390017266 - sampling time: 8.776722192764282
Sampling 304 with 75476169640625 - sampling time: 6.276599645614624
Sampling 305 with 78342241347712 - sampling time: 8.213965892791748
Sampling 306 with 67375425764027 - sampling time: 8.843921899795532
Sampling 307 with 13113082620083 - sampling time: 8.940681219100952
Sampling 308 with 37038908107272 - sampling time: 8.750750303268433
Sampling 309 with 35361556101151 - sampling time: 9.729851245880127
Sampling 310 with 48388081694263 - sampling time: 6.942296266555786
Sampling 311 with 77908769997980 - sampling time: 7.6257569789886475
Sampling 312 with 89931914158161 - sampling time: 5.667577028274536
Sampling 313 with 21342221750786 - sampling time: 8.792232513427734
Sampling 314 with 11355250602149 - sampling time: 7.559754133224487
Sampling 315 with 87731024707843 - sampling time: 8.198864459991455
Sampling 316 with 21232512558110 - sampling time: 7.673588037490845
Sampling 317 with 16223635168880 - sampling time: 6.917773246765137
Sampling 318 with 68213192547609 - sampling time: 7.594940185546875
Sampling 319 with 57144758322281 - sampling time: 8.819876432418823
Sampling 320 with 15797892797164 - sampling time: 8.903411626815796
Sampling 321 with 37638797158498 - sampling time: 7.537551403045654
Sampling 322 with 65601591112970 - sampling time: 8.815914869308472
Sampling 323 with 52655250986982 - sampling time: 8.261729001998901
Sampling 324 with 75726535268234 - sampling time: 8.160260200500488
Sampling 325 with 37809021509454 - sampling time: 9.738366603851318
Sampling 326 with 52105806308196 - sampling time: 8.779855251312256
Sampling 327 with 64369356111856 - sampling time: 6.326399803161621
Sampling 328 with 36977879008392 - sampling time: 7.537508487701416
Sampling 329 with 84358368922698 - sampling time: 6.645237445831299
Sampling 330 with 38288779231983 - sampling time: 7.708611011505127
Sampling 331 with 7091384560804 - sampling time: 8.191073417663574
Sampling 332 with 64508777990069 - sampling time: 6.8352179527282715
Sampling 333 with 2341614652253 - sampling time: 11.018908262252808
Sampling 334 with 92325108238511 - sampling time: 7.497123956680298
Sampling 335 with 54372912336866 - sampling time: 9.553348302841187
Sampling 336 with 10796384328936 - sampling time: 10.23669981956482
Sampling 337 with 41629934662317 - sampling time: 8.798938512802124
Sampling 338 with 64254370667815 - sampling time: 8.24471116065979
Sampling 339 with 43834634263962 - sampling time: 9.609641075134277
Sampling 340 with 63159837872508 - sampling time: 8.345061540603638
Sampling 341 with 15262881039207 - sampling time: 8.910853624343872
Sampling 342 with 85213422634721 - sampling time: 7.5921008586883545
Sampling 343 with 34446738955554 - sampling time: 9.653900623321533
Sampling 344 with 39806666218619 - sampling time: 10.300414562225342
Sampling 345 with 26819233876222 - sampling time: 9.729379177093506
Sampling 346 with 69547078300067 - sampling time: 7.605055809020996
Sampling 347 with 1389224014110 - sampling time: 6.948828458786011
Sampling 348 with 93135648524411 - sampling time: 9.612537622451782
Sampling 349 with 94605598823118 - sampling time: 9.142665386199951
Sampling 350 with 8775263150653 - sampling time: 9.630797863006592
Sampling 351 with 48178836821673 - sampling time: 7.66422438621521
Sampling 352 with 91071968807078 - sampling time: 7.520112991333008
Sampling 353 with 23942408634981 - sampling time: 8.773885726928711
Sampling 354 with 81732988365062 - sampling time: 7.5642249584198
Sampling 355 with 46522398966184 - sampling time: 8.770840883255005
Sampling 356 with 39541253331586 - sampling time: 9.426337957382202
Sampling 357 with 36856098577336 - sampling time: 8.930835962295532
Sampling 358 with 44943467371816 - sampling time: 7.762120962142944
Sampling 359 with 76330181498865 - sampling time: 8.995915412902832
Sampling 360 with 61923679974988 - sampling time: 7.614591836929321
Sampling 361 with 35843574400988 - sampling time: 8.127760887145996
Sampling 362 with 14112706340507 - sampling time: 8.873865127563477
Sampling 363 with 44275597085657 - sampling time: 9.621484279632568
Sampling 364 with 39134831965489 - sampling time: 7.646099805831909
Sampling 365 with 84850066273298 - sampling time: 6.960001468658447
Sampling 366 with 35188342505394 - sampling time: 8.228846549987793
Sampling 367 with 37588255201639 - sampling time: 8.988306522369385
Sampling 368 with 22815205646735 - sampling time: 8.184975624084473
Sampling 369 with 19164099810927 - sampling time: 8.80097484588623
Sampling 370 with 14685136824038 - sampling time: 8.303784847259521
Sampling 371 with 67884745152428 - sampling time: 7.594989538192749
Sampling 372 with 37138420575383 - sampling time: 8.62950611114502
Sampling 373 with 64212583500457 - sampling time: 8.188104629516602
Sampling 374 with 54810235947111 - sampling time: 8.292165756225586
Sampling 375 with 87952794117355 - sampling time: 9.398590803146362
Sampling 376 with 53853083120159 - sampling time: 8.892691850662231
Sampling 377 with 12503525373497 - sampling time: 8.968961715698242
Sampling 378 with 47868341884684 - sampling time: 6.957879304885864
Sampling 379 with 9426661571780 - sampling time: 8.960407018661499
Sampling 380 with 21914025703340 - sampling time: 8.174860954284668
Sampling 381 with 14798038864093 - sampling time: 8.38932752609253
Sampling 382 with 7819172507462 - sampling time: 10.040101528167725
Sampling 383 with 80475968502995 - sampling time: 8.930163860321045
Sampling 384 with 63903393359718 - sampling time: 6.961658000946045
Sampling 385 with 19583295163534 - sampling time: 7.661350250244141
Sampling 386 with 23285451829674 - sampling time: 8.844768762588501
Sampling 387 with 48917925862407 - sampling time: 8.391558408737183
Sampling 388 with 87107753299643 - sampling time: 8.172990083694458
Sampling 389 with 17124231454809 - sampling time: 11.746253728866577
Sampling 390 with 84189897469111 - sampling time: 6.936677694320679
Sampling 391 with 8978741661431 - sampling time: 11.030333995819092
Sampling 392 with 65024782250372 - sampling time: 10.374373197555542
Sampling 393 with 54341361047259 - sampling time: 9.683916091918945
Sampling 394 with 61870393406929 - sampling time: 8.956788539886475
Sampling 395 with 38357511530850 - sampling time: 10.35512661933899
Sampling 396 with 87374690561506 - sampling time: 8.955580472946167
Sampling 397 with 13074370535786 - sampling time: 8.98251748085022
Sampling 398 with 84676065570795 - sampling time: 6.222903728485107
Sampling 399 with 579208501312 - sampling time: 8.788692951202393
Sampling 400 with 29474253830002 - sampling time: 9.678264379501343
Sampling 401 with 51427678190301 - sampling time: 7.596445560455322
Sampling 402 with 58264443901217 - sampling time: 8.902289390563965
Sampling 403 with 55384106525137 - sampling time: 7.618758678436279
Sampling 404 with 16395377088691 - sampling time: 8.875708103179932
Sampling 405 with 27219249849094 - sampling time: 10.809687852859497
Sampling 406 with 512129123029 - sampling time: 9.28792667388916
Sampling 407 with 29109919272427 - sampling time: 7.713330268859863
Sampling 408 with 73414624758343 - sampling time: 6.934188604354858
Sampling 409 with 89058421350628 - sampling time: 6.299349069595337
Sampling 410 with 48565637026111 - sampling time: 7.725699424743652
Sampling 411 with 93150057741765 - sampling time: 8.788116693496704
Sampling 412 with 58222888070523 - sampling time: 6.41219162940979
Sampling 413 with 12958991655713 - sampling time: 8.17737603187561
Sampling 414 with 47231414541952 - sampling time: 7.6422202587127686
Sampling 415 with 91761076067681 - sampling time: 8.197649717330933
Sampling 416 with 33266402187484 - sampling time: 7.640570402145386
Sampling 417 with 626750830507 - sampling time: 7.520084857940674
Sampling 418 with 33528193911619 - sampling time: 9.498676776885986
Sampling 419 with 56255017287737 - sampling time: 8.807398796081543
Sampling 420 with 20961816576433 - sampling time: 8.820658922195435
Sampling 421 with 61638276436592 - sampling time: 7.695127010345459
Sampling 422 with 32408417334165 - sampling time: 8.91087794303894
Sampling 423 with 36016320568397 - sampling time: 9.296037912368774
Sampling 424 with 1268551863414 - sampling time: 7.637375593185425
Sampling 425 with 4226109106268 - sampling time: 9.000468969345093
Sampling 426 with 11042912191235 - sampling time: 8.93111777305603
Sampling 427 with 71614501303472 - sampling time: 6.998911142349243
Sampling 428 with 90536431346134 - sampling time: 6.969322204589844
Sampling 429 with 25688273963263 - sampling time: 9.46543288230896
Sampling 430 with 68194084228762 - sampling time: 6.394880771636963
Sampling 431 with 69219603643121 - sampling time: 7.843391418457031
Sampling 432 with 93316975823266 - sampling time: 8.247369050979614
Sampling 433 with 45758796718672 - sampling time: 7.634932279586792
Sampling 434 with 54947796831776 - sampling time: 7.048989772796631
Sampling 435 with 84687201979774 - sampling time: 4.985746622085571
Sampling 436 with 19538686365825 - sampling time: 9.569023847579956
Sampling 437 with 55379968325640 - sampling time: 6.896724462509155
Sampling 438 with 80542966190011 - sampling time: 7.094550609588623
Sampling 439 with 56892293781146 - sampling time: 8.86017918586731
Sampling 440 with 13106815154797 - sampling time: 10.092610597610474
Sampling 441 with 79436466079758 - sampling time: 8.977344989776611
Sampling 442 with 50694652310102 - sampling time: 8.79881739616394
Sampling 443 with 33847928384930 - sampling time: 7.680715322494507
Sampling 444 with 23630206262238 - sampling time: 7.337047100067139
Sampling 445 with 73879183807989 - sampling time: 9.759421110153198
Sampling 446 with 13835789387918 - sampling time: 11.01765489578247
Sampling 447 with 46997748684784 - sampling time: 8.318528175354004
Sampling 448 with 87444475047506 - sampling time: 6.860457897186279
Sampling 449 with 75596980741187 - sampling time: 7.2919206619262695
Sampling 450 with 50779125616102 - sampling time: 9.77911376953125
Sampling 451 with 95256438391010 - sampling time: 6.139494895935059
Sampling 452 with 5341568494466 - sampling time: 11.163183450698853
Sampling 453 with 57927270730443 - sampling time: 8.219728708267212
Sampling 454 with 65253361985274 - sampling time: 9.767446517944336
Sampling 455 with 57874370469894 - sampling time: 9.216598510742188
Sampling 456 with 88366449662772 - sampling time: 9.02168607711792
Sampling 457 with 32190723513317 - sampling time: 11.666395425796509
Sampling 458 with 21226610178535 - sampling time: 9.582306146621704
Sampling 459 with 48981878751006 - sampling time: 8.901675462722778
Sampling 460 with 48964318374972 - sampling time: 8.89667010307312
Sampling 461 with 13806232196357 - sampling time: 9.478947401046753
Sampling 462 with 20851043418163 - sampling time: 9.663840055465698
Sampling 463 with 23518661608699 - sampling time: 11.028817415237427
Sampling 464 with 71276056286898 - sampling time: 8.20300841331482
Sampling 465 with 43967855691520 - sampling time: 6.963151693344116
Sampling 466 with 8934111781624 - sampling time: 10.703388929367065
Sampling 467 with 91657099593614 - sampling time: 9.400835275650024
Sampling 468 with 32240702156232 - sampling time: 7.878242492675781
Sampling 469 with 83978871216409 - sampling time: 7.47523045539856
Sampling 470 with 87129312557136 - sampling time: 7.557614803314209
Sampling 471 with 72060748998830 - sampling time: 6.9584574699401855
Sampling 472 with 92439586759498 - sampling time: 7.492384195327759
Sampling 473 with 44929073068754 - sampling time: 8.142606973648071
Sampling 474 with 27018921327757 - sampling time: 7.020669937133789
Sampling 475 with 21743652155377 - sampling time: 8.829657316207886
Sampling 476 with 82835502079329 - sampling time: 6.365916967391968
Sampling 477 with 76187830839809 - sampling time: 8.121340274810791
Sampling 478 with 97187456459385 - sampling time: 6.579390287399292
Sampling 479 with 93352416946522 - sampling time: 7.530395984649658
Sampling 480 with 65592751976573 - sampling time: 6.9214677810668945
Sampling 481 with 84773098796596 - sampling time: 6.9530134201049805
Sampling 482 with 58352028684330 - sampling time: 8.850592851638794
Sampling 483 with 89207128493399 - sampling time: 6.913031578063965
Sampling 484 with 85150821363006 - sampling time: 9.47472333908081
Sampling 485 with 28757099800736 - sampling time: 9.217048168182373
Sampling 486 with 75297627757831 - sampling time: 5.717158317565918
Sampling 487 with 81304244648222 - sampling time: 6.257335424423218
Sampling 488 with 78481180643567 - sampling time: 7.596028089523315
Sampling 489 with 72566190257005 - sampling time: 7.451820611953735
Sampling 490 with 39238671120650 - sampling time: 8.290043354034424
Sampling 491 with 25847024426638 - sampling time: 8.214091300964355
Sampling 492 with 83600202519775 - sampling time: 5.6613147258758545
Sampling 493 with 21817132727342 - sampling time: 8.787350416183472
Sampling 494 with 5237337407696 - sampling time: 10.714744091033936
Sampling 495 with 49384946998202 - sampling time: 7.512044429779053
Sampling 496 with 23515558159434 - sampling time: 9.537605047225952
Sampling 497 with 63757952406903 - sampling time: 7.130110025405884
Sampling 498 with 6395506964080 - sampling time: 8.171845197677612
Sampling 499 with 80278124942064 - sampling time: 6.992915630340576
--- total time: 4225.340019702911 seconds ---
Output samples created on:  /home/jeho-lab/git/t-wise/Data/Samples/Memory/Financial_2018_05_09_500.samples
	Command being timed: "python3 ./Kclause_Smarch/Smarch/smarch.py -o /home/jeho-lab/git/t-wise/Data/Samples/Memory /home/jeho-lab/git/t-wise/Data/Financial_2018_05_09.dimacs 500"
	User time (seconds): 3569.38
	System time (seconds): 710.89
	Percent of CPU this job got: 101%
	Elapsed (wall clock) time (h:mm:ss or m:ss): 1:10:26
	Average shared text size (kbytes): 0
	Average unshared data size (kbytes): 0
	Average stack size (kbytes): 0
	Average total size (kbytes): 0
	Maximum resident set size (kbytes): 17016
	Average resident set size (kbytes): 0
	Major (requiring I/O) page faults: 0
	Minor (reclaiming a frame) page faults: 554641295
	Voluntary context switches: 1384380
	Involuntary context switches: 73726
	Swaps: 0
	File system inputs: 0
	File system outputs: 62526968
	Socket messages sent: 0
	Socket messages received: 0
	Signals delivered: 0
	Page size (bytes): 4096
	Exit status: 0
