Input file:  /home/jeho-lab/git/t-wise/Data/Financial_2018_05_09.dimacs
Number of samples:  500
Output directory: /home/jeho-lab/git/t-wise/Data/Samples/Time
Counting - Total configurations: 97451212554676
Sampling 0 with 41324774993808 - sampling time: 7.4395482540130615
Sampling 1 with 50765563458940 - sampling time: 6.681525230407715
Sampling 2 with 11520195114752 - sampling time: 7.060298681259155
Sampling 3 with 50431446853399 - sampling time: 6.958177328109741
Sampling 4 with 10079732561589 - sampling time: 9.11080002784729
Sampling 5 with 97418705686384 - sampling time: 4.244686603546143
Sampling 6 with 33748696926665 - sampling time: 7.526134729385376
Sampling 7 with 51231118923708 - sampling time: 5.901139497756958
Sampling 8 with 52547268346880 - sampling time: 7.466689825057983
Sampling 9 with 78707977597151 - sampling time: 5.8597612380981445
Sampling 10 with 44045315464316 - sampling time: 5.918158769607544
Sampling 11 with 61808186096190 - sampling time: 5.963907241821289
Sampling 12 with 19555433639270 - sampling time: 6.97766637802124
Sampling 13 with 64241587270974 - sampling time: 8.309744358062744
Sampling 14 with 57925010186358 - sampling time: 5.338221788406372
Sampling 15 with 61488744607110 - sampling time: 6.592506170272827
Sampling 16 with 13957913237855 - sampling time: 7.493279457092285
Sampling 17 with 36794940603322 - sampling time: 8.765768051147461
Sampling 18 with 72156329001061 - sampling time: 6.213271617889404
Sampling 19 with 7853262210259 - sampling time: 8.061278581619263
Sampling 20 with 64359464361564 - sampling time: 7.874826908111572
Sampling 21 with 27561567543060 - sampling time: 9.168675899505615
Sampling 22 with 17775392652996 - sampling time: 9.393393516540527
Sampling 23 with 26831983481339 - sampling time: 7.510501146316528
Sampling 24 with 45134334746751 - sampling time: 6.620395183563232
Sampling 25 with 18419330662321 - sampling time: 7.043175458908081
Sampling 26 with 13119032722640 - sampling time: 9.547687292098999
Sampling 27 with 12503399799281 - sampling time: 6.97912073135376
Sampling 28 with 40594393869592 - sampling time: 6.527360200881958
Sampling 29 with 5213276910028 - sampling time: 9.205530405044556
Sampling 30 with 64520968371379 - sampling time: 6.385418653488159
Sampling 31 with 27666354779372 - sampling time: 8.340686321258545
Sampling 32 with 21432578974877 - sampling time: 8.605865240097046
Sampling 33 with 39467347544896 - sampling time: 7.7257397174835205
Sampling 34 with 62495597346533 - sampling time: 8.018136501312256
Sampling 35 with 67354289792228 - sampling time: 8.278006315231323
Sampling 36 with 76763336731484 - sampling time: 6.966883659362793
Sampling 37 with 15654032123907 - sampling time: 8.195196866989136
Sampling 38 with 76614008977149 - sampling time: 6.443822383880615
Sampling 39 with 47969965526415 - sampling time: 6.457370042800903
Sampling 40 with 69732438540205 - sampling time: 5.895264387130737
Sampling 41 with 86002387776981 - sampling time: 5.875375986099243
Sampling 42 with 2031044448732 - sampling time: 7.85995888710022
Sampling 43 with 12586142001428 - sampling time: 9.147589445114136
Sampling 44 with 65738103668060 - sampling time: 6.600718975067139
Sampling 45 with 87224303478482 - sampling time: 6.402525424957275
Sampling 46 with 57294942629282 - sampling time: 7.816990375518799
Sampling 47 with 12807426346194 - sampling time: 7.086044549942017
Sampling 48 with 78814223903682 - sampling time: 6.20209527015686
Sampling 49 with 6913324478641 - sampling time: 8.210820436477661
Sampling 50 with 71411228336634 - sampling time: 5.030637502670288
Sampling 51 with 66115038559937 - sampling time: 6.604110240936279
Sampling 52 with 84879143966356 - sampling time: 6.569639205932617
Sampling 53 with 22856337084767 - sampling time: 8.164246559143066
Sampling 54 with 29492105929818 - sampling time: 9.322726249694824
Sampling 55 with 11708054068932 - sampling time: 6.818230628967285
Sampling 56 with 52140870764865 - sampling time: 6.0440590381622314
Sampling 57 with 27710166272047 - sampling time: 8.935147762298584
Sampling 58 with 96496102382661 - sampling time: 6.62609076499939
Sampling 59 with 74025001245690 - sampling time: 6.052750110626221
Sampling 60 with 59720731691173 - sampling time: 6.545519113540649
Sampling 61 with 86752042485526 - sampling time: 7.656736612319946
Sampling 62 with 35426198922769 - sampling time: 7.898814678192139
Sampling 63 with 51734303774098 - sampling time: 6.57848596572876
Sampling 64 with 5697485527973 - sampling time: 9.293461799621582
Sampling 65 with 46751844892231 - sampling time: 7.923178434371948
Sampling 66 with 41058831025365 - sampling time: 7.290404796600342
Sampling 67 with 37417398644874 - sampling time: 8.107466459274292
Sampling 68 with 17295705720204 - sampling time: 7.604490280151367
Sampling 69 with 67658662456481 - sampling time: 8.022834300994873
Sampling 70 with 93583368555953 - sampling time: 6.949215412139893
Sampling 71 with 58694175011840 - sampling time: 7.560498237609863
Sampling 72 with 92769230595843 - sampling time: 7.466496229171753
Sampling 73 with 39331218399175 - sampling time: 6.650539398193359
Sampling 74 with 10469400003974 - sampling time: 8.038957118988037
Sampling 75 with 31340342883903 - sampling time: 8.41264033317566
Sampling 76 with 76781309519596 - sampling time: 5.904709339141846
Sampling 77 with 89213766064638 - sampling time: 5.511646747589111
Sampling 78 with 32798960084295 - sampling time: 8.046965599060059
Sampling 79 with 20132060883193 - sampling time: 6.977877855300903
Sampling 80 with 13378705519813 - sampling time: 7.015678405761719
Sampling 81 with 93927591889318 - sampling time: 7.473976135253906
Sampling 82 with 58426752763564 - sampling time: 5.883662462234497
Sampling 83 with 93003921515198 - sampling time: 6.4026689529418945
Sampling 84 with 66359043567432 - sampling time: 6.260672330856323
Sampling 85 with 33901708675748 - sampling time: 8.07316255569458
Sampling 86 with 51707974595771 - sampling time: 5.485238790512085
Sampling 87 with 68668252971490 - sampling time: 6.411895751953125
Sampling 88 with 858513209886 - sampling time: 6.122709035873413
Sampling 89 with 18918364326223 - sampling time: 8.079628944396973
Sampling 90 with 19015095481551 - sampling time: 6.04100775718689
Sampling 91 with 3664002032920 - sampling time: 9.138790607452393
Sampling 92 with 54317703092780 - sampling time: 7.592280864715576
Sampling 93 with 511986720333 - sampling time: 7.093826055526733
Sampling 94 with 53913902535467 - sampling time: 6.438531160354614
Sampling 95 with 53313911676351 - sampling time: 8.365777730941772
Sampling 96 with 84725439044338 - sampling time: 5.347210168838501
Sampling 97 with 51090030266314 - sampling time: 8.239321231842041
Sampling 98 with 14553521485825 - sampling time: 8.598876714706421
Sampling 99 with 51404581730362 - sampling time: 6.427117109298706
Sampling 100 with 12457208823824 - sampling time: 8.055649280548096
Sampling 101 with 73877471993139 - sampling time: 4.873331308364868
Sampling 102 with 68221338451563 - sampling time: 6.418450593948364
Sampling 103 with 64587727100627 - sampling time: 6.959897994995117
Sampling 104 with 92475696922889 - sampling time: 7.808048486709595
Sampling 105 with 75379291744241 - sampling time: 5.3418779373168945
Sampling 106 with 43323413959219 - sampling time: 7.126305103302002
Sampling 107 with 83139812928420 - sampling time: 5.886395215988159
Sampling 108 with 26402184173339 - sampling time: 8.045390367507935
Sampling 109 with 89898288466312 - sampling time: 5.876220703125
Sampling 110 with 81849292788377 - sampling time: 6.005599498748779
Sampling 111 with 18114583045906 - sampling time: 8.064537763595581
Sampling 112 with 39752095033942 - sampling time: 7.362687826156616
Sampling 113 with 68520603553498 - sampling time: 6.6234235763549805
Sampling 114 with 88496763740057 - sampling time: 6.6679370403289795
Sampling 115 with 33931765989775 - sampling time: 8.66683840751648
Sampling 116 with 62737447900118 - sampling time: 6.581772327423096
Sampling 117 with 35310949948919 - sampling time: 7.866154670715332
Sampling 118 with 46497676766981 - sampling time: 5.4769861698150635
Sampling 119 with 29378333742586 - sampling time: 8.279270648956299
Sampling 120 with 80946211374234 - sampling time: 5.512465476989746
Sampling 121 with 70772011170723 - sampling time: 7.671730279922485
Sampling 122 with 12007956227615 - sampling time: 7.963929176330566
Sampling 123 with 18992924698005 - sampling time: 8.237274408340454
Sampling 124 with 71102602912249 - sampling time: 8.298593521118164
Sampling 125 with 40789632490381 - sampling time: 6.635342836380005
Sampling 126 with 63724127926828 - sampling time: 6.526262998580933
Sampling 127 with 72598391169166 - sampling time: 6.143983602523804
Sampling 128 with 94080815855881 - sampling time: 5.457672834396362
Sampling 129 with 6549298218505 - sampling time: 6.254120349884033
Sampling 130 with 35677161921680 - sampling time: 8.231545686721802
Sampling 131 with 91339979381573 - sampling time: 6.689995527267456
Sampling 132 with 41582996790918 - sampling time: 7.26776123046875
Sampling 133 with 81256152153242 - sampling time: 6.719120264053345
Sampling 134 with 16039212875481 - sampling time: 6.5262579917907715
Sampling 135 with 46451302759574 - sampling time: 5.772819757461548
Sampling 136 with 151684995489 - sampling time: 8.647821426391602
Sampling 137 with 11040491113331 - sampling time: 9.107783794403076
Sampling 138 with 73184931556275 - sampling time: 6.584962368011475
Sampling 139 with 24151748524322 - sampling time: 7.03669548034668
Sampling 140 with 34671542329298 - sampling time: 8.86663556098938
Sampling 141 with 74920213746783 - sampling time: 5.350462198257446
Sampling 142 with 70434007255603 - sampling time: 7.643298149108887
Sampling 143 with 17896730081296 - sampling time: 7.562093734741211
Sampling 144 with 13993504116548 - sampling time: 6.52867317199707
Sampling 145 with 77648943321640 - sampling time: 6.423663139343262
Sampling 146 with 96524208031907 - sampling time: 4.884623765945435
Sampling 147 with 67788546944387 - sampling time: 4.932356357574463
Sampling 148 with 38138876534173 - sampling time: 8.12970232963562
Sampling 149 with 9533019532452 - sampling time: 7.689934015274048
Sampling 150 with 56759685518181 - sampling time: 6.425515651702881
Sampling 151 with 32291837699739 - sampling time: 8.848252296447754
Sampling 152 with 9145084623560 - sampling time: 5.916053295135498
Sampling 153 with 84491226633862 - sampling time: 6.611239910125732
Sampling 154 with 67206149735411 - sampling time: 6.931912899017334
Sampling 155 with 65333605318451 - sampling time: 5.9141740798950195
Sampling 156 with 74302991372260 - sampling time: 6.713683366775513
Sampling 157 with 67745546743639 - sampling time: 6.41648530960083
Sampling 158 with 9355147014099 - sampling time: 8.231876611709595
Sampling 159 with 88770818503520 - sampling time: 6.943455934524536
Sampling 160 with 4695729465229 - sampling time: 7.1074841022491455
Sampling 161 with 4853207781748 - sampling time: 8.108399629592896
Sampling 162 with 16951363188832 - sampling time: 6.007411956787109
Sampling 163 with 25617647196502 - sampling time: 7.496578931808472
Sampling 164 with 88571666778800 - sampling time: 6.519114971160889
Sampling 165 with 42809860542585 - sampling time: 6.448866844177246
Sampling 166 with 78041968282631 - sampling time: 6.074207782745361
Sampling 167 with 87066916250985 - sampling time: 6.128586769104004
Sampling 168 with 33094409946454 - sampling time: 6.499112606048584
Sampling 169 with 95792139689132 - sampling time: 5.433547258377075
Sampling 170 with 86655716130555 - sampling time: 6.4253880977630615
Sampling 171 with 35055875203141 - sampling time: 7.125353097915649
Sampling 172 with 23500122554039 - sampling time: 8.552429676055908
Sampling 173 with 89509793380896 - sampling time: 5.467132091522217
Sampling 174 with 49635929032319 - sampling time: 7.517993927001953
Sampling 175 with 80532581270292 - sampling time: 5.9553656578063965
Sampling 176 with 49861955615160 - sampling time: 8.104893684387207
Sampling 177 with 81039117744305 - sampling time: 5.877349615097046
Sampling 178 with 56718018321033 - sampling time: 7.486398935317993
Sampling 179 with 51264712556886 - sampling time: 7.936743497848511
Sampling 180 with 19270707653360 - sampling time: 8.96148419380188
Sampling 181 with 65959605481657 - sampling time: 8.161041021347046
Sampling 182 with 65287401903092 - sampling time: 6.680420875549316
Sampling 183 with 15710500634551 - sampling time: 6.588565111160278
Sampling 184 with 26171945710984 - sampling time: 7.857368230819702
Sampling 185 with 56553682736963 - sampling time: 8.850619792938232
Sampling 186 with 41022324740074 - sampling time: 7.844997406005859
Sampling 187 with 9527570365072 - sampling time: 7.391616582870483
Sampling 188 with 60136349478044 - sampling time: 5.402100324630737
Sampling 189 with 85693602428537 - sampling time: 5.606330871582031
Sampling 190 with 12646170100904 - sampling time: 8.1835355758667
Sampling 191 with 51275210220459 - sampling time: 7.843801021575928
Sampling 192 with 59301336502866 - sampling time: 5.496019124984741
Sampling 193 with 35937763416489 - sampling time: 7.83989405632019
Sampling 194 with 4001062512286 - sampling time: 8.75613021850586
Sampling 195 with 41920661253435 - sampling time: 6.713439226150513
Sampling 196 with 92031604577469 - sampling time: 6.547779083251953
Sampling 197 with 22584449565421 - sampling time: 7.663452386856079
Sampling 198 with 91145898482566 - sampling time: 6.7717530727386475
Sampling 199 with 29507343655773 - sampling time: 7.631721019744873
Sampling 200 with 7428031083088 - sampling time: 7.8570029735565186
Sampling 201 with 68724970562266 - sampling time: 7.635551452636719
Sampling 202 with 65288723298703 - sampling time: 7.2428297996521
Sampling 203 with 21404418214493 - sampling time: 7.111142873764038
Sampling 204 with 85243320178908 - sampling time: 5.451181888580322
Sampling 205 with 3979095133712 - sampling time: 8.617555141448975
Sampling 206 with 40777734662811 - sampling time: 8.055599689483643
Sampling 207 with 19910786779756 - sampling time: 6.971819877624512
Sampling 208 with 27461792526650 - sampling time: 9.130698680877686
Sampling 209 with 10433490945852 - sampling time: 8.183615684509277
Sampling 210 with 76387428246553 - sampling time: 5.504251480102539
Sampling 211 with 37726000565263 - sampling time: 7.85026216506958
Sampling 212 with 89073077478532 - sampling time: 7.604790925979614
Sampling 213 with 47346663177917 - sampling time: 7.66762638092041
Sampling 214 with 54669871571828 - sampling time: 6.418865919113159
Sampling 215 with 95934804999970 - sampling time: 5.927218675613403
Sampling 216 with 334237326075 - sampling time: 6.506316900253296
Sampling 217 with 14932009905645 - sampling time: 7.570562362670898
Sampling 218 with 63748162587168 - sampling time: 6.673892974853516
Sampling 219 with 26921044247843 - sampling time: 8.06702995300293
Sampling 220 with 41522618251657 - sampling time: 8.420318603515625
Sampling 221 with 20534808333720 - sampling time: 6.972705602645874
Sampling 222 with 43976626171728 - sampling time: 7.804319620132446
Sampling 223 with 22999018005451 - sampling time: 6.449531555175781
Sampling 224 with 83516572247635 - sampling time: 5.710069179534912
Sampling 225 with 82639652537237 - sampling time: 6.791057348251343
Sampling 226 with 1135125324927 - sampling time: 8.084471464157104
Sampling 227 with 29601946331651 - sampling time: 7.508717775344849
Sampling 228 with 88757920096019 - sampling time: 5.939779281616211
Sampling 229 with 31760322757470 - sampling time: 8.209185361862183
Sampling 230 with 46467024106965 - sampling time: 5.895993947982788
Sampling 231 with 65994418265219 - sampling time: 6.087228059768677
Sampling 232 with 89562401885317 - sampling time: 5.362180471420288
Sampling 233 with 46846370473325 - sampling time: 6.085151433944702
Sampling 234 with 57174427231232 - sampling time: 7.547080993652344
Sampling 235 with 77931662285863 - sampling time: 5.355840682983398
Sampling 236 with 26681811615841 - sampling time: 9.135512590408325
Sampling 237 with 61971203163400 - sampling time: 7.052021026611328
Sampling 238 with 39454584518323 - sampling time: 6.521538496017456
Sampling 239 with 45712233661458 - sampling time: 8.032782793045044
Sampling 240 with 29938956859115 - sampling time: 7.129547834396362
Sampling 241 with 34006248240087 - sampling time: 8.167232275009155
Sampling 242 with 95607143307511 - sampling time: 6.62212061882019
Sampling 243 with 50042936168840 - sampling time: 8.255165338516235
Sampling 244 with 62980354881678 - sampling time: 5.4219841957092285
Sampling 245 with 65959287253666 - sampling time: 6.2522873878479
Sampling 246 with 51733816889031 - sampling time: 7.727624893188477
Sampling 247 with 43265916434763 - sampling time: 8.627770185470581
Sampling 248 with 25044486583912 - sampling time: 7.704392194747925
Sampling 249 with 6994249233019 - sampling time: 9.013439178466797
Sampling 250 with 2639529691564 - sampling time: 7.759655952453613
Sampling 251 with 41726868043914 - sampling time: 6.736920356750488
Sampling 252 with 34121973401264 - sampling time: 7.296263217926025
Sampling 253 with 84929689447303 - sampling time: 6.563102722167969
Sampling 254 with 83534485824083 - sampling time: 6.809377431869507
Sampling 255 with 8331462275288 - sampling time: 8.18574571609497
Sampling 256 with 79548518852694 - sampling time: 6.130468368530273
Sampling 257 with 5951713764998 - sampling time: 7.113411903381348
Sampling 258 with 88083070287924 - sampling time: 6.6835243701934814
Sampling 259 with 67919409445163 - sampling time: 6.534513473510742
Sampling 260 with 65467949940473 - sampling time: 6.617864370346069
Sampling 261 with 67375428259719 - sampling time: 7.727929353713989
Sampling 262 with 15859217404328 - sampling time: 8.217040538787842
Sampling 263 with 38277417016798 - sampling time: 6.631929874420166
Sampling 264 with 74401109114278 - sampling time: 5.465801000595093
Sampling 265 with 95643849339614 - sampling time: 7.410195350646973
Sampling 266 with 72056685262944 - sampling time: 7.072714328765869
Sampling 267 with 26363577079618 - sampling time: 8.583788633346558
Sampling 268 with 80266141146742 - sampling time: 5.970646858215332
Sampling 269 with 466628374934 - sampling time: 6.186323404312134
Sampling 270 with 88306325515361 - sampling time: 6.555821180343628
Sampling 271 with 61579736260755 - sampling time: 6.65328574180603
Sampling 272 with 23857580515334 - sampling time: 8.19496464729309
Sampling 273 with 61428960259550 - sampling time: 6.212648868560791
Sampling 274 with 9948927244703 - sampling time: 7.57654070854187
Sampling 275 with 4646846414824 - sampling time: 8.03112506866455
Sampling 276 with 38244381100652 - sampling time: 8.779759407043457
Sampling 277 with 92707188299147 - sampling time: 6.391668796539307
Sampling 278 with 53025838161965 - sampling time: 7.6559083461761475
Sampling 279 with 15761081755022 - sampling time: 8.079292058944702
Sampling 280 with 14961641438818 - sampling time: 7.133404970169067
Sampling 281 with 48162126908806 - sampling time: 5.3730151653289795
Sampling 282 with 80506781710352 - sampling time: 5.500056505203247
Sampling 283 with 58279431349895 - sampling time: 7.109057664871216
Sampling 284 with 1032509561214 - sampling time: 7.012422323226929
Sampling 285 with 30758980346667 - sampling time: 7.075136184692383
Sampling 286 with 74226656371472 - sampling time: 5.920517683029175
Sampling 287 with 78240903047928 - sampling time: 6.732516765594482
Sampling 288 with 93268524986545 - sampling time: 6.451090097427368
Sampling 289 with 6093486405303 - sampling time: 9.318108558654785
Sampling 290 with 46351393802668 - sampling time: 6.960638046264648
Sampling 291 with 47334592765919 - sampling time: 6.453099966049194
Sampling 292 with 14538749938533 - sampling time: 7.527697563171387
Sampling 293 with 71495199779519 - sampling time: 8.065200328826904
Sampling 294 with 18173381495063 - sampling time: 7.155800819396973
Sampling 295 with 65421491301159 - sampling time: 5.955021619796753
Sampling 296 with 78846053154765 - sampling time: 6.717377185821533
Sampling 297 with 25648028245145 - sampling time: 7.77530312538147
Sampling 298 with 10569971958842 - sampling time: 8.827898740768433
Sampling 299 with 36759824333879 - sampling time: 6.457807302474976
Sampling 300 with 78832575856635 - sampling time: 7.1953125
Sampling 301 with 55123413307636 - sampling time: 5.933276176452637
Sampling 302 with 52115415703344 - sampling time: 5.986455678939819
Sampling 303 with 2268786529091 - sampling time: 6.467840909957886
Sampling 304 with 42410001888290 - sampling time: 7.500626087188721
Sampling 305 with 898238729139 - sampling time: 7.032447576522827
Sampling 306 with 14920953681691 - sampling time: 9.663785934448242
Sampling 307 with 36403647670980 - sampling time: 7.785038948059082
Sampling 308 with 97009744628030 - sampling time: 5.345726728439331
Sampling 309 with 86968648220547 - sampling time: 5.397076606750488
Sampling 310 with 19059016919861 - sampling time: 8.139487028121948
Sampling 311 with 82312863032980 - sampling time: 5.934404134750366
Sampling 312 with 70857565003480 - sampling time: 6.99135422706604
Sampling 313 with 62175680213402 - sampling time: 8.12782907485962
Sampling 314 with 34848248640692 - sampling time: 7.173485994338989
Sampling 315 with 62339507396906 - sampling time: 7.778962850570679
Sampling 316 with 4650779598583 - sampling time: 7.082263231277466
Sampling 317 with 20224738291785 - sampling time: 7.810244083404541
Sampling 318 with 69623278681377 - sampling time: 7.533864736557007
Sampling 319 with 6702839723615 - sampling time: 8.198146104812622
Sampling 320 with 43827694616167 - sampling time: 6.669601917266846
Sampling 321 with 91233572082638 - sampling time: 6.562987565994263
Sampling 322 with 41083128447172 - sampling time: 7.894604444503784
Sampling 323 with 85106992576938 - sampling time: 6.1449363231658936
Sampling 324 with 79659560069885 - sampling time: 7.0847554206848145
Sampling 325 with 73695921332343 - sampling time: 5.5253612995147705
Sampling 326 with 67886308199436 - sampling time: 6.551659107208252
Sampling 327 with 29785240673312 - sampling time: 8.928755521774292
Sampling 328 with 60397400308756 - sampling time: 7.7699830532073975
Sampling 329 with 48577161835133 - sampling time: 6.630872011184692
Sampling 330 with 54500236234218 - sampling time: 7.112016439437866
Sampling 331 with 54913538077731 - sampling time: 5.7095561027526855
Sampling 332 with 66732975464223 - sampling time: 7.236557483673096
Sampling 333 with 50739114110917 - sampling time: 7.078775405883789
Sampling 334 with 1440452030199 - sampling time: 7.139956474304199
Sampling 335 with 75629637908843 - sampling time: 7.074822902679443
Sampling 336 with 42083197889896 - sampling time: 7.8000030517578125
Sampling 337 with 92272017063254 - sampling time: 7.16849684715271
Sampling 338 with 42257411486055 - sampling time: 6.1529481410980225
Sampling 339 with 11262784047725 - sampling time: 7.519547462463379
Sampling 340 with 3206400915020 - sampling time: 7.103105783462524
Sampling 341 with 74501443734815 - sampling time: 6.956677675247192
Sampling 342 with 42816362119568 - sampling time: 8.562457084655762
Sampling 343 with 6720179490194 - sampling time: 8.0496187210083
Sampling 344 with 55329026436733 - sampling time: 7.49075984954834
Sampling 345 with 29584422830319 - sampling time: 8.568296432495117
Sampling 346 with 87036786642878 - sampling time: 6.4509124755859375
Sampling 347 with 54130570404683 - sampling time: 6.633727073669434
Sampling 348 with 67765851345218 - sampling time: 6.946677923202515
Sampling 349 with 86078209541681 - sampling time: 4.341714859008789
Sampling 350 with 8087889428583 - sampling time: 7.524340391159058
Sampling 351 with 59417385850900 - sampling time: 6.95189905166626
Sampling 352 with 33820038653590 - sampling time: 7.037507057189941
Sampling 353 with 55350009302734 - sampling time: 5.366743326187134
Sampling 354 with 47720038643382 - sampling time: 5.971153974533081
Sampling 355 with 53319123578535 - sampling time: 8.303560972213745
Sampling 356 with 60897163228407 - sampling time: 5.617478847503662
Sampling 357 with 91632798641938 - sampling time: 7.218456268310547
Sampling 358 with 44799199522257 - sampling time: 6.082228422164917
Sampling 359 with 57972435315304 - sampling time: 6.509532928466797
Sampling 360 with 31747410896385 - sampling time: 6.5614705085754395
Sampling 361 with 28656712263933 - sampling time: 7.1192920207977295
Sampling 362 with 71322316302619 - sampling time: 6.425246715545654
Sampling 363 with 11072905373692 - sampling time: 8.346527338027954
Sampling 364 with 68917257428901 - sampling time: 6.434370040893555
Sampling 365 with 73918431834817 - sampling time: 5.531006574630737
Sampling 366 with 26015574150877 - sampling time: 8.583014965057373
Sampling 367 with 50165297602889 - sampling time: 8.109576940536499
Sampling 368 with 84520126341361 - sampling time: 5.327823877334595
Sampling 369 with 25647667994032 - sampling time: 8.812521934509277
Sampling 370 with 69487298699881 - sampling time: 7.24446177482605
Sampling 371 with 79890220104841 - sampling time: 4.825451135635376
Sampling 372 with 67877829240884 - sampling time: 6.099844455718994
Sampling 373 with 52584366638780 - sampling time: 7.50390362739563
Sampling 374 with 77176920246531 - sampling time: 8.182918787002563
Sampling 375 with 59645786233368 - sampling time: 6.935835599899292
Sampling 376 with 70256122481514 - sampling time: 5.436732053756714
Sampling 377 with 85886828055467 - sampling time: 7.502048969268799
Sampling 378 with 24897893771508 - sampling time: 8.081059694290161
Sampling 379 with 81599520787807 - sampling time: 6.969036102294922
Sampling 380 with 23458276751382 - sampling time: 6.999099493026733
Sampling 381 with 34552141771877 - sampling time: 6.689078092575073
Sampling 382 with 8180763440111 - sampling time: 9.452453136444092
Sampling 383 with 4187728559124 - sampling time: 7.300970792770386
Sampling 384 with 89481291124497 - sampling time: 6.508000612258911
Sampling 385 with 83337119850715 - sampling time: 7.18143367767334
Sampling 386 with 22067588052904 - sampling time: 8.25807523727417
Sampling 387 with 26631614325163 - sampling time: 8.318993330001831
Sampling 388 with 26079355217548 - sampling time: 7.098324537277222
Sampling 389 with 39920855904038 - sampling time: 6.052212238311768
Sampling 390 with 59731341868750 - sampling time: 7.81093955039978
Sampling 391 with 23331870154878 - sampling time: 7.164361476898193
Sampling 392 with 41948816732054 - sampling time: 7.8300347328186035
Sampling 393 with 40492270757132 - sampling time: 7.744946002960205
Sampling 394 with 49529770242045 - sampling time: 6.7257773876190186
Sampling 395 with 39724522046839 - sampling time: 8.239843606948853
Sampling 396 with 7749462758555 - sampling time: 9.553211450576782
Sampling 397 with 74761661929618 - sampling time: 5.887190103530884
Sampling 398 with 4641502295352 - sampling time: 7.719359397888184
Sampling 399 with 81363036481696 - sampling time: 5.494269371032715
Sampling 400 with 12317444875193 - sampling time: 7.12929630279541
Sampling 401 with 86680702994055 - sampling time: 6.63810133934021
Sampling 402 with 71289651087712 - sampling time: 5.590581655502319
Sampling 403 with 46424484945618 - sampling time: 6.655500411987305
Sampling 404 with 42473249103958 - sampling time: 7.727734565734863
Sampling 405 with 30817804023667 - sampling time: 7.90826678276062
Sampling 406 with 73825099318363 - sampling time: 6.506999254226685
Sampling 407 with 1818447043411 - sampling time: 8.243453741073608
Sampling 408 with 16196548619221 - sampling time: 7.037593126296997
Sampling 409 with 26885055631591 - sampling time: 8.347098588943481
Sampling 410 with 1464759861166 - sampling time: 7.115815162658691
Sampling 411 with 12854886005805 - sampling time: 7.783653974533081
Sampling 412 with 81263140982255 - sampling time: 6.502518892288208
Sampling 413 with 89495431257663 - sampling time: 5.878931522369385
Sampling 414 with 30825586581473 - sampling time: 6.589582204818726
Sampling 415 with 29516606362838 - sampling time: 8.0628342628479
Sampling 416 with 91552630117265 - sampling time: 6.092682600021362
Sampling 417 with 14732627360795 - sampling time: 8.570343017578125
Sampling 418 with 85239831488285 - sampling time: 6.2150232791900635
Sampling 419 with 40064501182512 - sampling time: 8.330942392349243
Sampling 420 with 60641277136982 - sampling time: 5.88913631439209
Sampling 421 with 34616344034101 - sampling time: 8.297274827957153
Sampling 422 with 55203558028904 - sampling time: 7.508945941925049
Sampling 423 with 75261395449444 - sampling time: 6.013490915298462
Sampling 424 with 5331278498759 - sampling time: 7.58879280090332
Sampling 425 with 43335567887046 - sampling time: 7.119421720504761
Sampling 426 with 94362422116274 - sampling time: 5.360378742218018
Sampling 427 with 16348291496180 - sampling time: 7.178306341171265
Sampling 428 with 82198677843410 - sampling time: 4.82496190071106
Sampling 429 with 74275529777522 - sampling time: 6.300961017608643
Sampling 430 with 83339461160980 - sampling time: 5.032128095626831
Sampling 431 with 22901623381289 - sampling time: 6.974918842315674
Sampling 432 with 53609577485828 - sampling time: 7.724586725234985
Sampling 433 with 78637677217961 - sampling time: 5.362540245056152
Sampling 434 with 57165105393524 - sampling time: 6.03448486328125
Sampling 435 with 80345765604408 - sampling time: 5.879281997680664
Sampling 436 with 47857457806507 - sampling time: 7.0861475467681885
Sampling 437 with 54101824397537 - sampling time: 7.499310731887817
Sampling 438 with 45523376944589 - sampling time: 7.0048582553863525
Sampling 439 with 57494231021929 - sampling time: 6.9805169105529785
Sampling 440 with 70620047827999 - sampling time: 5.906399488449097
Sampling 441 with 53524292118336 - sampling time: 6.530033349990845
Sampling 442 with 72493438722694 - sampling time: 6.971425294876099
Sampling 443 with 12232949572681 - sampling time: 8.261324405670166
Sampling 444 with 63119550863134 - sampling time: 8.182575464248657
Sampling 445 with 44744441683036 - sampling time: 8.336413383483887
Sampling 446 with 54462184010267 - sampling time: 8.038591623306274
Sampling 447 with 82512698281104 - sampling time: 5.530202865600586
Sampling 448 with 72142329436635 - sampling time: 6.953108549118042
Sampling 449 with 13921916339416 - sampling time: 8.782166242599487
Sampling 450 with 32993491690032 - sampling time: 7.809678316116333
Sampling 451 with 13129811249451 - sampling time: 7.6141698360443115
Sampling 452 with 61144554713404 - sampling time: 7.341642618179321
Sampling 453 with 85997791120298 - sampling time: 6.580262660980225
Sampling 454 with 20715717740016 - sampling time: 8.395031929016113
Sampling 455 with 38263186399089 - sampling time: 8.178658723831177
Sampling 456 with 83229423112719 - sampling time: 4.977935791015625
Sampling 457 with 91680724285719 - sampling time: 6.576252460479736
Sampling 458 with 69750643540630 - sampling time: 7.091832399368286
Sampling 459 with 62072530531238 - sampling time: 8.218117952346802
Sampling 460 with 81738570698189 - sampling time: 5.652778387069702
Sampling 461 with 987586178155 - sampling time: 7.901624441146851
Sampling 462 with 22596323228186 - sampling time: 8.384840250015259
Sampling 463 with 85650582442086 - sampling time: 5.585098028182983
Sampling 464 with 48855392607398 - sampling time: 7.098851203918457
Sampling 465 with 69525261956225 - sampling time: 6.658777475357056
Sampling 466 with 44645842157062 - sampling time: 6.08227014541626
Sampling 467 with 91965010724854 - sampling time: 5.418738603591919
Sampling 468 with 12762167163922 - sampling time: 7.696430444717407
Sampling 469 with 31634839557312 - sampling time: 7.150266647338867
Sampling 470 with 8460077604505 - sampling time: 8.719748973846436
Sampling 471 with 63952962415269 - sampling time: 7.057885408401489
Sampling 472 with 11370116603529 - sampling time: 7.843977451324463
Sampling 473 with 9287443024333 - sampling time: 9.419865846633911
Sampling 474 with 43460544836586 - sampling time: 7.775590896606445
Sampling 475 with 77327710955088 - sampling time: 6.960989952087402
Sampling 476 with 58616552823467 - sampling time: 6.528892993927002
Sampling 477 with 60603348185529 - sampling time: 6.041700839996338
Sampling 478 with 18502884199516 - sampling time: 8.848851680755615
Sampling 479 with 92412388695661 - sampling time: 5.8946802616119385
Sampling 480 with 66743826630788 - sampling time: 7.2432310581207275
Sampling 481 with 92725803981638 - sampling time: 5.9080893993377686
Sampling 482 with 79307339609117 - sampling time: 6.442288160324097
Sampling 483 with 95137909908900 - sampling time: 5.2351930141448975
Sampling 484 with 85778455906268 - sampling time: 6.94983172416687
Sampling 485 with 31834620633300 - sampling time: 8.041964769363403
Sampling 486 with 46181164302633 - sampling time: 7.052148342132568
Sampling 487 with 93788247580177 - sampling time: 5.8850061893463135
Sampling 488 with 34441816893622 - sampling time: 8.796703338623047
Sampling 489 with 77866471009834 - sampling time: 6.945649862289429
Sampling 490 with 6607493551676 - sampling time: 8.197108745574951
Sampling 491 with 56691638732909 - sampling time: 7.514446258544922
Sampling 492 with 20328833331826 - sampling time: 7.530488967895508
Sampling 493 with 50315058364387 - sampling time: 8.001966714859009
Sampling 494 with 22114044498399 - sampling time: 7.491243600845337
Sampling 495 with 36545297964259 - sampling time: 7.110146522521973
Sampling 496 with 81163244019975 - sampling time: 5.8837666511535645
Sampling 497 with 17788855533718 - sampling time: 8.475549221038818
Sampling 498 with 54800612258091 - sampling time: 8.586140632629395
Sampling 499 with 86960025150775 - sampling time: 7.184923887252808
--- total time: 3552.6061203479767 seconds ---
Output samples created on:  /home/jeho-lab/git/t-wise/Data/Samples/Time/Financial_2018_05_09_500.samples

real	59m13.303s
user	48m44.342s
sys	11m17.964s
