Input file:  /home/jeho-lab/git/t-wise/Data/Financial_2018_05_09.dimacs
Number of samples:  200
Output directory: /home/jeho-lab/git/t-wise/Data/Samples/Time
Counting - Total configurations: 97451212554676
Sampling 0 with 52793757144153 - sampling time: 7.971272706985474
Sampling 1 with 58647305828869 - sampling time: 7.903938055038452
Sampling 2 with 60800262102142 - sampling time: 7.3562092781066895
Sampling 3 with 70075759090926 - sampling time: 5.807487964630127
Sampling 4 with 90350438602486 - sampling time: 5.238009452819824
Sampling 5 with 41922211995985 - sampling time: 8.226594924926758
Sampling 6 with 66788932534074 - sampling time: 7.914380788803101
Sampling 7 with 83959318162242 - sampling time: 6.387326240539551
Sampling 8 with 20326456794456 - sampling time: 6.396134614944458
Sampling 9 with 12071464920996 - sampling time: 7.464660882949829
Sampling 10 with 72310047102933 - sampling time: 6.383207082748413
Sampling 11 with 4384007207636 - sampling time: 8.662514686584473
Sampling 12 with 38273575448396 - sampling time: 8.53551697731018
Sampling 13 with 32913353538979 - sampling time: 7.598935842514038
Sampling 14 with 72194136341621 - sampling time: 6.38346529006958
Sampling 15 with 90827045754251 - sampling time: 8.518416166305542
Sampling 16 with 59555700753512 - sampling time: 6.34799337387085
Sampling 17 with 86405990224618 - sampling time: 7.421049356460571
Sampling 18 with 45140444240742 - sampling time: 6.961083173751831
Sampling 19 with 88811365654897 - sampling time: 6.942660093307495
Sampling 20 with 96364960346995 - sampling time: 7.0005950927734375
Sampling 21 with 51938754325847 - sampling time: 7.908121347427368
Sampling 22 with 51518630077039 - sampling time: 6.9604973793029785
Sampling 23 with 23120846089857 - sampling time: 7.958630323410034
Sampling 24 with 38700008838470 - sampling time: 7.018314361572266
Sampling 25 with 87414358112357 - sampling time: 6.373739957809448
Sampling 26 with 52903378944646 - sampling time: 6.429457902908325
Sampling 27 with 96934564108287 - sampling time: 4.8228559494018555
Sampling 28 with 47172040379682 - sampling time: 6.360140800476074
Sampling 29 with 50256571683003 - sampling time: 7.960032224655151
Sampling 30 with 58853858270262 - sampling time: 5.339888572692871
Sampling 31 with 90260560125773 - sampling time: 5.350053310394287
Sampling 32 with 23248190091208 - sampling time: 7.434710741043091
Sampling 33 with 59900511050617 - sampling time: 5.96898078918457
Sampling 34 with 58402774591556 - sampling time: 7.063086032867432
Sampling 35 with 22364616223611 - sampling time: 6.134556531906128
Sampling 36 with 63157461393217 - sampling time: 6.532991647720337
Sampling 37 with 13290967031791 - sampling time: 8.27967882156372
Sampling 38 with 88806268105915 - sampling time: 6.039359092712402
Sampling 39 with 95126062256798 - sampling time: 5.472239017486572
Sampling 40 with 50256249064548 - sampling time: 7.27178430557251
Sampling 41 with 34702383094358 - sampling time: 7.101721286773682
Sampling 42 with 57637123491772 - sampling time: 5.621121883392334
Sampling 43 with 32741657437259 - sampling time: 7.652480125427246
Sampling 44 with 25200986363290 - sampling time: 8.84664273262024
Sampling 45 with 42909036848665 - sampling time: 8.298913717269897
Sampling 46 with 75749575973464 - sampling time: 6.652010917663574
Sampling 47 with 5691226287957 - sampling time: 9.305423974990845
Sampling 48 with 51264450598794 - sampling time: 6.570708513259888
Sampling 49 with 24964522208791 - sampling time: 6.125009536743164
Sampling 50 with 87983099806795 - sampling time: 6.586873292922974
Sampling 51 with 57273510249100 - sampling time: 6.091514825820923
Sampling 52 with 91233626569205 - sampling time: 5.451869010925293
Sampling 53 with 76195870531718 - sampling time: 7.782951354980469
Sampling 54 with 43192079888295 - sampling time: 7.467081069946289
Sampling 55 with 29398869928545 - sampling time: 7.504128694534302
Sampling 56 with 28695705246448 - sampling time: 6.7270026206970215
Sampling 57 with 76355763640739 - sampling time: 7.1091978549957275
Sampling 58 with 94553303943033 - sampling time: 6.535439968109131
Sampling 59 with 32662861805377 - sampling time: 7.2363550662994385
Sampling 60 with 87893954918821 - sampling time: 5.43271017074585
Sampling 61 with 69741390208770 - sampling time: 5.938639402389526
Sampling 62 with 96192955941824 - sampling time: 4.31879448890686
Sampling 63 with 10841035721880 - sampling time: 6.444668769836426
Sampling 64 with 89743202707948 - sampling time: 6.466515064239502
Sampling 65 with 24187423736015 - sampling time: 8.05988073348999
Sampling 66 with 74658597296221 - sampling time: 5.35228157043457
Sampling 67 with 19211967462260 - sampling time: 8.006150007247925
Sampling 68 with 77110485109575 - sampling time: 5.870834827423096
Sampling 69 with 29216256628527 - sampling time: 8.868082761764526
Sampling 70 with 57317691132960 - sampling time: 6.940081596374512
Sampling 71 with 15956850195613 - sampling time: 8.247836351394653
Sampling 72 with 30338025867766 - sampling time: 8.00851058959961
Sampling 73 with 95238451731365 - sampling time: 8.172748565673828
Sampling 74 with 33113375547043 - sampling time: 8.010171175003052
Sampling 75 with 29786883124908 - sampling time: 7.025310277938843
Sampling 76 with 82358657310140 - sampling time: 4.937864542007446
Sampling 77 with 25634942939197 - sampling time: 6.468530893325806
Sampling 78 with 75892493994656 - sampling time: 7.628740549087524
Sampling 79 with 35255113772186 - sampling time: 7.983994722366333
Sampling 80 with 20445811783853 - sampling time: 7.109102010726929
Sampling 81 with 13452564031179 - sampling time: 7.490913152694702
Sampling 82 with 71337362975463 - sampling time: 7.626363277435303
Sampling 83 with 9109670257309 - sampling time: 7.491077423095703
Sampling 84 with 39408553739863 - sampling time: 7.660484552383423
Sampling 85 with 78170488891151 - sampling time: 6.9592578411102295
Sampling 86 with 7962463367519 - sampling time: 6.476585149765015
Sampling 87 with 21359697506521 - sampling time: 7.484264612197876
Sampling 88 with 59598025378939 - sampling time: 6.410062313079834
Sampling 89 with 75740747105749 - sampling time: 6.523804426193237
Sampling 90 with 69787673911127 - sampling time: 5.38308048248291
Sampling 91 with 509228200342 - sampling time: 5.99079704284668
Sampling 92 with 9503978142424 - sampling time: 7.50450873374939
Sampling 93 with 81163038060671 - sampling time: 6.976330041885376
Sampling 94 with 32814966091951 - sampling time: 6.445708751678467
Sampling 95 with 7269635678425 - sampling time: 7.594671010971069
Sampling 96 with 29581865632332 - sampling time: 7.488637924194336
Sampling 97 with 42709992576043 - sampling time: 8.039702653884888
Sampling 98 with 30012312633721 - sampling time: 7.051342964172363
Sampling 99 with 20400845751466 - sampling time: 8.010689735412598
Sampling 100 with 7079003246414 - sampling time: 7.678698539733887
Sampling 101 with 8859941193 - sampling time: 9.102914810180664
Sampling 102 with 67397964185918 - sampling time: 7.163890838623047
Sampling 103 with 27156477810344 - sampling time: 8.152472019195557
Sampling 104 with 38660199662983 - sampling time: 8.37493896484375
Sampling 105 with 81877686948121 - sampling time: 5.967416048049927
Sampling 106 with 56562162756507 - sampling time: 6.691633224487305
Sampling 107 with 20990105774627 - sampling time: 9.448309183120728
Sampling 108 with 10909378065943 - sampling time: 9.032472848892212
Sampling 109 with 25843372338589 - sampling time: 8.570953845977783
Sampling 110 with 18954504668610 - sampling time: 6.022632598876953
Sampling 111 with 6968901781346 - sampling time: 8.362508296966553
Sampling 112 with 32427664482883 - sampling time: 7.6861865520477295
Sampling 113 with 82958929654289 - sampling time: 6.619252443313599
Sampling 114 with 21987904630889 - sampling time: 8.278897762298584
Sampling 115 with 84174375124714 - sampling time: 5.5257568359375
Sampling 116 with 9068640986626 - sampling time: 7.695324182510376
Sampling 117 with 3989089472159 - sampling time: 8.316999912261963
Sampling 118 with 87031009100931 - sampling time: 5.585808515548706
Sampling 119 with 29073869462139 - sampling time: 8.143537998199463
Sampling 120 with 89790593928562 - sampling time: 5.472822189331055
Sampling 121 with 50126051428082 - sampling time: 6.708503007888794
Sampling 122 with 73824534446694 - sampling time: 6.564908027648926
Sampling 123 with 85750133847868 - sampling time: 5.6999266147613525
Sampling 124 with 2779726032519 - sampling time: 6.008291482925415
Sampling 125 with 7541201327547 - sampling time: 7.072527647018433
Sampling 126 with 26636329342193 - sampling time: 6.6138153076171875
Sampling 127 with 81691883963954 - sampling time: 6.518260955810547
Sampling 128 with 53346458695530 - sampling time: 5.865889072418213
Sampling 129 with 50864255131264 - sampling time: 6.4409191608428955
Sampling 130 with 1162473585831 - sampling time: 6.403427839279175
Sampling 131 with 23188684492802 - sampling time: 8.033477067947388
Sampling 132 with 68176940878158 - sampling time: 5.903944969177246
Sampling 133 with 38839845245656 - sampling time: 6.437150478363037
Sampling 134 with 45650784687438 - sampling time: 6.432354688644409
Sampling 135 with 36414344100100 - sampling time: 6.417670965194702
Sampling 136 with 76402183309872 - sampling time: 6.020294666290283
Sampling 137 with 67032411366068 - sampling time: 7.995421886444092
Sampling 138 with 71717106404356 - sampling time: 5.9128077030181885
Sampling 139 with 31248040455986 - sampling time: 6.946242094039917
Sampling 140 with 43077114147609 - sampling time: 7.5987701416015625
Sampling 141 with 14238561244365 - sampling time: 6.970333576202393
Sampling 142 with 47580505303063 - sampling time: 5.747825860977173
Sampling 143 with 57545109418938 - sampling time: 6.395978212356567
Sampling 144 with 52071809131743 - sampling time: 5.88959264755249
Sampling 145 with 95403735038905 - sampling time: 4.802431344985962
Sampling 146 with 94942172175065 - sampling time: 5.898771524429321
Sampling 147 with 63538529502040 - sampling time: 4.921670198440552
Sampling 148 with 86925616853661 - sampling time: 7.43681263923645
Sampling 149 with 60278925135909 - sampling time: 5.9121763706207275
Sampling 150 with 46296837544006 - sampling time: 5.887845993041992
Sampling 151 with 55606073251654 - sampling time: 7.560173988342285
Sampling 152 with 48168895803347 - sampling time: 7.012142658233643
Sampling 153 with 65500206013477 - sampling time: 6.4167702198028564
Sampling 154 with 7528142736271 - sampling time: 8.160570859909058
Sampling 155 with 20741731507789 - sampling time: 7.474808216094971
Sampling 156 with 39927795061369 - sampling time: 7.013680934906006
Sampling 157 with 6112004912 - sampling time: 8.016077756881714
Sampling 158 with 19246123912110 - sampling time: 7.598703145980835
Sampling 159 with 17465224338549 - sampling time: 7.545994758605957
Sampling 160 with 42241312625941 - sampling time: 7.000599145889282
Sampling 161 with 56972792319057 - sampling time: 5.869851112365723
Sampling 162 with 77212452598413 - sampling time: 6.0325493812561035
Sampling 163 with 23008018071204 - sampling time: 7.5302894115448
Sampling 164 with 27773319866854 - sampling time: 8.144577264785767
Sampling 165 with 25813474973182 - sampling time: 6.830683708190918
Sampling 166 with 3130627657103 - sampling time: 6.405787229537964
Sampling 167 with 39043848607961 - sampling time: 8.14140772819519
Sampling 168 with 51508685996937 - sampling time: 7.516828298568726
Sampling 169 with 7329086796256 - sampling time: 8.15844988822937
Sampling 170 with 14620001025597 - sampling time: 7.062541246414185
Sampling 171 with 67752016239958 - sampling time: 5.446495056152344
Sampling 172 with 69792753246173 - sampling time: 7.1153953075408936
Sampling 173 with 56769222457656 - sampling time: 7.640642166137695
Sampling 174 with 57607842803397 - sampling time: 7.082976341247559
Sampling 175 with 26294655640182 - sampling time: 7.714066743850708
Sampling 176 with 67147533297375 - sampling time: 6.644095420837402
Sampling 177 with 45168272865049 - sampling time: 7.136942148208618
Sampling 178 with 89465506714119 - sampling time: 6.118029832839966
Sampling 179 with 46599827373697 - sampling time: 8.14756155014038
Sampling 180 with 9262600580195 - sampling time: 8.887406826019287
Sampling 181 with 54578760999379 - sampling time: 6.5232861042022705
Sampling 182 with 3464209707231 - sampling time: 7.149474620819092
Sampling 183 with 94447171504298 - sampling time: 5.9681477546691895
Sampling 184 with 19270699303302 - sampling time: 8.340993642807007
Sampling 185 with 31064080052181 - sampling time: 8.447964668273926
Sampling 186 with 63386019769271 - sampling time: 7.1023108959198
Sampling 187 with 42684530071141 - sampling time: 6.654220104217529
Sampling 188 with 70368582117490 - sampling time: 7.111500263214111
Sampling 189 with 18288997348140 - sampling time: 7.944910764694214
Sampling 190 with 32441257944231 - sampling time: 7.76579737663269
Sampling 191 with 47914274269234 - sampling time: 6.04301118850708
Sampling 192 with 38969039879307 - sampling time: 6.632667779922485
Sampling 193 with 68368929400800 - sampling time: 8.733494520187378
Sampling 194 with 27890199957223 - sampling time: 9.369797229766846
Sampling 195 with 19862868234066 - sampling time: 7.666109323501587
Sampling 196 with 55438823921682 - sampling time: 7.0515358448028564
Sampling 197 with 24042017547425 - sampling time: 8.53857970237732
Sampling 198 with 50161541134868 - sampling time: 6.0333404541015625
Sampling 199 with 28421146785699 - sampling time: 8.020547151565552
--- total time: 1406.5458941459656 seconds ---
Output samples created on:  /home/jeho-lab/git/t-wise/Data/Samples/Time/Financial_2018_05_09_200.samples

real	23m27.213s
user	19m18.560s
sys	4m28.379s
