Input file:  /home/jeho-lab/git/t-wise/Data/Financial_2018_05_09.dimacs
Number of samples:  300
Output directory: /home/jeho-lab/git/t-wise/Data/Samples/Time
Counting - Total configurations: 97451212554676
Sampling 0 with 5971247478796 - sampling time: 7.453321933746338
Sampling 1 with 45111613189426 - sampling time: 6.880874156951904
Sampling 2 with 68471471922376 - sampling time: 6.294645547866821
Sampling 3 with 40057631448969 - sampling time: 7.408973932266235
Sampling 4 with 38093700781274 - sampling time: 7.358408212661743
Sampling 5 with 71385233900396 - sampling time: 6.3146607875823975
Sampling 6 with 32825013962794 - sampling time: 8.496092557907104
Sampling 7 with 59137232076213 - sampling time: 6.199827671051025
Sampling 8 with 75055493324 - sampling time: 8.454930305480957
Sampling 9 with 95475285895993 - sampling time: 5.2995524406433105
Sampling 10 with 22386890447145 - sampling time: 7.092800617218018
Sampling 11 with 18584310936979 - sampling time: 8.631505012512207
Sampling 12 with 71314958636258 - sampling time: 6.372218608856201
Sampling 13 with 82387495252755 - sampling time: 6.4167773723602295
Sampling 14 with 9688462684431 - sampling time: 7.426345586776733
Sampling 15 with 47781539222313 - sampling time: 6.9852375984191895
Sampling 16 with 86017428365491 - sampling time: 5.8306989669799805
Sampling 17 with 93925027306651 - sampling time: 6.604952812194824
Sampling 18 with 81229333574003 - sampling time: 6.633302211761475
Sampling 19 with 89701916720925 - sampling time: 6.993534088134766
Sampling 20 with 14186767882192 - sampling time: 6.534977436065674
Sampling 21 with 73376606446848 - sampling time: 5.511019945144653
Sampling 22 with 14407857641162 - sampling time: 7.743665933609009
Sampling 23 with 44403821665349 - sampling time: 6.517424583435059
Sampling 24 with 56481628492972 - sampling time: 7.893857002258301
Sampling 25 with 35084963741189 - sampling time: 6.103614091873169
Sampling 26 with 19902517786968 - sampling time: 7.437146425247192
Sampling 27 with 21932204582742 - sampling time: 6.606506586074829
Sampling 28 with 54471525845015 - sampling time: 8.157517433166504
Sampling 29 with 74180924271925 - sampling time: 7.57895827293396
Sampling 30 with 72670360432045 - sampling time: 5.988420724868774
Sampling 31 with 95617040839741 - sampling time: 7.096973419189453
Sampling 32 with 85050491481407 - sampling time: 6.509477138519287
Sampling 33 with 79186730640884 - sampling time: 8.787581205368042
Sampling 34 with 92749378072254 - sampling time: 5.9974541664123535
Sampling 35 with 40696606662337 - sampling time: 8.229296922683716
Sampling 36 with 39187400391064 - sampling time: 6.525965213775635
Sampling 37 with 55077763071763 - sampling time: 5.976555824279785
Sampling 38 with 17661220321834 - sampling time: 10.00399374961853
Sampling 39 with 62512641018446 - sampling time: 7.057572364807129
Sampling 40 with 67582162096711 - sampling time: 6.165241479873657
Sampling 41 with 11807132696411 - sampling time: 8.227433443069458
Sampling 42 with 76400342845986 - sampling time: 7.835706949234009
Sampling 43 with 58226888818414 - sampling time: 5.43897008895874
Sampling 44 with 24325705828473 - sampling time: 7.192530155181885
Sampling 45 with 51089904023766 - sampling time: 7.038257360458374
Sampling 46 with 60327690779955 - sampling time: 6.426636695861816
Sampling 47 with 50545633178652 - sampling time: 7.993062734603882
Sampling 48 with 27564059992059 - sampling time: 8.534749746322632
Sampling 49 with 81128450015038 - sampling time: 7.689882516860962
Sampling 50 with 80916333885317 - sampling time: 5.300523996353149
Sampling 51 with 83875935849287 - sampling time: 5.368726491928101
Sampling 52 with 56721701201587 - sampling time: 6.933678150177002
Sampling 53 with 1331416210007 - sampling time: 7.1386353969573975
Sampling 54 with 10962805425673 - sampling time: 8.00554871559143
Sampling 55 with 43418196335535 - sampling time: 8.373719215393066
Sampling 56 with 4176889155035 - sampling time: 7.047293186187744
Sampling 57 with 79036103753708 - sampling time: 5.879486083984375
Sampling 58 with 49139496520896 - sampling time: 5.3433921337127686
Sampling 59 with 82596439579793 - sampling time: 6.391141176223755
Sampling 60 with 39040554011793 - sampling time: 8.993613958358765
Sampling 61 with 415844327833 - sampling time: 7.456575393676758
Sampling 62 with 27414630776168 - sampling time: 7.612223148345947
Sampling 63 with 27195348637643 - sampling time: 8.508732080459595
Sampling 64 with 19071922153902 - sampling time: 7.617958068847656
Sampling 65 with 25863225912247 - sampling time: 7.457460165023804
Sampling 66 with 25505734495760 - sampling time: 7.547054052352905
Sampling 67 with 20069758999868 - sampling time: 7.489046812057495
Sampling 68 with 65308582538957 - sampling time: 5.9275219440460205
Sampling 69 with 10882253063672 - sampling time: 6.476013660430908
Sampling 70 with 73988913555768 - sampling time: 5.843912839889526
Sampling 71 with 84975765978746 - sampling time: 5.9660258293151855
Sampling 72 with 6781032080161 - sampling time: 6.414859056472778
Sampling 73 with 30664072189410 - sampling time: 8.726500034332275
Sampling 74 with 27028777367848 - sampling time: 8.534166097640991
Sampling 75 with 10506220199070 - sampling time: 8.144930362701416
Sampling 76 with 50309372051569 - sampling time: 8.524177551269531
Sampling 77 with 58177952729357 - sampling time: 6.684237241744995
Sampling 78 with 77398521673540 - sampling time: 5.984624862670898
Sampling 79 with 95639490026776 - sampling time: 7.450460910797119
Sampling 80 with 26765929469833 - sampling time: 8.21560287475586
Sampling 81 with 93480792796812 - sampling time: 6.92076563835144
Sampling 82 with 84015370940930 - sampling time: 5.971229553222656
Sampling 83 with 27553778063945 - sampling time: 7.074203014373779
Sampling 84 with 35337583319840 - sampling time: 6.474608421325684
Sampling 85 with 92086722552332 - sampling time: 6.911777973175049
Sampling 86 with 92324481298651 - sampling time: 7.077181100845337
Sampling 87 with 59291230927185 - sampling time: 6.907207489013672
Sampling 88 with 16183380392069 - sampling time: 7.647443532943726
Sampling 89 with 25676254056689 - sampling time: 7.127913951873779
Sampling 90 with 92495447303395 - sampling time: 7.118151426315308
Sampling 91 with 36355067029242 - sampling time: 6.62891149520874
Sampling 92 with 77319051050286 - sampling time: 7.562910318374634
Sampling 93 with 20191469057368 - sampling time: 7.957397937774658
Sampling 94 with 67593483112924 - sampling time: 7.594650506973267
Sampling 95 with 22212718489191 - sampling time: 8.239940881729126
Sampling 96 with 1003947600869 - sampling time: 6.519646406173706
Sampling 97 with 79155790659474 - sampling time: 5.574532985687256
Sampling 98 with 51224841001827 - sampling time: 7.666046142578125
Sampling 99 with 87551168617444 - sampling time: 6.4789955615997314
Sampling 100 with 31914910427707 - sampling time: 7.898879051208496
Sampling 101 with 4227713870742 - sampling time: 7.622410774230957
Sampling 102 with 59834053764742 - sampling time: 6.638399362564087
Sampling 103 with 51197187409378 - sampling time: 6.628081321716309
Sampling 104 with 19246951135284 - sampling time: 8.279418706893921
Sampling 105 with 31826219670260 - sampling time: 7.643520832061768
Sampling 106 with 64809798611327 - sampling time: 7.7421276569366455
Sampling 107 with 6355893131612 - sampling time: 7.637655735015869
Sampling 108 with 29556494340535 - sampling time: 9.607956886291504
Sampling 109 with 74870791375211 - sampling time: 5.519566774368286
Sampling 110 with 92163168653294 - sampling time: 7.121188640594482
Sampling 111 with 33313655567330 - sampling time: 8.404571533203125
Sampling 112 with 85672473443849 - sampling time: 6.0492262840271
Sampling 113 with 82495726925907 - sampling time: 5.968700647354126
Sampling 114 with 5449021781396 - sampling time: 8.52842092514038
Sampling 115 with 54357014908474 - sampling time: 7.002048969268799
Sampling 116 with 24649140252224 - sampling time: 6.9281041622161865
Sampling 117 with 20676817150694 - sampling time: 8.104631900787354
Sampling 118 with 55299752720790 - sampling time: 6.9427900314331055
Sampling 119 with 16403346959007 - sampling time: 6.959850311279297
Sampling 120 with 50638899932213 - sampling time: 7.616987943649292
Sampling 121 with 17981226811126 - sampling time: 6.447201251983643
Sampling 122 with 87806056715618 - sampling time: 4.823504209518433
Sampling 123 with 40548962873873 - sampling time: 6.391888618469238
Sampling 124 with 48528669880918 - sampling time: 6.393544912338257
Sampling 125 with 30506577340319 - sampling time: 7.485179901123047
Sampling 126 with 3827289767606 - sampling time: 6.958477020263672
Sampling 127 with 90668523025422 - sampling time: 8.648618936538696
Sampling 128 with 25716228496423 - sampling time: 6.940583944320679
Sampling 129 with 52467793695824 - sampling time: 7.005598068237305
Sampling 130 with 61069620304987 - sampling time: 5.859028577804565
Sampling 131 with 85487250050814 - sampling time: 5.333968877792358
Sampling 132 with 17330827550665 - sampling time: 7.727468967437744
Sampling 133 with 42109591673725 - sampling time: 6.937544584274292
Sampling 134 with 44815849739528 - sampling time: 6.405199766159058
Sampling 135 with 1906607227981 - sampling time: 6.399739980697632
Sampling 136 with 47492948953524 - sampling time: 6.9922754764556885
Sampling 137 with 19639279266296 - sampling time: 8.538803339004517
Sampling 138 with 21554798634393 - sampling time: 8.200611114501953
Sampling 139 with 29764501480992 - sampling time: 8.013953447341919
Sampling 140 with 44759881889093 - sampling time: 8.111955642700195
Sampling 141 with 83080005872387 - sampling time: 5.839879512786865
Sampling 142 with 57164077001537 - sampling time: 6.440153121948242
Sampling 143 with 8390421093634 - sampling time: 8.50784945487976
Sampling 144 with 13105734850599 - sampling time: 8.53973937034607
Sampling 145 with 53272652370951 - sampling time: 6.923352479934692
Sampling 146 with 51603232168433 - sampling time: 7.620507478713989
Sampling 147 with 91493280740445 - sampling time: 7.563915729522705
Sampling 148 with 82157357587756 - sampling time: 4.252795457839966
Sampling 149 with 81802981100065 - sampling time: 5.365770101547241
Sampling 150 with 71626629988425 - sampling time: 5.327791690826416
Sampling 151 with 37419254395577 - sampling time: 6.98884391784668
Sampling 152 with 57980463537316 - sampling time: 7.066248178482056
Sampling 153 with 83290068955837 - sampling time: 5.306925296783447
Sampling 154 with 30778563720043 - sampling time: 6.977482318878174
Sampling 155 with 62818585388408 - sampling time: 5.878941297531128
Sampling 156 with 93245750466984 - sampling time: 8.279322862625122
Sampling 157 with 87251260040851 - sampling time: 5.696546792984009
Sampling 158 with 94701680194250 - sampling time: 7.188638925552368
Sampling 159 with 96558904730114 - sampling time: 5.923655986785889
Sampling 160 with 86577326666505 - sampling time: 5.613965034484863
Sampling 161 with 19403066243163 - sampling time: 8.703118562698364
Sampling 162 with 39097495170078 - sampling time: 7.683583736419678
Sampling 163 with 88379032712964 - sampling time: 5.4773945808410645
Sampling 164 with 1440245532037 - sampling time: 7.082921504974365
Sampling 165 with 18754073246660 - sampling time: 6.678796768188477
Sampling 166 with 43617220306176 - sampling time: 7.150083541870117
Sampling 167 with 50096730336079 - sampling time: 6.646736145019531
Sampling 168 with 97168203607432 - sampling time: 5.433366537094116
Sampling 169 with 92909891153377 - sampling time: 6.59930682182312
Sampling 170 with 25161078277891 - sampling time: 7.016345262527466
Sampling 171 with 81009320631292 - sampling time: 6.713449001312256
Sampling 172 with 28982664632931 - sampling time: 7.095672369003296
Sampling 173 with 75536315502598 - sampling time: 5.004724502563477
Sampling 174 with 51983964576214 - sampling time: 7.648438930511475
Sampling 175 with 23229552500425 - sampling time: 6.518151044845581
Sampling 176 with 37554647961819 - sampling time: 7.7735819816589355
Sampling 177 with 76550783738112 - sampling time: 5.42634654045105
Sampling 178 with 64754991633799 - sampling time: 7.722534894943237
Sampling 179 with 95189928941104 - sampling time: 6.0834901332855225
Sampling 180 with 81128344332312 - sampling time: 6.8317506313323975
Sampling 181 with 76776907539647 - sampling time: 7.546895980834961
Sampling 182 with 87542061754980 - sampling time: 6.560223579406738
Sampling 183 with 92423565693910 - sampling time: 6.950327157974243
Sampling 184 with 75728998575192 - sampling time: 5.352936744689941
Sampling 185 with 44720520314358 - sampling time: 7.004284143447876
Sampling 186 with 23614989219112 - sampling time: 6.9305055141448975
Sampling 187 with 65067388661983 - sampling time: 8.373859643936157
Sampling 188 with 89440750070132 - sampling time: 6.363008737564087
Sampling 189 with 97237371167404 - sampling time: 4.278376817703247
Sampling 190 with 72003065009682 - sampling time: 6.389744281768799
Sampling 191 with 63857787419818 - sampling time: 6.4877283573150635
Sampling 192 with 58029188329729 - sampling time: 6.448526620864868
Sampling 193 with 75616914459879 - sampling time: 6.987336158752441
Sampling 194 with 1487741772785 - sampling time: 7.721113204956055
Sampling 195 with 141799807225 - sampling time: 7.48043417930603
Sampling 196 with 94958976914839 - sampling time: 5.91000771522522
Sampling 197 with 53679811111327 - sampling time: 7.985549688339233
Sampling 198 with 6043542837371 - sampling time: 8.141324520111084
Sampling 199 with 39995221880234 - sampling time: 7.458549976348877
Sampling 200 with 2084180725794 - sampling time: 7.604906320571899
Sampling 201 with 73222728079627 - sampling time: 6.371102809906006
Sampling 202 with 54418106463956 - sampling time: 7.525629281997681
Sampling 203 with 72134161790719 - sampling time: 6.408011436462402
Sampling 204 with 87994803894463 - sampling time: 5.330992698669434
Sampling 205 with 56093140079555 - sampling time: 8.003514528274536
Sampling 206 with 50987643109171 - sampling time: 6.449472904205322
Sampling 207 with 60929764087063 - sampling time: 6.409838676452637
Sampling 208 with 16263382874160 - sampling time: 7.991414546966553
Sampling 209 with 12235313581317 - sampling time: 8.832403421401978
Sampling 210 with 59131980695506 - sampling time: 5.339460372924805
Sampling 211 with 66476251675847 - sampling time: 6.996306896209717
Sampling 212 with 17095825579693 - sampling time: 7.497592210769653
Sampling 213 with 37357250561898 - sampling time: 5.867115497589111
Sampling 214 with 90667375383500 - sampling time: 7.989753723144531
Sampling 215 with 13193779416202 - sampling time: 6.935347557067871
Sampling 216 with 30547141169268 - sampling time: 7.019027471542358
Sampling 217 with 21915694413295 - sampling time: 7.491860389709473
Sampling 218 with 58625826933609 - sampling time: 6.519845485687256
Sampling 219 with 43322575844827 - sampling time: 6.399416923522949
Sampling 220 with 26795649128103 - sampling time: 7.585623025894165
Sampling 221 with 93069436043735 - sampling time: 7.437265634536743
Sampling 222 with 76792103140857 - sampling time: 6.002603054046631
Sampling 223 with 5387724884169 - sampling time: 7.4826812744140625
Sampling 224 with 1290343410709 - sampling time: 6.9392595291137695
Sampling 225 with 15563078500161 - sampling time: 7.5780029296875
Sampling 226 with 89101631706309 - sampling time: 8.092856884002686
Sampling 227 with 94566175264218 - sampling time: 6.714263200759888
Sampling 228 with 78231426004166 - sampling time: 6.0030739307403564
Sampling 229 with 56103695336224 - sampling time: 7.1582207679748535
Sampling 230 with 11465134603651 - sampling time: 7.230652093887329
Sampling 231 with 94308827845493 - sampling time: 7.023646116256714
Sampling 232 with 29662266884494 - sampling time: 6.836380243301392
Sampling 233 with 27413474904949 - sampling time: 7.2700347900390625
Sampling 234 with 74851373323248 - sampling time: 5.98021125793457
Sampling 235 with 4557432282408 - sampling time: 7.798907279968262
Sampling 236 with 47810744610573 - sampling time: 6.191885232925415
Sampling 237 with 3509347390763 - sampling time: 7.056244850158691
Sampling 238 with 26049908437246 - sampling time: 8.764097929000854
Sampling 239 with 71662346582448 - sampling time: 5.545337677001953
Sampling 240 with 85726967514886 - sampling time: 7.6541056632995605
Sampling 241 with 80804398274881 - sampling time: 6.067497253417969
Sampling 242 with 76234414216957 - sampling time: 6.561662673950195
Sampling 243 with 47188754044432 - sampling time: 7.187576532363892
Sampling 244 with 12129873476469 - sampling time: 7.597647190093994
Sampling 245 with 10656310284892 - sampling time: 8.877390146255493
Sampling 246 with 35459753777919 - sampling time: 8.249943971633911
Sampling 247 with 15290417174047 - sampling time: 6.58115553855896
Sampling 248 with 5522000021652 - sampling time: 8.279535293579102
Sampling 249 with 58585664974816 - sampling time: 6.050382614135742
Sampling 250 with 27290346499595 - sampling time: 8.151572465896606
Sampling 251 with 83098456703465 - sampling time: 6.486488103866577
Sampling 252 with 77526839032739 - sampling time: 4.806983947753906
Sampling 253 with 94427537226194 - sampling time: 6.394424676895142
Sampling 254 with 52601535296810 - sampling time: 6.514287948608398
Sampling 255 with 60016734023101 - sampling time: 6.389153480529785
Sampling 256 with 34837264758394 - sampling time: 8.093605995178223
Sampling 257 with 7118841227038 - sampling time: 7.993534326553345
Sampling 258 with 95912390082623 - sampling time: 3.738889694213867
Sampling 259 with 11712609085201 - sampling time: 8.55843186378479
Sampling 260 with 3190023626386 - sampling time: 7.5043721199035645
Sampling 261 with 90055330735495 - sampling time: 4.803349494934082
Sampling 262 with 47256380851891 - sampling time: 7.31899094581604
Sampling 263 with 84611561595007 - sampling time: 4.8277318477630615
Sampling 264 with 78678793624523 - sampling time: 6.9092793464660645
Sampling 265 with 25314544711802 - sampling time: 8.721045970916748
Sampling 266 with 8678549207603 - sampling time: 7.465410947799683
Sampling 267 with 50723794804867 - sampling time: 7.5385167598724365
Sampling 268 with 31113643684360 - sampling time: 7.99487566947937
Sampling 269 with 97208141090963 - sampling time: 5.87984561920166
Sampling 270 with 52302839055625 - sampling time: 7.994117975234985
Sampling 271 with 60862723268390 - sampling time: 5.874466896057129
Sampling 272 with 8651440098635 - sampling time: 8.47234296798706
Sampling 273 with 9601355527352 - sampling time: 6.407690763473511
Sampling 274 with 88596984186702 - sampling time: 6.9907660484313965
Sampling 275 with 68635750940267 - sampling time: 6.38687539100647
Sampling 276 with 63531105829855 - sampling time: 7.573268890380859
Sampling 277 with 70241239727466 - sampling time: 7.499902963638306
Sampling 278 with 84196139807807 - sampling time: 6.418278932571411
Sampling 279 with 10012444264839 - sampling time: 8.521109342575073
Sampling 280 with 48629148613105 - sampling time: 7.987919092178345
Sampling 281 with 70850691628238 - sampling time: 6.37992787361145
Sampling 282 with 89037914996694 - sampling time: 6.915834426879883
Sampling 283 with 55391798339302 - sampling time: 6.519550800323486
Sampling 284 with 41333166194108 - sampling time: 5.884938478469849
Sampling 285 with 9461958919382 - sampling time: 7.018267393112183
Sampling 286 with 34891291287992 - sampling time: 6.94562554359436
Sampling 287 with 2473773504925 - sampling time: 7.071712493896484
Sampling 288 with 51104794594898 - sampling time: 6.939282655715942
Sampling 289 with 74119847702115 - sampling time: 5.772522449493408
Sampling 290 with 87430367557320 - sampling time: 7.434174299240112
Sampling 291 with 35193893974253 - sampling time: 7.472377061843872
Sampling 292 with 68565960253936 - sampling time: 7.041382312774658
Sampling 293 with 47461700987637 - sampling time: 6.3762900829315186
Sampling 294 with 77449492441035 - sampling time: 6.451415300369263
Sampling 295 with 2730686207169 - sampling time: 7.633123159408569
Sampling 296 with 27519121613729 - sampling time: 9.107750415802002
Sampling 297 with 83536574697185 - sampling time: 6.665115833282471
Sampling 298 with 78233719025656 - sampling time: 6.038166046142578
Sampling 299 with 6293534357186 - sampling time: 8.154415845870972
--- total time: 2101.00945854187 seconds ---
Output samples created on:  /home/jeho-lab/git/t-wise/Data/Samples/Time/Financial_2018_05_09_300.samples

real	35m1.663s
user	28m41.277s
sys	6m50.191s
