Input file:  /home/jeho-lab/git/t-wise/Data/Financial_2018_05_09.dimacs
Number of samples:  100
Output directory: /home/jeho-lab/git/t-wise/Data/Samples/Time
Counting - Total configurations: 97451212554676
Sampling 0 with 9896916183427 - sampling time: 8.472420930862427
Sampling 1 with 42487195345988 - sampling time: 6.876186847686768
Sampling 2 with 85341934160938 - sampling time: 6.821286678314209
Sampling 3 with 87695695160505 - sampling time: 5.289019823074341
Sampling 4 with 94250209953797 - sampling time: 6.822952747344971
Sampling 5 with 2338685452866 - sampling time: 8.405317544937134
Sampling 6 with 84582790775496 - sampling time: 5.765986919403076
Sampling 7 with 27651595574599 - sampling time: 7.395738124847412
Sampling 8 with 71688079476553 - sampling time: 6.309322118759155
Sampling 9 with 3954709811774 - sampling time: 8.465502977371216
Sampling 10 with 68000984706697 - sampling time: 5.811214923858643
Sampling 11 with 52646894509472 - sampling time: 8.036946535110474
Sampling 12 with 53574710375071 - sampling time: 6.344438791275024
Sampling 13 with 16819584948719 - sampling time: 6.959702730178833
Sampling 14 with 2947234275050 - sampling time: 8.445641040802002
Sampling 15 with 89907989460914 - sampling time: 5.324598550796509
Sampling 16 with 45699828485710 - sampling time: 6.592268228530884
Sampling 17 with 3877271083428 - sampling time: 8.192845821380615
Sampling 18 with 18622778680886 - sampling time: 8.972230434417725
Sampling 19 with 72730107202843 - sampling time: 6.140368700027466
Sampling 20 with 60532144317424 - sampling time: 7.909303426742554
Sampling 21 with 31446879146407 - sampling time: 7.067641973495483
Sampling 22 with 79737562097774 - sampling time: 7.144320249557495
Sampling 23 with 52564902821590 - sampling time: 7.207499742507935
Sampling 24 with 69362823090198 - sampling time: 7.158044815063477
Sampling 25 with 73570501530553 - sampling time: 7.005541086196899
Sampling 26 with 61063062329436 - sampling time: 5.412864923477173
Sampling 27 with 40271631035411 - sampling time: 5.506749868392944
Sampling 28 with 88147358589917 - sampling time: 6.724789142608643
Sampling 29 with 5498222614340 - sampling time: 8.694552183151245
Sampling 30 with 61030942932867 - sampling time: 6.015904188156128
Sampling 31 with 59289921642493 - sampling time: 7.1583030223846436
Sampling 32 with 89810569782932 - sampling time: 4.373314619064331
Sampling 33 with 28248938629550 - sampling time: 8.254555463790894
Sampling 34 with 51390889041319 - sampling time: 6.028359651565552
Sampling 35 with 65792908340324 - sampling time: 6.012352466583252
Sampling 36 with 14266790294011 - sampling time: 7.0934343338012695
Sampling 37 with 5249186711370 - sampling time: 9.286069631576538
Sampling 38 with 23702139154841 - sampling time: 6.563601732254028
Sampling 39 with 73442325928666 - sampling time: 6.013364315032959
Sampling 40 with 12667902225969 - sampling time: 7.771343469619751
Sampling 41 with 43719771940189 - sampling time: 6.495963096618652
Sampling 42 with 8878986884846 - sampling time: 8.091549158096313
Sampling 43 with 87932835457041 - sampling time: 5.833736419677734
Sampling 44 with 37546304169865 - sampling time: 6.37865138053894
Sampling 45 with 73256941421833 - sampling time: 4.78323769569397
Sampling 46 with 57497238327785 - sampling time: 6.349756479263306
Sampling 47 with 24483172539332 - sampling time: 7.014062404632568
Sampling 48 with 67410740730443 - sampling time: 7.447190523147583
Sampling 49 with 45992259477435 - sampling time: 8.136916160583496
Sampling 50 with 21227015028480 - sampling time: 8.552199363708496
Sampling 51 with 83854625741566 - sampling time: 6.410744905471802
Sampling 52 with 45520057813352 - sampling time: 8.433903217315674
Sampling 53 with 37684171184272 - sampling time: 7.522404670715332
Sampling 54 with 35723767373681 - sampling time: 8.498180150985718
Sampling 55 with 57876492427024 - sampling time: 6.414479970932007
Sampling 56 with 6687425749724 - sampling time: 7.065983772277832
Sampling 57 with 85343056633099 - sampling time: 5.33275580406189
Sampling 58 with 48664855767659 - sampling time: 6.377780437469482
Sampling 59 with 85959586948851 - sampling time: 7.942526340484619
Sampling 60 with 87658466820504 - sampling time: 7.568074464797974
Sampling 61 with 60584572478414 - sampling time: 6.782007694244385
Sampling 62 with 45502182126373 - sampling time: 8.10328221321106
Sampling 63 with 27211220695236 - sampling time: 7.474601984024048
Sampling 64 with 97083373966285 - sampling time: 4.279665470123291
Sampling 65 with 6779143521699 - sampling time: 7.9974524974823
Sampling 66 with 64983864766688 - sampling time: 6.395359039306641
Sampling 67 with 95677769782791 - sampling time: 5.3630266189575195
Sampling 68 with 21123687901420 - sampling time: 9.13478398323059
Sampling 69 with 52682475090056 - sampling time: 7.082987308502197
Sampling 70 with 55558165889440 - sampling time: 6.914032459259033
Sampling 71 with 12838732235579 - sampling time: 6.4654905796051025
Sampling 72 with 33482015980237 - sampling time: 8.295485734939575
Sampling 73 with 61340183510854 - sampling time: 6.5514349937438965
Sampling 74 with 31642823118793 - sampling time: 6.450299263000488
Sampling 75 with 72343958136409 - sampling time: 5.980354070663452
Sampling 76 with 8556943644195 - sampling time: 8.571877241134644
Sampling 77 with 22362780968191 - sampling time: 6.964443683624268
Sampling 78 with 25384989750852 - sampling time: 6.007982492446899
Sampling 79 with 10550383128273 - sampling time: 7.49103307723999
Sampling 80 with 17977847432329 - sampling time: 6.459760427474976
Sampling 81 with 63551900930368 - sampling time: 7.0693700313568115
Sampling 82 with 67005510100130 - sampling time: 6.458650827407837
Sampling 83 with 92340255153700 - sampling time: 5.3320817947387695
Sampling 84 with 8198226054681 - sampling time: 9.88032841682434
Sampling 85 with 12148283720104 - sampling time: 8.456626176834106
Sampling 86 with 96916155359051 - sampling time: 3.819040060043335
Sampling 87 with 49995721271220 - sampling time: 7.03340482711792
Sampling 88 with 59020677336193 - sampling time: 5.419025421142578
Sampling 89 with 95770194509341 - sampling time: 5.4568445682525635
Sampling 90 with 9345589130822 - sampling time: 8.701057195663452
Sampling 91 with 52348788905349 - sampling time: 7.867339372634888
Sampling 92 with 22982663941062 - sampling time: 7.705366134643555
Sampling 93 with 43376231704335 - sampling time: 7.144620418548584
Sampling 94 with 25315210867049 - sampling time: 8.650574922561646
Sampling 95 with 54378927218660 - sampling time: 6.518815279006958
Sampling 96 with 21781022383661 - sampling time: 8.75838303565979
Sampling 97 with 4097806500286 - sampling time: 7.144447088241577
Sampling 98 with 61067388796818 - sampling time: 6.572624206542969
Sampling 99 with 73014014511281 - sampling time: 4.998601913452148
--- total time: 698.2506618499756 seconds ---
Output samples created on:  /home/jeho-lab/git/t-wise/Data/Samples/Time/Financial_2018_05_09_100.samples

real	11m38.924s
user	9m35.325s
sys	2m13.601s
