Input file:  /home/jeho-lab/git/t-wise/Data/Financial_2018_05_09.dimacs
Number of samples:  400
Output directory: /home/jeho-lab/git/t-wise/Data/Samples/Time
Counting - Total configurations: 97451212554676
Sampling 0 with 16883152879564 - sampling time: 7.6622655391693115
Sampling 1 with 721848906050 - sampling time: 8.269172191619873
Sampling 2 with 5690013530293 - sampling time: 8.798482656478882
Sampling 3 with 30208273316280 - sampling time: 8.148222923278809
Sampling 4 with 14201137304617 - sampling time: 5.993292570114136
Sampling 5 with 73906451727388 - sampling time: 5.378555536270142
Sampling 6 with 42909779203242 - sampling time: 7.985849618911743
Sampling 7 with 5811173425981 - sampling time: 7.5169432163238525
Sampling 8 with 30684040920679 - sampling time: 6.91154932975769
Sampling 9 with 80165678441058 - sampling time: 7.955031156539917
Sampling 10 with 69228527704706 - sampling time: 7.504873991012573
Sampling 11 with 51630826114838 - sampling time: 8.148109436035156
Sampling 12 with 49700118843838 - sampling time: 7.539977073669434
Sampling 13 with 32087848553935 - sampling time: 8.649513244628906
Sampling 14 with 77764039186743 - sampling time: 7.069657564163208
Sampling 15 with 2410087694487 - sampling time: 7.609829902648926
Sampling 16 with 8752832915671 - sampling time: 8.006845951080322
Sampling 17 with 78840851487617 - sampling time: 8.357001781463623
Sampling 18 with 3639609213727 - sampling time: 9.06185007095337
Sampling 19 with 95619156157232 - sampling time: 7.445722341537476
Sampling 20 with 88959372101301 - sampling time: 7.010221242904663
Sampling 21 with 48638031731916 - sampling time: 7.744225025177002
Sampling 22 with 76187745976335 - sampling time: 7.602800607681274
Sampling 23 with 16836123027687 - sampling time: 7.987649917602539
Sampling 24 with 79365979573397 - sampling time: 6.010673999786377
Sampling 25 with 64863318834512 - sampling time: 6.9610772132873535
Sampling 26 with 26512908169273 - sampling time: 9.003812313079834
Sampling 27 with 16769043264820 - sampling time: 7.482912302017212
Sampling 28 with 48348713706525 - sampling time: 6.341434001922607
Sampling 29 with 27388875459734 - sampling time: 8.048508882522583
Sampling 30 with 40309448789600 - sampling time: 7.494419574737549
Sampling 31 with 36038787499968 - sampling time: 8.70505428314209
Sampling 32 with 19090204375555 - sampling time: 7.001086950302124
Sampling 33 with 57312396821576 - sampling time: 7.0166847705841064
Sampling 34 with 49145690288021 - sampling time: 6.958076477050781
Sampling 35 with 10708322044113 - sampling time: 9.247525691986084
Sampling 36 with 28464119805258 - sampling time: 7.011477947235107
Sampling 37 with 73704365158197 - sampling time: 6.753681421279907
Sampling 38 with 59099947755911 - sampling time: 5.883321762084961
Sampling 39 with 63988968059591 - sampling time: 7.0381999015808105
Sampling 40 with 73046893867991 - sampling time: 6.0804221630096436
Sampling 41 with 44539549299821 - sampling time: 6.408747911453247
Sampling 42 with 4123881123092 - sampling time: 7.6733996868133545
Sampling 43 with 23500646497533 - sampling time: 7.571634531021118
Sampling 44 with 65604879353338 - sampling time: 5.979076862335205
Sampling 45 with 82478811599630 - sampling time: 6.5017993450164795
Sampling 46 with 89319437918090 - sampling time: 6.0456554889678955
Sampling 47 with 15263041584735 - sampling time: 8.159696817398071
Sampling 48 with 10164079733269 - sampling time: 7.254204034805298
Sampling 49 with 50621350778297 - sampling time: 7.202035903930664
Sampling 50 with 38328078956301 - sampling time: 6.6620988845825195
Sampling 51 with 79569863381527 - sampling time: 7.794587850570679
Sampling 52 with 66884284083006 - sampling time: 6.5739967823028564
Sampling 53 with 44231815716891 - sampling time: 7.755187749862671
Sampling 54 with 59254243469448 - sampling time: 7.623906135559082
Sampling 55 with 53648262844211 - sampling time: 6.3702003955841064
Sampling 56 with 91012805124641 - sampling time: 6.615489721298218
Sampling 57 with 15531985130971 - sampling time: 7.738251209259033
Sampling 58 with 56702385052835 - sampling time: 7.182551860809326
Sampling 59 with 10515459216590 - sampling time: 9.026013135910034
Sampling 60 with 95211688540778 - sampling time: 6.120695114135742
Sampling 61 with 18211175938682 - sampling time: 8.297608613967896
Sampling 62 with 63134879877244 - sampling time: 6.9722371101379395
Sampling 63 with 51503294032758 - sampling time: 5.480552673339844
Sampling 64 with 8101470415810 - sampling time: 9.074841976165771
Sampling 65 with 97376399081872 - sampling time: 4.8823630809783936
Sampling 66 with 26050088242287 - sampling time: 8.848429918289185
Sampling 67 with 53540892484242 - sampling time: 7.225841760635376
Sampling 68 with 64614057802710 - sampling time: 5.99059271812439
Sampling 69 with 3171422436650 - sampling time: 6.676774024963379
Sampling 70 with 44445489482017 - sampling time: 7.71584153175354
Sampling 71 with 34373665708751 - sampling time: 8.78871202468872
Sampling 72 with 48799550399443 - sampling time: 5.895721435546875
Sampling 73 with 54044001947423 - sampling time: 7.628414869308472
Sampling 74 with 54741021256760 - sampling time: 8.018811464309692
Sampling 75 with 92287466931692 - sampling time: 5.9807398319244385
Sampling 76 with 28502425396532 - sampling time: 7.506577730178833
Sampling 77 with 26733102938553 - sampling time: 8.150465250015259
Sampling 78 with 81194238362505 - sampling time: 6.471073389053345
Sampling 79 with 77478788495968 - sampling time: 5.479461193084717
Sampling 80 with 56811547153829 - sampling time: 6.0332372188568115
Sampling 81 with 58690620055351 - sampling time: 6.958721160888672
Sampling 82 with 73328691825638 - sampling time: 5.9988744258880615
Sampling 83 with 79289538594077 - sampling time: 6.479634046554565
Sampling 84 with 63092653494567 - sampling time: 7.602422475814819
Sampling 85 with 55953235563057 - sampling time: 6.931591987609863
Sampling 86 with 20390173801472 - sampling time: 7.604253768920898
Sampling 87 with 36115160970838 - sampling time: 8.026163816452026
Sampling 88 with 35326761379453 - sampling time: 7.633442163467407
Sampling 89 with 66450147408423 - sampling time: 6.7196667194366455
Sampling 90 with 71453956554738 - sampling time: 6.448777198791504
Sampling 91 with 94137889778399 - sampling time: 7.02462911605835
Sampling 92 with 27150916029198 - sampling time: 9.199918985366821
Sampling 93 with 77623124202542 - sampling time: 8.277453422546387
Sampling 94 with 53879315215229 - sampling time: 8.025084495544434
Sampling 95 with 28252769133259 - sampling time: 6.0381855964660645
Sampling 96 with 19305943006950 - sampling time: 6.968465089797974
Sampling 97 with 47521078822639 - sampling time: 7.010337829589844
Sampling 98 with 2060314965223 - sampling time: 8.0391263961792
Sampling 99 with 1535221572288 - sampling time: 7.5175135135650635
Sampling 100 with 62023144731680 - sampling time: 7.427550315856934
Sampling 101 with 93310750401520 - sampling time: 5.8820295333862305
Sampling 102 with 81706130926098 - sampling time: 5.353143692016602
Sampling 103 with 86294634672161 - sampling time: 4.8149731159210205
Sampling 104 with 95025705615240 - sampling time: 6.421957731246948
Sampling 105 with 84973210319886 - sampling time: 6.963897943496704
Sampling 106 with 74203729688617 - sampling time: 6.424868583679199
Sampling 107 with 95900199238816 - sampling time: 6.392085790634155
Sampling 108 with 15403997385879 - sampling time: 8.554149627685547
Sampling 109 with 55186934128453 - sampling time: 6.434669256210327
Sampling 110 with 35919998470231 - sampling time: 9.122303009033203
Sampling 111 with 79804728318138 - sampling time: 8.217976570129395
Sampling 112 with 70002189848190 - sampling time: 6.437006711959839
Sampling 113 with 49630724483473 - sampling time: 7.242426633834839
Sampling 114 with 39544674443000 - sampling time: 7.152531147003174
Sampling 115 with 74140139825110 - sampling time: 6.690452814102173
Sampling 116 with 9051772903713 - sampling time: 7.655941963195801
Sampling 117 with 19307316476634 - sampling time: 8.33458423614502
Sampling 118 with 39237846465953 - sampling time: 7.6282243728637695
Sampling 119 with 65686887563142 - sampling time: 7.950208425521851
Sampling 120 with 18809847594976 - sampling time: 7.148193359375
Sampling 121 with 64890325616952 - sampling time: 6.109670877456665
Sampling 122 with 94337372258811 - sampling time: 6.086392164230347
Sampling 123 with 90600132127627 - sampling time: 7.103982448577881
Sampling 124 with 56844575226854 - sampling time: 6.5583953857421875
Sampling 125 with 8999994636856 - sampling time: 8.195188760757446
Sampling 126 with 43894745784600 - sampling time: 7.672356128692627
Sampling 127 with 22942830455366 - sampling time: 6.95116400718689
Sampling 128 with 76388739560693 - sampling time: 7.06520676612854
Sampling 129 with 43797498748803 - sampling time: 8.95012640953064
Sampling 130 with 15602728754147 - sampling time: 6.293617248535156
Sampling 131 with 92606055825196 - sampling time: 8.316283941268921
Sampling 132 with 82284978911089 - sampling time: 6.0661633014678955
Sampling 133 with 22880175694873 - sampling time: 7.133935451507568
Sampling 134 with 45187723025123 - sampling time: 7.106287002563477
Sampling 135 with 18502044049687 - sampling time: 7.68584132194519
Sampling 136 with 89129018357482 - sampling time: 7.15723991394043
Sampling 137 with 70382168878579 - sampling time: 7.586457967758179
Sampling 138 with 84857506122958 - sampling time: 8.734926223754883
Sampling 139 with 62661673341659 - sampling time: 5.9036946296691895
Sampling 140 with 1150244932414 - sampling time: 7.082215070724487
Sampling 141 with 6948425806782 - sampling time: 6.981785774230957
Sampling 142 with 450096141969 - sampling time: 6.50986123085022
Sampling 143 with 70835538575516 - sampling time: 6.470364570617676
Sampling 144 with 94205832132634 - sampling time: 5.888379812240601
Sampling 145 with 48513613861564 - sampling time: 5.290408611297607
Sampling 146 with 89920429200761 - sampling time: 6.443756818771362
Sampling 147 with 7805220497820 - sampling time: 8.75734829902649
Sampling 148 with 26661533044901 - sampling time: 7.547986745834351
Sampling 149 with 58384716457322 - sampling time: 5.96692419052124
Sampling 150 with 84371713010127 - sampling time: 4.81086540222168
Sampling 151 with 54488495674284 - sampling time: 7.771904945373535
Sampling 152 with 53771572883046 - sampling time: 8.014268636703491
Sampling 153 with 80440729483090 - sampling time: 5.9285502433776855
Sampling 154 with 17799639121026 - sampling time: 8.297156572341919
Sampling 155 with 9069762116749 - sampling time: 8.092324495315552
Sampling 156 with 23960968894654 - sampling time: 7.706689834594727
Sampling 157 with 50837412939647 - sampling time: 6.433696269989014
Sampling 158 with 91346279252233 - sampling time: 7.030805826187134
Sampling 159 with 70492236775967 - sampling time: 6.481647968292236
Sampling 160 with 64714369229699 - sampling time: 8.189412593841553
Sampling 161 with 74193054927586 - sampling time: 6.930736064910889
Sampling 162 with 84319670848507 - sampling time: 5.373764276504517
Sampling 163 with 93699531334144 - sampling time: 7.0143609046936035
Sampling 164 with 88679470354500 - sampling time: 8.269283771514893
Sampling 165 with 92410818891338 - sampling time: 6.94409966468811
Sampling 166 with 24629908522398 - sampling time: 8.218128681182861
Sampling 167 with 74030277254082 - sampling time: 5.437965154647827
Sampling 168 with 48000088042723 - sampling time: 5.42973256111145
Sampling 169 with 90262766130254 - sampling time: 5.382063388824463
Sampling 170 with 51547663223677 - sampling time: 5.883605241775513
Sampling 171 with 38061948564639 - sampling time: 6.532378673553467
Sampling 172 with 76548877994794 - sampling time: 7.469430923461914
Sampling 173 with 96007514653161 - sampling time: 4.8807032108306885
Sampling 174 with 41240967434377 - sampling time: 7.772425413131714
Sampling 175 with 71916903000041 - sampling time: 5.338122844696045
Sampling 176 with 26792553163049 - sampling time: 7.2941060066223145
Sampling 177 with 73413381497524 - sampling time: 6.449616193771362
Sampling 178 with 96403494667446 - sampling time: 5.025230407714844
Sampling 179 with 65747111964749 - sampling time: 6.403731822967529
Sampling 180 with 49538863874386 - sampling time: 7.771114110946655
Sampling 181 with 35208092054509 - sampling time: 8.081334590911865
Sampling 182 with 36216217739967 - sampling time: 7.186862945556641
Sampling 183 with 96973061301832 - sampling time: 4.963161945343018
Sampling 184 with 25216494109535 - sampling time: 7.705895900726318
Sampling 185 with 69586116610102 - sampling time: 6.063499927520752
Sampling 186 with 83169477934189 - sampling time: 7.132316589355469
Sampling 187 with 3726824380427 - sampling time: 9.467224836349487
Sampling 188 with 37993472209519 - sampling time: 7.202738523483276
Sampling 189 with 60794074255807 - sampling time: 6.7239344120025635
Sampling 190 with 12932586667220 - sampling time: 6.646596193313599
Sampling 191 with 76609097029200 - sampling time: 6.77628493309021
Sampling 192 with 8398824382112 - sampling time: 7.096856117248535
Sampling 193 with 54679344716602 - sampling time: 6.580861568450928
Sampling 194 with 48150280875176 - sampling time: 7.248580694198608
Sampling 195 with 69933654401440 - sampling time: 7.713070631027222
Sampling 196 with 50028343600849 - sampling time: 7.2448883056640625
Sampling 197 with 90573088095132 - sampling time: 6.609233856201172
Sampling 198 with 63803778699601 - sampling time: 8.911669969558716
Sampling 199 with 19068796458267 - sampling time: 7.6749091148376465
Sampling 200 with 61098186588166 - sampling time: 4.945455312728882
Sampling 201 with 16888290652727 - sampling time: 6.028540372848511
Sampling 202 with 21990962130980 - sampling time: 7.773088216781616
Sampling 203 with 55140852918035 - sampling time: 6.695485353469849
Sampling 204 with 29401347230192 - sampling time: 7.0735437870025635
Sampling 205 with 62311348114235 - sampling time: 8.707019329071045
Sampling 206 with 44815074793952 - sampling time: 7.07121205329895
Sampling 207 with 3559147428199 - sampling time: 7.7906224727630615
Sampling 208 with 55569319538676 - sampling time: 6.4418230056762695
Sampling 209 with 2315383476513 - sampling time: 7.701112270355225
Sampling 210 with 13935392751463 - sampling time: 8.0403573513031
Sampling 211 with 28495024019073 - sampling time: 8.734911918640137
Sampling 212 with 53579792899017 - sampling time: 6.0965166091918945
Sampling 213 with 69763042946923 - sampling time: 4.8596742153167725
Sampling 214 with 60176241334987 - sampling time: 5.878884315490723
Sampling 215 with 47324480715159 - sampling time: 6.427879333496094
Sampling 216 with 7891245113737 - sampling time: 8.789295196533203
Sampling 217 with 57793538446497 - sampling time: 5.886228561401367
Sampling 218 with 21096976247751 - sampling time: 8.735186100006104
Sampling 219 with 76185730607548 - sampling time: 6.948715925216675
Sampling 220 with 34093996190170 - sampling time: 8.240366697311401
Sampling 221 with 23085193325863 - sampling time: 6.972150802612305
Sampling 222 with 72952205894555 - sampling time: 5.940789699554443
Sampling 223 with 19718091788795 - sampling time: 7.4818055629730225
Sampling 224 with 1896288895849 - sampling time: 7.638212203979492
Sampling 225 with 20113319660051 - sampling time: 8.591431617736816
Sampling 226 with 36719966998109 - sampling time: 8.015217781066895
Sampling 227 with 40809426624593 - sampling time: 6.456660032272339
Sampling 228 with 26048648504608 - sampling time: 8.030672073364258
Sampling 229 with 6371455109250 - sampling time: 9.338118314743042
Sampling 230 with 57728415605652 - sampling time: 5.908958196640015
Sampling 231 with 73138207386600 - sampling time: 7.648922443389893
Sampling 232 with 17289066719046 - sampling time: 9.189611434936523
Sampling 233 with 20827753257359 - sampling time: 9.288351058959961
Sampling 234 with 50377739764703 - sampling time: 7.5715651512146
Sampling 235 with 4234042299669 - sampling time: 9.33250093460083
Sampling 236 with 16478257605931 - sampling time: 7.494351148605347
Sampling 237 with 59889909226443 - sampling time: 6.536860942840576
Sampling 238 with 25207490949587 - sampling time: 6.0432844161987305
Sampling 239 with 19154937272796 - sampling time: 8.556416988372803
Sampling 240 with 7037009480050 - sampling time: 8.123295307159424
Sampling 241 with 32703463244823 - sampling time: 7.503511905670166
Sampling 242 with 46667472571258 - sampling time: 5.378802537918091
Sampling 243 with 15235145903815 - sampling time: 8.232110738754272
Sampling 244 with 63180398959316 - sampling time: 5.400147438049316
Sampling 245 with 16111079187103 - sampling time: 7.667930841445923
Sampling 246 with 61223918076201 - sampling time: 5.881557464599609
Sampling 247 with 67799820161611 - sampling time: 7.018304347991943
Sampling 248 with 77322592541290 - sampling time: 6.039577484130859
Sampling 249 with 73347307250331 - sampling time: 6.69207763671875
Sampling 250 with 43253904208382 - sampling time: 8.270646810531616
Sampling 251 with 73713898954842 - sampling time: 6.279813766479492
Sampling 252 with 39710007546643 - sampling time: 8.783523321151733
Sampling 253 with 77120044689769 - sampling time: 7.247396469116211
Sampling 254 with 38126490915197 - sampling time: 7.8280181884765625
Sampling 255 with 62503705713975 - sampling time: 8.517378807067871
Sampling 256 with 32330449465321 - sampling time: 6.672991037368774
Sampling 257 with 22454836937700 - sampling time: 7.702718496322632
Sampling 258 with 9268129713460 - sampling time: 8.303799867630005
Sampling 259 with 43615482355066 - sampling time: 8.855409145355225
Sampling 260 with 57878972640925 - sampling time: 5.512445688247681
Sampling 261 with 72109413545249 - sampling time: 6.621153116226196
Sampling 262 with 21790678844054 - sampling time: 7.216428518295288
Sampling 263 with 71567047439314 - sampling time: 5.527485132217407
Sampling 264 with 69887535908984 - sampling time: 4.952366590499878
Sampling 265 with 75825797722973 - sampling time: 6.688849210739136
Sampling 266 with 32027534676192 - sampling time: 8.532977819442749
Sampling 267 with 25029766882310 - sampling time: 7.253379583358765
Sampling 268 with 34161753762080 - sampling time: 7.823163032531738
Sampling 269 with 66854770172794 - sampling time: 7.3304619789123535
Sampling 270 with 69586346006577 - sampling time: 6.545045375823975
Sampling 271 with 3383715958443 - sampling time: 7.713822841644287
Sampling 272 with 92479185923342 - sampling time: 7.813209533691406
Sampling 273 with 16143854458142 - sampling time: 8.578243494033813
Sampling 274 with 83284065397394 - sampling time: 7.022685766220093
Sampling 275 with 31911014568293 - sampling time: 8.547996759414673
Sampling 276 with 97373685929553 - sampling time: 5.385559320449829
Sampling 277 with 46905291886340 - sampling time: 7.223885774612427
Sampling 278 with 27022622945565 - sampling time: 6.559957027435303
Sampling 279 with 76420730937887 - sampling time: 8.027548551559448
Sampling 280 with 29387024914411 - sampling time: 8.2234206199646
Sampling 281 with 23965238532948 - sampling time: 7.032926559448242
Sampling 282 with 18537916010420 - sampling time: 7.502246379852295
Sampling 283 with 80048693587974 - sampling time: 6.028798341751099
Sampling 284 with 26610067405625 - sampling time: 8.577372789382935
Sampling 285 with 10902134594329 - sampling time: 7.680012226104736
Sampling 286 with 4098715660103 - sampling time: 8.073707580566406
Sampling 287 with 67767659369649 - sampling time: 6.02574348449707
Sampling 288 with 8309506220530 - sampling time: 8.12355375289917
Sampling 289 with 11597284274886 - sampling time: 7.055309057235718
Sampling 290 with 10958972127437 - sampling time: 8.041350364685059
Sampling 291 with 57466563322691 - sampling time: 5.362496852874756
Sampling 292 with 91280444939904 - sampling time: 7.023538827896118
Sampling 293 with 20332868786980 - sampling time: 6.959171772003174
Sampling 294 with 40065567678657 - sampling time: 8.006863832473755
Sampling 295 with 6324624189262 - sampling time: 6.9703216552734375
Sampling 296 with 90340787299479 - sampling time: 5.42811393737793
Sampling 297 with 50226495286319 - sampling time: 5.434604644775391
Sampling 298 with 69836915535914 - sampling time: 5.444856882095337
Sampling 299 with 94674537393754 - sampling time: 6.625832796096802
Sampling 300 with 63670792952147 - sampling time: 7.573925971984863
Sampling 301 with 62119761862907 - sampling time: 6.443647146224976
Sampling 302 with 73670594252285 - sampling time: 7.487191200256348
Sampling 303 with 376725642374 - sampling time: 8.290153503417969
Sampling 304 with 44957366382280 - sampling time: 7.219034433364868
Sampling 305 with 66056178098173 - sampling time: 8.04772663116455
Sampling 306 with 39260557480549 - sampling time: 7.629513740539551
Sampling 307 with 9187534110730 - sampling time: 8.835562467575073
Sampling 308 with 54118923625128 - sampling time: 5.8904128074646
Sampling 309 with 66904212039489 - sampling time: 6.5267627239227295
Sampling 310 with 74774766856060 - sampling time: 5.344451427459717
Sampling 311 with 62636708985526 - sampling time: 6.957256078720093
Sampling 312 with 41403399537825 - sampling time: 7.709631681442261
Sampling 313 with 42725626034978 - sampling time: 8.014212131500244
Sampling 314 with 5993759820035 - sampling time: 8.270066499710083
Sampling 315 with 11878088076004 - sampling time: 8.93084979057312
Sampling 316 with 56136905955643 - sampling time: 7.934755802154541
Sampling 317 with 82435507035210 - sampling time: 4.983217239379883
Sampling 318 with 75005051209384 - sampling time: 6.0609450340271
Sampling 319 with 51544408519668 - sampling time: 7.31121826171875
Sampling 320 with 82108629600251 - sampling time: 6.576701402664185
Sampling 321 with 37024741245394 - sampling time: 8.226367235183716
Sampling 322 with 51404914367083 - sampling time: 7.102456331253052
Sampling 323 with 94896924090790 - sampling time: 7.1456849575042725
Sampling 324 with 64464667089581 - sampling time: 6.01989483833313
Sampling 325 with 56167597625769 - sampling time: 7.685399055480957
Sampling 326 with 20884336046242 - sampling time: 9.405847311019897
Sampling 327 with 12642893499835 - sampling time: 7.972462892532349
Sampling 328 with 35570332536529 - sampling time: 7.211318731307983
Sampling 329 with 41886298948699 - sampling time: 7.864382982254028
Sampling 330 with 79870426604226 - sampling time: 6.51509952545166
Sampling 331 with 62962426305468 - sampling time: 7.422933340072632
Sampling 332 with 56265208987473 - sampling time: 7.171247482299805
Sampling 333 with 63302249356184 - sampling time: 6.614391565322876
Sampling 334 with 1811688599184 - sampling time: 7.363499164581299
Sampling 335 with 95929440683628 - sampling time: 5.487938642501831
Sampling 336 with 97035803020758 - sampling time: 6.121694803237915
Sampling 337 with 67642390506005 - sampling time: 6.033222675323486
Sampling 338 with 20573948682343 - sampling time: 7.8460469245910645
Sampling 339 with 93478536446521 - sampling time: 7.189236879348755
Sampling 340 with 90374156237510 - sampling time: 4.3627238273620605
Sampling 341 with 96816943250396 - sampling time: 5.33941912651062
Sampling 342 with 36977156824099 - sampling time: 6.981456279754639
Sampling 343 with 45710087357312 - sampling time: 6.597008943557739
Sampling 344 with 48587285871882 - sampling time: 6.434251308441162
Sampling 345 with 56535491645637 - sampling time: 7.257716655731201
Sampling 346 with 20398176581550 - sampling time: 7.570334434509277
Sampling 347 with 40356399490692 - sampling time: 5.999011516571045
Sampling 348 with 28212783137905 - sampling time: 8.619340896606445
Sampling 349 with 78226620800045 - sampling time: 6.540850639343262
Sampling 350 with 24703457600389 - sampling time: 8.565447568893433
Sampling 351 with 46052132116474 - sampling time: 6.431569576263428
Sampling 352 with 71762926274291 - sampling time: 7.502897500991821
Sampling 353 with 62678163134158 - sampling time: 7.537688255310059
Sampling 354 with 37604669938676 - sampling time: 5.906268835067749
Sampling 355 with 2210128221253 - sampling time: 6.362362623214722
Sampling 356 with 67952461151324 - sampling time: 6.017709970474243
Sampling 357 with 5579476009595 - sampling time: 9.101962566375732
Sampling 358 with 97102613027996 - sampling time: 4.354301691055298
Sampling 359 with 97143363475558 - sampling time: 5.35778284072876
Sampling 360 with 26421433371061 - sampling time: 7.936573505401611
Sampling 361 with 38439303382270 - sampling time: 7.797165870666504
Sampling 362 with 12324758424010 - sampling time: 6.449163436889648
Sampling 363 with 41910418261514 - sampling time: 7.666369676589966
Sampling 364 with 74116201397036 - sampling time: 5.875427722930908
Sampling 365 with 93427940464777 - sampling time: 8.105342388153076
Sampling 366 with 73675483034801 - sampling time: 5.920694589614868
Sampling 367 with 55147750096563 - sampling time: 7.1404993534088135
Sampling 368 with 94142593926296 - sampling time: 5.340980291366577
Sampling 369 with 81841588233536 - sampling time: 6.413581848144531
Sampling 370 with 87503320180609 - sampling time: 5.936495304107666
Sampling 371 with 72719463970731 - sampling time: 5.939108610153198
Sampling 372 with 29708905490748 - sampling time: 8.212459087371826
Sampling 373 with 62281776363358 - sampling time: 7.515146017074585
Sampling 374 with 64310680787801 - sampling time: 6.014026165008545
Sampling 375 with 23166817406517 - sampling time: 8.055879831314087
Sampling 376 with 73735228542819 - sampling time: 6.0045013427734375
Sampling 377 with 55510241985544 - sampling time: 6.428566217422485
Sampling 378 with 27681019132229 - sampling time: 8.599538326263428
Sampling 379 with 89682954863307 - sampling time: 6.024636268615723
Sampling 380 with 973524752535 - sampling time: 7.50883412361145
Sampling 381 with 94994179001437 - sampling time: 7.211122751235962
Sampling 382 with 71750761474758 - sampling time: 5.875492334365845
Sampling 383 with 22578871234817 - sampling time: 8.169292688369751
Sampling 384 with 53918471596859 - sampling time: 7.670783519744873
Sampling 385 with 46599163337983 - sampling time: 7.747462749481201
Sampling 386 with 79690432822318 - sampling time: 6.5790228843688965
Sampling 387 with 27111520885753 - sampling time: 8.336077213287354
Sampling 388 with 40304198551739 - sampling time: 7.6169939041137695
Sampling 389 with 81926052579141 - sampling time: 5.497222900390625
Sampling 390 with 48658350828555 - sampling time: 7.25117826461792
Sampling 391 with 86745500694014 - sampling time: 5.45351767539978
Sampling 392 with 53847838789472 - sampling time: 6.6532206535339355
Sampling 393 with 14658190420266 - sampling time: 7.155840873718262
Sampling 394 with 15892840571955 - sampling time: 7.186164855957031
Sampling 395 with 71698537088010 - sampling time: 6.640526056289673
Sampling 396 with 72111546767510 - sampling time: 7.1478588581085205
Sampling 397 with 85212327363940 - sampling time: 6.202303171157837
Sampling 398 with 24948170934057 - sampling time: 7.658899307250977
Sampling 399 with 73821715528403 - sampling time: 6.553498983383179
--- total time: 2847.3244183063507 seconds ---
Output samples created on:  /home/jeho-lab/git/t-wise/Data/Samples/Time/Financial_2018_05_09_400.samples

real	47m28.018s
user	38m52.205s
sys	9m15.942s
