Input file:  /home/jeho-lab/git/t-wise/Data/Financial_2018_05_09.dimacs
Number of samples:  1000
Output directory: /home/jeho-lab/git/t-wise/Data/Samples/Time
Counting - Total configurations: 97451212554676
Sampling 0 with 18959902666852 - sampling time: 5.9084367752075195
Sampling 1 with 32253391630016 - sampling time: 7.8343682289123535
Sampling 2 with 42390957973264 - sampling time: 5.865238189697266
Sampling 3 with 88708088383126 - sampling time: 6.31290602684021
Sampling 4 with 70758025793098 - sampling time: 7.905219078063965
Sampling 5 with 18962200752312 - sampling time: 6.283228874206543
Sampling 6 with 16690845487535 - sampling time: 6.909815073013306
Sampling 7 with 33888330537185 - sampling time: 8.979433298110962
Sampling 8 with 91316391859358 - sampling time: 6.953883171081543
Sampling 9 with 10467932399285 - sampling time: 7.935751914978027
Sampling 10 with 48927618090618 - sampling time: 5.876745223999023
Sampling 11 with 95030134401328 - sampling time: 7.330769777297974
Sampling 12 with 83182228056949 - sampling time: 7.0014543533325195
Sampling 13 with 72456227417307 - sampling time: 6.473450660705566
Sampling 14 with 82490567569869 - sampling time: 5.935092210769653
Sampling 15 with 25228956548506 - sampling time: 6.059890270233154
Sampling 16 with 54461229539077 - sampling time: 7.581897735595703
Sampling 17 with 82918598196345 - sampling time: 3.5229485034942627
Sampling 18 with 68937041208692 - sampling time: 7.392108678817749
Sampling 19 with 78865945350458 - sampling time: 5.510417938232422
Sampling 20 with 66701945403935 - sampling time: 6.901999235153198
Sampling 21 with 82567064518778 - sampling time: 6.4846882820129395
Sampling 22 with 83018671551070 - sampling time: 5.438108444213867
Sampling 23 with 87493354730668 - sampling time: 7.0893614292144775
Sampling 24 with 86026289247354 - sampling time: 7.175952196121216
Sampling 25 with 40452724724866 - sampling time: 7.662374496459961
Sampling 26 with 94461124096580 - sampling time: 4.428821802139282
Sampling 27 with 73221030250341 - sampling time: 7.042664051055908
Sampling 28 with 27508860637908 - sampling time: 7.421939849853516
Sampling 29 with 81648434589333 - sampling time: 6.0346832275390625
Sampling 30 with 73604472112522 - sampling time: 5.4482176303863525
Sampling 31 with 65432338479459 - sampling time: 6.535064697265625
Sampling 32 with 31123557669391 - sampling time: 7.638526439666748
Sampling 33 with 23787814416295 - sampling time: 7.644761085510254
Sampling 34 with 17140670250584 - sampling time: 8.262739181518555
Sampling 35 with 18794804268052 - sampling time: 8.761701107025146
Sampling 36 with 96445609327415 - sampling time: 5.154141902923584
Sampling 37 with 27739756500812 - sampling time: 8.137507438659668
Sampling 38 with 84956259724044 - sampling time: 5.910465717315674
Sampling 39 with 95883998757049 - sampling time: 4.253143548965454
Sampling 40 with 73165122595446 - sampling time: 5.321543216705322
Sampling 41 with 5756576660455 - sampling time: 7.475627422332764
Sampling 42 with 16714933366922 - sampling time: 7.997307777404785
Sampling 43 with 25426634652459 - sampling time: 8.212002277374268
Sampling 44 with 54020211989075 - sampling time: 5.848993539810181
Sampling 45 with 39024328068000 - sampling time: 8.505685806274414
Sampling 46 with 25504679824897 - sampling time: 6.493471145629883
Sampling 47 with 81151025237267 - sampling time: 6.373308181762695
Sampling 48 with 79709529712620 - sampling time: 6.92088770866394
Sampling 49 with 80638197360428 - sampling time: 8.22386646270752
Sampling 50 with 14409427585185 - sampling time: 7.4275712966918945
Sampling 51 with 75836054070464 - sampling time: 5.384018421173096
Sampling 52 with 20074076310955 - sampling time: 7.994995355606079
Sampling 53 with 4454537592826 - sampling time: 8.501429080963135
Sampling 54 with 27140311987804 - sampling time: 6.401136636734009
Sampling 55 with 39435004111992 - sampling time: 8.542201042175293
Sampling 56 with 18921031214367 - sampling time: 7.954412937164307
Sampling 57 with 19506557766961 - sampling time: 8.542905569076538
Sampling 58 with 93017872648110 - sampling time: 6.888861179351807
Sampling 59 with 23987715022146 - sampling time: 7.488297462463379
Sampling 60 with 40892424690983 - sampling time: 6.939016342163086
Sampling 61 with 20811693427174 - sampling time: 8.533336639404297
Sampling 62 with 86834492410121 - sampling time: 6.374924182891846
Sampling 63 with 43200402079774 - sampling time: 6.975278377532959
Sampling 64 with 23911769621863 - sampling time: 8.027588605880737
Sampling 65 with 37965109760748 - sampling time: 6.513277530670166
Sampling 66 with 54523335796065 - sampling time: 7.227964401245117
Sampling 67 with 40505613009250 - sampling time: 7.488080024719238
Sampling 68 with 44053725793211 - sampling time: 6.4275712966918945
Sampling 69 with 78547462139478 - sampling time: 6.895174980163574
Sampling 70 with 69555590308938 - sampling time: 6.41206169128418
Sampling 71 with 65507278727818 - sampling time: 5.858721733093262
Sampling 72 with 15913552649678 - sampling time: 7.510854005813599
Sampling 73 with 52502875209668 - sampling time: 7.460537672042847
Sampling 74 with 51777430199538 - sampling time: 7.446869373321533
Sampling 75 with 48461206495265 - sampling time: 6.409618139266968
Sampling 76 with 34321932909250 - sampling time: 8.073768138885498
Sampling 77 with 87078670085099 - sampling time: 6.438008546829224
Sampling 78 with 35587751281323 - sampling time: 7.465962171554565
Sampling 79 with 53177373797550 - sampling time: 7.466692686080933
Sampling 80 with 78993595821376 - sampling time: 7.112194538116455
Sampling 81 with 11932059666005 - sampling time: 6.515847444534302
Sampling 82 with 89158916636163 - sampling time: 6.651254415512085
Sampling 83 with 42094123061031 - sampling time: 7.631248712539673
Sampling 84 with 24341205887292 - sampling time: 8.186806201934814
Sampling 85 with 83869980710617 - sampling time: 4.928185939788818
Sampling 86 with 40877079678839 - sampling time: 7.622356653213501
Sampling 87 with 34687782127547 - sampling time: 6.814060211181641
Sampling 88 with 82059880727968 - sampling time: 5.966113090515137
Sampling 89 with 11281308358211 - sampling time: 8.17716121673584
Sampling 90 with 4326811397254 - sampling time: 7.65210223197937
Sampling 91 with 40912274368556 - sampling time: 6.4946863651275635
Sampling 92 with 77259816486394 - sampling time: 7.5941691398620605
Sampling 93 with 78984153906162 - sampling time: 7.58575963973999
Sampling 94 with 14353549558551 - sampling time: 7.0504937171936035
Sampling 95 with 74138717650138 - sampling time: 5.999982118606567
Sampling 96 with 14255695137931 - sampling time: 5.433558940887451
Sampling 97 with 28891722670773 - sampling time: 7.118162155151367
Sampling 98 with 80866362969178 - sampling time: 5.971844434738159
Sampling 99 with 95110657406243 - sampling time: 4.450197696685791
Sampling 100 with 74814465557850 - sampling time: 6.623960018157959
Sampling 101 with 19632209859665 - sampling time: 8.589729309082031
Sampling 102 with 42609950504612 - sampling time: 6.576896667480469
Sampling 103 with 51282875217819 - sampling time: 6.012294292449951
Sampling 104 with 78018597099059 - sampling time: 6.140631198883057
Sampling 105 with 44423816266300 - sampling time: 6.52854061126709
Sampling 106 with 31767160014549 - sampling time: 9.188300132751465
Sampling 107 with 88866766366481 - sampling time: 5.354463815689087
Sampling 108 with 66760287047150 - sampling time: 7.7159693241119385
Sampling 109 with 34312917988134 - sampling time: 8.103036880493164
Sampling 110 with 73934558442904 - sampling time: 5.521720886230469
Sampling 111 with 73188065113115 - sampling time: 4.787765741348267
Sampling 112 with 31398617982497 - sampling time: 6.917778491973877
Sampling 113 with 8998496217104 - sampling time: 7.964682340621948
Sampling 114 with 48150144159475 - sampling time: 6.386849403381348
Sampling 115 with 92549931308389 - sampling time: 6.4421045780181885
Sampling 116 with 96492146825239 - sampling time: 6.3732593059539795
Sampling 117 with 77605499311959 - sampling time: 5.900108337402344
Sampling 118 with 50397144395859 - sampling time: 8.492103576660156
Sampling 119 with 23696843637056 - sampling time: 7.564900636672974
Sampling 120 with 57902644952863 - sampling time: 6.939142465591431
Sampling 121 with 69682424074142 - sampling time: 5.859868764877319
Sampling 122 with 15287989952031 - sampling time: 7.624292373657227
Sampling 123 with 85899001155067 - sampling time: 6.3785505294799805
Sampling 124 with 6479835904862 - sampling time: 8.02420687675476
Sampling 125 with 34546892414247 - sampling time: 6.938526391983032
Sampling 126 with 19448447879206 - sampling time: 6.41493821144104
Sampling 127 with 62468193007343 - sampling time: 6.998130559921265
Sampling 128 with 47996813165509 - sampling time: 5.869728088378906
Sampling 129 with 57140495478191 - sampling time: 7.964498043060303
Sampling 130 with 91309018626109 - sampling time: 5.332755088806152
Sampling 131 with 95549220034374 - sampling time: 5.844201564788818
Sampling 132 with 83287473724513 - sampling time: 6.928968191146851
Sampling 133 with 8048047744653 - sampling time: 7.572077989578247
Sampling 134 with 56547359532740 - sampling time: 8.049321413040161
Sampling 135 with 87294153504943 - sampling time: 6.396624803543091
Sampling 136 with 52384017089591 - sampling time: 6.4261767864227295
Sampling 137 with 94230744327261 - sampling time: 6.549500465393066
Sampling 138 with 20549190528506 - sampling time: 7.455212593078613
Sampling 139 with 32426145629452 - sampling time: 6.920762300491333
Sampling 140 with 6090271424229 - sampling time: 7.487532138824463
Sampling 141 with 77784360166328 - sampling time: 6.905327558517456
Sampling 142 with 20562332542647 - sampling time: 8.527263641357422
Sampling 143 with 91618172649601 - sampling time: 6.384671449661255
Sampling 144 with 89700515643847 - sampling time: 5.302520751953125
Sampling 145 with 79649890710798 - sampling time: 8.00342583656311
Sampling 146 with 61599280819542 - sampling time: 6.382791042327881
Sampling 147 with 83659669802837 - sampling time: 6.4886369705200195
Sampling 148 with 56123324468804 - sampling time: 6.6726226806640625
Sampling 149 with 14496420739820 - sampling time: 8.126241683959961
Sampling 150 with 50497277490663 - sampling time: 6.6483473777771
Sampling 151 with 9632316672297 - sampling time: 7.4497106075286865
Sampling 152 with 30896417289668 - sampling time: 8.729852199554443
Sampling 153 with 22605357379149 - sampling time: 8.118168115615845
Sampling 154 with 337308695449 - sampling time: 8.138004779815674
Sampling 155 with 53232645186376 - sampling time: 6.191844701766968
Sampling 156 with 26661166105757 - sampling time: 7.090175151824951
Sampling 157 with 74717521927042 - sampling time: 4.9535417556762695
Sampling 158 with 63596140395938 - sampling time: 6.539434909820557
Sampling 159 with 26670529267635 - sampling time: 8.27995252609253
Sampling 160 with 67155533447310 - sampling time: 7.04829478263855
Sampling 161 with 74109208265838 - sampling time: 7.674152851104736
Sampling 162 with 39944942394386 - sampling time: 7.894060373306274
Sampling 163 with 12865869881473 - sampling time: 8.153393983840942
Sampling 164 with 77672519357042 - sampling time: 6.482012510299683
Sampling 165 with 40267428971844 - sampling time: 8.78396487236023
Sampling 166 with 49009829851027 - sampling time: 6.00724196434021
Sampling 167 with 61085010096219 - sampling time: 6.324563503265381
Sampling 168 with 25964120624129 - sampling time: 8.191469669342041
Sampling 169 with 86347656463003 - sampling time: 5.415837049484253
Sampling 170 with 83354249830587 - sampling time: 7.0176661014556885
Sampling 171 with 71419439129290 - sampling time: 5.413573980331421
Sampling 172 with 60277487739695 - sampling time: 6.436691045761108
Sampling 173 with 55825956279213 - sampling time: 6.618925333023071
Sampling 174 with 9316124018368 - sampling time: 7.58105731010437
Sampling 175 with 26134942489152 - sampling time: 6.5003321170806885
Sampling 176 with 2304729814804 - sampling time: 6.948714256286621
Sampling 177 with 75842739040500 - sampling time: 6.391652822494507
Sampling 178 with 7399036373877 - sampling time: 9.095289468765259
Sampling 179 with 30775341271387 - sampling time: 8.059895753860474
Sampling 180 with 799984648632 - sampling time: 6.94404673576355
Sampling 181 with 50678880422987 - sampling time: 6.398298740386963
Sampling 182 with 91236685531510 - sampling time: 6.9370105266571045
Sampling 183 with 89704281072791 - sampling time: 4.840848445892334
Sampling 184 with 71707195458257 - sampling time: 6.444234371185303
Sampling 185 with 335679479158 - sampling time: 6.952375411987305
Sampling 186 with 94653842246774 - sampling time: 6.919957399368286
Sampling 187 with 42146368600903 - sampling time: 7.9846556186676025
Sampling 188 with 42186905957072 - sampling time: 7.4548118114471436
Sampling 189 with 3436137525893 - sampling time: 7.234739542007446
Sampling 190 with 29322464352148 - sampling time: 6.941415071487427
Sampling 191 with 93673228275425 - sampling time: 5.368609189987183
Sampling 192 with 27872592483168 - sampling time: 8.00051212310791
Sampling 193 with 13366737000646 - sampling time: 8.534751415252686
Sampling 194 with 4120415192059 - sampling time: 6.949599981307983
Sampling 195 with 73077301152180 - sampling time: 5.854969024658203
Sampling 196 with 7961429698446 - sampling time: 7.643803358078003
Sampling 197 with 12764093147781 - sampling time: 7.503946542739868
Sampling 198 with 8768367065687 - sampling time: 8.026837348937988
Sampling 199 with 34339402830203 - sampling time: 7.4674906730651855
Sampling 200 with 20421545997894 - sampling time: 5.937231063842773
Sampling 201 with 35656721395890 - sampling time: 6.959255218505859
Sampling 202 with 68232945183470 - sampling time: 5.336021661758423
Sampling 203 with 52399000804925 - sampling time: 8.01360297203064
Sampling 204 with 57754454550105 - sampling time: 6.391758680343628
Sampling 205 with 93995441393454 - sampling time: 6.426637887954712
Sampling 206 with 33198813676349 - sampling time: 7.500134468078613
Sampling 207 with 73453140796518 - sampling time: 5.3251776695251465
Sampling 208 with 64941799153117 - sampling time: 6.936827182769775
Sampling 209 with 51968983727017 - sampling time: 6.923976182937622
Sampling 210 with 65540918584679 - sampling time: 8.001418828964233
Sampling 211 with 37698077699995 - sampling time: 8.673734664916992
Sampling 212 with 84982358979688 - sampling time: 8.48960828781128
Sampling 213 with 65008753004507 - sampling time: 6.406736373901367
Sampling 214 with 52655340203867 - sampling time: 6.467712879180908
Sampling 215 with 92868182383152 - sampling time: 5.90172815322876
Sampling 216 with 49828015313503 - sampling time: 6.404665470123291
Sampling 217 with 63458569579690 - sampling time: 7.222283840179443
Sampling 218 with 86369080036196 - sampling time: 7.5414299964904785
Sampling 219 with 2195233782624 - sampling time: 6.634340286254883
Sampling 220 with 27262404321446 - sampling time: 7.6458845138549805
Sampling 221 with 85734192293745 - sampling time: 6.592227935791016
Sampling 222 with 33219955291121 - sampling time: 7.052186012268066
Sampling 223 with 61534821964937 - sampling time: 5.472841739654541
Sampling 224 with 7128369761792 - sampling time: 8.65808629989624
Sampling 225 with 37197821694425 - sampling time: 8.158581733703613
Sampling 226 with 97015197207437 - sampling time: 5.421223163604736
Sampling 227 with 88986618288160 - sampling time: 6.685523986816406
Sampling 228 with 13244644339805 - sampling time: 8.262887477874756
Sampling 229 with 92312223893876 - sampling time: 7.573108673095703
Sampling 230 with 4410074909913 - sampling time: 7.583942651748657
Sampling 231 with 72332002608289 - sampling time: 5.5401928424835205
Sampling 232 with 33772996635039 - sampling time: 7.085066556930542
Sampling 233 with 51007951799541 - sampling time: 6.041037082672119
Sampling 234 with 4928946821724 - sampling time: 8.39576768875122
Sampling 235 with 55298802092173 - sampling time: 6.558544158935547
Sampling 236 with 49643922016444 - sampling time: 7.066333055496216
Sampling 237 with 42465429531703 - sampling time: 7.122255563735962
Sampling 238 with 35346723303842 - sampling time: 6.527721166610718
Sampling 239 with 46799921044120 - sampling time: 6.020057439804077
Sampling 240 with 2680218818859 - sampling time: 8.450551271438599
Sampling 241 with 91609514716964 - sampling time: 4.909497976303101
Sampling 242 with 24273842389254 - sampling time: 7.118589401245117
Sampling 243 with 24786506780068 - sampling time: 6.02872633934021
Sampling 244 with 36409224091554 - sampling time: 7.964050054550171
Sampling 245 with 1118586096046 - sampling time: 7.5102643966674805
Sampling 246 with 36204814131800 - sampling time: 7.990644693374634
Sampling 247 with 51386361508818 - sampling time: 7.985965728759766
Sampling 248 with 11804528751125 - sampling time: 8.031499862670898
Sampling 249 with 73078471468482 - sampling time: 6.960965156555176
Sampling 250 with 71250813339226 - sampling time: 5.851336479187012
Sampling 251 with 94075311375757 - sampling time: 6.915694713592529
Sampling 252 with 60814408957314 - sampling time: 6.447742938995361
Sampling 253 with 65596468977538 - sampling time: 7.436969995498657
Sampling 254 with 6047616763160 - sampling time: 6.923536062240601
Sampling 255 with 94965289384545 - sampling time: 6.501369953155518
Sampling 256 with 12907565262198 - sampling time: 8.017281770706177
Sampling 257 with 23208910735110 - sampling time: 9.088573217391968
Sampling 258 with 30999550687508 - sampling time: 6.940976142883301
Sampling 259 with 88560800530934 - sampling time: 8.5263352394104
Sampling 260 with 80258239576679 - sampling time: 4.797997236251831
Sampling 261 with 59728351413667 - sampling time: 6.957635402679443
Sampling 262 with 50740210190019 - sampling time: 6.9389262199401855
Sampling 263 with 85674240262140 - sampling time: 6.988730430603027
Sampling 264 with 5326652473859 - sampling time: 8.322262287139893
Sampling 265 with 11541335235284 - sampling time: 8.580492496490479
Sampling 266 with 15704643674919 - sampling time: 7.48767352104187
Sampling 267 with 4188402427754 - sampling time: 9.05150032043457
Sampling 268 with 5512150162571 - sampling time: 8.068909168243408
Sampling 269 with 52562921359020 - sampling time: 6.435991287231445
Sampling 270 with 61500261114491 - sampling time: 4.816960096359253
Sampling 271 with 39627926155173 - sampling time: 7.036043882369995
Sampling 272 with 78064182840932 - sampling time: 7.472948312759399
Sampling 273 with 51589516178115 - sampling time: 6.427865028381348
Sampling 274 with 13365052485262 - sampling time: 7.466187238693237
Sampling 275 with 48448910755000 - sampling time: 7.463097095489502
Sampling 276 with 18390263338293 - sampling time: 6.537837266921997
Sampling 277 with 21519750934896 - sampling time: 7.201780319213867
Sampling 278 with 86304507925822 - sampling time: 5.86515998840332
Sampling 279 with 80331599922767 - sampling time: 5.889061450958252
Sampling 280 with 8146649043620 - sampling time: 8.575020790100098
Sampling 281 with 26603625943057 - sampling time: 7.4751880168914795
Sampling 282 with 73236396251772 - sampling time: 6.6595139503479
Sampling 283 with 58060663558327 - sampling time: 6.937086343765259
Sampling 284 with 47193332339327 - sampling time: 6.384161949157715
Sampling 285 with 43860843421137 - sampling time: 6.399989366531372
Sampling 286 with 11863480129139 - sampling time: 8.289588689804077
Sampling 287 with 46571931233137 - sampling time: 5.976567983627319
Sampling 288 with 49894889985243 - sampling time: 7.5901100635528564
Sampling 289 with 58901125078060 - sampling time: 7.745530128479004
Sampling 290 with 38892712186620 - sampling time: 6.559459924697876
Sampling 291 with 69627543045381 - sampling time: 5.673875570297241
Sampling 292 with 80058903172157 - sampling time: 6.523301362991333
Sampling 293 with 83792829400346 - sampling time: 4.899328708648682
Sampling 294 with 5533647975586 - sampling time: 9.493584632873535
Sampling 295 with 33191689526223 - sampling time: 7.675627946853638
Sampling 296 with 44612889868386 - sampling time: 7.127798318862915
Sampling 297 with 36842921800650 - sampling time: 8.693357944488525
Sampling 298 with 5214247193742 - sampling time: 8.497864007949829
Sampling 299 with 48360011274071 - sampling time: 6.488038063049316
Sampling 300 with 21830214647954 - sampling time: 6.527865886688232
Sampling 301 with 13461151008599 - sampling time: 8.130688667297363
Sampling 302 with 93153978027357 - sampling time: 6.497307777404785
Sampling 303 with 37903565672691 - sampling time: 7.773562431335449
Sampling 304 with 42613509913234 - sampling time: 7.644149303436279
Sampling 305 with 72899307829094 - sampling time: 5.448221206665039
Sampling 306 with 91272444588813 - sampling time: 6.5595080852508545
Sampling 307 with 27436201373140 - sampling time: 7.767154693603516
Sampling 308 with 41034843803674 - sampling time: 7.071420431137085
Sampling 309 with 93504788102027 - sampling time: 7.897241830825806
Sampling 310 with 56457531203558 - sampling time: 7.103223085403442
Sampling 311 with 77982763339041 - sampling time: 5.924069166183472
Sampling 312 with 69171365702446 - sampling time: 5.893382549285889
Sampling 313 with 55779893304832 - sampling time: 4.805800199508667
Sampling 314 with 7647555867578 - sampling time: 7.488672494888306
Sampling 315 with 84376720315640 - sampling time: 5.343324422836304
Sampling 316 with 92786451222763 - sampling time: 6.400047063827515
Sampling 317 with 44379178044487 - sampling time: 5.872239589691162
Sampling 318 with 44598857935150 - sampling time: 5.9468910694122314
Sampling 319 with 77243333137531 - sampling time: 5.324583530426025
Sampling 320 with 58820128617403 - sampling time: 6.9939587116241455
Sampling 321 with 36233012091658 - sampling time: 7.498281002044678
Sampling 322 with 86526004460327 - sampling time: 5.86527156829834
Sampling 323 with 53669450647544 - sampling time: 6.401149749755859
Sampling 324 with 32698436302332 - sampling time: 8.023098945617676
Sampling 325 with 95320249789831 - sampling time: 4.797069072723389
Sampling 326 with 81042080467789 - sampling time: 7.444370746612549
Sampling 327 with 1871981885144 - sampling time: 8.586227893829346
Sampling 328 with 33004726405830 - sampling time: 7.991837739944458
Sampling 329 with 60656094248165 - sampling time: 5.337515592575073
Sampling 330 with 89093797561372 - sampling time: 5.8543055057525635
Sampling 331 with 78572832062949 - sampling time: 7.436105012893677
Sampling 332 with 44689266738737 - sampling time: 6.940006256103516
Sampling 333 with 1010526524178 - sampling time: 7.464226007461548
Sampling 334 with 21825295475830 - sampling time: 6.407622575759888
Sampling 335 with 85051014939567 - sampling time: 7.98071813583374
Sampling 336 with 50680315073 - sampling time: 6.927968978881836
Sampling 337 with 8144363173292 - sampling time: 9.036811351776123
Sampling 338 with 31264591782180 - sampling time: 7.0069286823272705
Sampling 339 with 74006582455852 - sampling time: 5.352840185165405
Sampling 340 with 55263396073781 - sampling time: 5.416248083114624
Sampling 341 with 34262255014450 - sampling time: 8.532733917236328
Sampling 342 with 71076081723079 - sampling time: 7.194357633590698
Sampling 343 with 18098170339216 - sampling time: 8.527429819107056
Sampling 344 with 77900449782138 - sampling time: 5.849193572998047
Sampling 345 with 68466665707042 - sampling time: 7.494201183319092
Sampling 346 with 79849362566980 - sampling time: 5.8499534130096436
Sampling 347 with 54868682075550 - sampling time: 6.675703763961792
Sampling 348 with 21605084932535 - sampling time: 8.02497410774231
Sampling 349 with 14915391927520 - sampling time: 8.006801843643188
Sampling 350 with 56139111822429 - sampling time: 7.193222284317017
Sampling 351 with 1222500170991 - sampling time: 5.874248027801514
Sampling 352 with 16884222855700 - sampling time: 7.483710527420044
Sampling 353 with 29476261260535 - sampling time: 7.993459701538086
Sampling 354 with 18236591004413 - sampling time: 6.4084930419921875
Sampling 355 with 79398985543558 - sampling time: 7.816283941268921
Sampling 356 with 20501661737460 - sampling time: 7.634286165237427
Sampling 357 with 19045910451701 - sampling time: 5.686156749725342
Sampling 358 with 35308564109289 - sampling time: 8.687360763549805
Sampling 359 with 90927675722490 - sampling time: 6.009571075439453
Sampling 360 with 63069557962751 - sampling time: 7.098573684692383
Sampling 361 with 93851429549524 - sampling time: 6.614757776260376
Sampling 362 with 29326619231578 - sampling time: 7.780696868896484
Sampling 363 with 57076330811505 - sampling time: 7.209431886672974
Sampling 364 with 31788596962225 - sampling time: 7.053035736083984
Sampling 365 with 14806089647393 - sampling time: 8.804779052734375
Sampling 366 with 79007550975436 - sampling time: 7.571163892745972
Sampling 367 with 31641555274770 - sampling time: 7.599036931991577
Sampling 368 with 49016562701267 - sampling time: 5.407606840133667
Sampling 369 with 42458428355432 - sampling time: 7.15783953666687
Sampling 370 with 54324955558886 - sampling time: 6.585580587387085
Sampling 371 with 74724605386812 - sampling time: 6.088366508483887
Sampling 372 with 46027558078649 - sampling time: 6.162439346313477
Sampling 373 with 81628419709689 - sampling time: 7.0895164012908936
Sampling 374 with 79924680003385 - sampling time: 6.017806053161621
Sampling 375 with 8720475212025 - sampling time: 9.286338090896606
Sampling 376 with 86628189423450 - sampling time: 7.534372568130493
Sampling 377 with 55718489036325 - sampling time: 8.301241636276245
Sampling 378 with 87140729558087 - sampling time: 6.665369510650635
Sampling 379 with 63393199290109 - sampling time: 5.435596942901611
Sampling 380 with 77875402371263 - sampling time: 5.95424485206604
Sampling 381 with 45811619072079 - sampling time: 7.321161985397339
Sampling 382 with 23731656928033 - sampling time: 8.538588047027588
Sampling 383 with 26111592492886 - sampling time: 7.761277437210083
Sampling 384 with 20633457471893 - sampling time: 7.500280380249023
Sampling 385 with 59954021657378 - sampling time: 6.554721355438232
Sampling 386 with 24149406764612 - sampling time: 6.331925630569458
Sampling 387 with 37514152399622 - sampling time: 6.744647264480591
Sampling 388 with 52816440793211 - sampling time: 6.9957756996154785
Sampling 389 with 72993457284073 - sampling time: 5.979022741317749
Sampling 390 with 54142238132972 - sampling time: 6.926800966262817
Sampling 391 with 64766869658321 - sampling time: 6.637794256210327
Sampling 392 with 81283654986252 - sampling time: 6.39744234085083
Sampling 393 with 3425751575482 - sampling time: 5.879164695739746
Sampling 394 with 95227417499788 - sampling time: 5.863953113555908
Sampling 395 with 86863002136373 - sampling time: 6.121098518371582
Sampling 396 with 71140613033855 - sampling time: 7.02230429649353
Sampling 397 with 66150786643066 - sampling time: 5.864271879196167
Sampling 398 with 59840711752312 - sampling time: 5.331320524215698
Sampling 399 with 70407088097198 - sampling time: 6.41813063621521
Sampling 400 with 14011798088128 - sampling time: 5.889634132385254
Sampling 401 with 3267273664032 - sampling time: 8.03171992301941
Sampling 402 with 40947200886593 - sampling time: 8.5448637008667
Sampling 403 with 45078481836101 - sampling time: 5.881883144378662
Sampling 404 with 38690599383559 - sampling time: 8.169089555740356
Sampling 405 with 65442630245680 - sampling time: 5.3424232006073
Sampling 406 with 77541744610150 - sampling time: 6.650827884674072
Sampling 407 with 16861056088291 - sampling time: 6.984687089920044
Sampling 408 with 50288115643666 - sampling time: 8.518184661865234
Sampling 409 with 71070968289525 - sampling time: 6.922203302383423
Sampling 410 with 52956995724893 - sampling time: 6.968591213226318
Sampling 411 with 92935667734304 - sampling time: 5.863548755645752
Sampling 412 with 5253488974161 - sampling time: 8.851919174194336
Sampling 413 with 95420904707020 - sampling time: 5.370590925216675
Sampling 414 with 25354423922272 - sampling time: 7.99599814414978
Sampling 415 with 3412229617761 - sampling time: 7.466017723083496
Sampling 416 with 60253902384478 - sampling time: 6.163139343261719
Sampling 417 with 14623676751097 - sampling time: 8.531648397445679
Sampling 418 with 30166101939913 - sampling time: 7.5060014724731445
Sampling 419 with 91465974472965 - sampling time: 7.4504618644714355
Sampling 420 with 95894108091114 - sampling time: 5.31423544883728
Sampling 421 with 16589374834556 - sampling time: 7.452267408370972
Sampling 422 with 44441220386257 - sampling time: 6.421857833862305
Sampling 423 with 81479813556763 - sampling time: 6.368449449539185
Sampling 424 with 31748728851666 - sampling time: 7.509854316711426
Sampling 425 with 88259726579077 - sampling time: 6.58014702796936
Sampling 426 with 32982977836872 - sampling time: 7.602080583572388
Sampling 427 with 13008675270535 - sampling time: 8.688437700271606
Sampling 428 with 75061255298864 - sampling time: 6.497248411178589
Sampling 429 with 12168530209321 - sampling time: 7.666569948196411
Sampling 430 with 3733549403487 - sampling time: 8.789899110794067
Sampling 431 with 14362584996021 - sampling time: 7.55340838432312
Sampling 432 with 28873558727250 - sampling time: 9.225675106048584
Sampling 433 with 39204158014646 - sampling time: 8.02140998840332
Sampling 434 with 84720670899451 - sampling time: 4.225584983825684
Sampling 435 with 6341663044202 - sampling time: 8.783746719360352
Sampling 436 with 53100134490075 - sampling time: 7.1120452880859375
Sampling 437 with 28614374050211 - sampling time: 8.737651109695435
Sampling 438 with 79530059954770 - sampling time: 6.508025407791138
Sampling 439 with 31900080661772 - sampling time: 6.679949998855591
Sampling 440 with 63759903742509 - sampling time: 8.667850255966187
Sampling 441 with 24886027216257 - sampling time: 6.531965017318726
Sampling 442 with 11678251541831 - sampling time: 8.152377605438232
Sampling 443 with 62831667474830 - sampling time: 6.544339179992676
Sampling 444 with 16951855719132 - sampling time: 6.556504487991333
Sampling 445 with 25890585835620 - sampling time: 8.76021695137024
Sampling 446 with 71724950831731 - sampling time: 7.0529680252075195
Sampling 447 with 74654337724199 - sampling time: 5.990005254745483
Sampling 448 with 76238601145885 - sampling time: 5.989599227905273
Sampling 449 with 88423689042384 - sampling time: 5.364073038101196
Sampling 450 with 23760205341033 - sampling time: 6.71425461769104
Sampling 451 with 74309862905855 - sampling time: 6.384771108627319
Sampling 452 with 93499888352343 - sampling time: 8.01834750175476
Sampling 453 with 27732632378164 - sampling time: 7.999636888504028
Sampling 454 with 69633177835885 - sampling time: 7.978822708129883
Sampling 455 with 73151807439839 - sampling time: 5.845470428466797
Sampling 456 with 62513054338198 - sampling time: 5.383244276046753
Sampling 457 with 94120448783594 - sampling time: 6.921399831771851
Sampling 458 with 89798043267973 - sampling time: 5.883169889450073
Sampling 459 with 35257607680904 - sampling time: 6.407223701477051
Sampling 460 with 80929736274841 - sampling time: 5.366385221481323
Sampling 461 with 69475625362092 - sampling time: 6.438010931015015
Sampling 462 with 87275878339591 - sampling time: 5.333442687988281
Sampling 463 with 83618305915188 - sampling time: 5.845791339874268
Sampling 464 with 37226486643092 - sampling time: 8.516897916793823
Sampling 465 with 12202277538234 - sampling time: 7.993863105773926
Sampling 466 with 80364805189564 - sampling time: 6.401507139205933
Sampling 467 with 34815623952173 - sampling time: 6.940504789352417
Sampling 468 with 54065195386138 - sampling time: 7.453967332839966
Sampling 469 with 90932079196332 - sampling time: 7.0366904735565186
Sampling 470 with 76842916584895 - sampling time: 6.402299642562866
Sampling 471 with 7226912267744 - sampling time: 7.46750545501709
Sampling 472 with 17649622814170 - sampling time: 9.07039737701416
Sampling 473 with 62958179134132 - sampling time: 5.866606950759888
Sampling 474 with 33119867167948 - sampling time: 6.9592180252075195
Sampling 475 with 66932459166465 - sampling time: 7.5572052001953125
Sampling 476 with 77299965733821 - sampling time: 5.326184511184692
Sampling 477 with 3930222407152 - sampling time: 6.9481987953186035
Sampling 478 with 69078900370390 - sampling time: 5.856529474258423
Sampling 479 with 44225406644201 - sampling time: 7.9845311641693115
Sampling 480 with 24483130495746 - sampling time: 6.9494545459747314
Sampling 481 with 27915593292102 - sampling time: 7.4744696617126465
Sampling 482 with 82128142380285 - sampling time: 6.400003671646118
Sampling 483 with 70810087779320 - sampling time: 4.307559490203857
Sampling 484 with 12113201451362 - sampling time: 6.434738636016846
Sampling 485 with 71837248885063 - sampling time: 6.933903217315674
Sampling 486 with 12348570392717 - sampling time: 6.418865919113159
Sampling 487 with 45374810422886 - sampling time: 5.426223993301392
Sampling 488 with 3358489998288 - sampling time: 6.398622512817383
Sampling 489 with 12458627623343 - sampling time: 7.480144500732422
Sampling 490 with 29323421022119 - sampling time: 8.001285791397095
Sampling 491 with 85520233264680 - sampling time: 6.932594299316406
Sampling 492 with 88176894074710 - sampling time: 6.938936233520508
Sampling 493 with 33915797353769 - sampling time: 9.169036865234375
Sampling 494 with 36479063472326 - sampling time: 8.906983137130737
Sampling 495 with 39030503915560 - sampling time: 7.1928369998931885
Sampling 496 with 32962057591796 - sampling time: 9.423768281936646
Sampling 497 with 29482391418417 - sampling time: 8.675153017044067
Sampling 498 with 26711619327395 - sampling time: 8.424866676330566
Sampling 499 with 75953956944483 - sampling time: 6.557900428771973
Sampling 500 with 52881114283297 - sampling time: 6.4891417026519775
Sampling 501 with 33323977691708 - sampling time: 8.271202564239502
Sampling 502 with 73622805066175 - sampling time: 6.545676946640015
Sampling 503 with 90411647635572 - sampling time: 5.18028712272644
Sampling 504 with 14587002488758 - sampling time: 7.622095346450806
Sampling 505 with 18283233552045 - sampling time: 8.30132246017456
Sampling 506 with 35955288126273 - sampling time: 8.132627248764038
Sampling 507 with 71722748942647 - sampling time: 5.972034454345703
Sampling 508 with 2326034373023 - sampling time: 7.202121257781982
Sampling 509 with 29983736264218 - sampling time: 8.1657133102417
Sampling 510 with 92039955932735 - sampling time: 7.021340608596802
Sampling 511 with 6586102143827 - sampling time: 8.774814367294312
Sampling 512 with 19711101648542 - sampling time: 7.64188814163208
Sampling 513 with 15160497508177 - sampling time: 8.408868312835693
Sampling 514 with 67318749566005 - sampling time: 6.712996244430542
Sampling 515 with 107701694747 - sampling time: 7.287530422210693
Sampling 516 with 47350569234308 - sampling time: 6.517176389694214
Sampling 517 with 80067063675928 - sampling time: 6.4470531940460205
Sampling 518 with 74023305020281 - sampling time: 5.850356101989746
Sampling 519 with 401005567864 - sampling time: 7.979536771774292
Sampling 520 with 27397913115051 - sampling time: 8.619857549667358
Sampling 521 with 46727990243161 - sampling time: 7.541678428649902
Sampling 522 with 71241448882887 - sampling time: 6.9302356243133545
Sampling 523 with 73840998472769 - sampling time: 6.458075284957886
Sampling 524 with 74508959127599 - sampling time: 6.910384178161621
Sampling 525 with 92479590839944 - sampling time: 6.005538463592529
Sampling 526 with 72347761080911 - sampling time: 6.193995714187622
Sampling 527 with 68406905310574 - sampling time: 6.674882411956787
Sampling 528 with 73817080756293 - sampling time: 5.354406833648682
Sampling 529 with 51733223176807 - sampling time: 6.92796778678894
Sampling 530 with 86495851614609 - sampling time: 5.859982490539551
Sampling 531 with 24067000622755 - sampling time: 7.915343999862671
Sampling 532 with 58477362714641 - sampling time: 6.107965469360352
Sampling 533 with 4908671638949 - sampling time: 8.416574954986572
Sampling 534 with 9547718342773 - sampling time: 9.328449964523315
Sampling 535 with 88908180845827 - sampling time: 5.996671199798584
Sampling 536 with 95954592681222 - sampling time: 6.430233001708984
Sampling 537 with 96428942757621 - sampling time: 5.31914210319519
Sampling 538 with 31664656884567 - sampling time: 7.463964462280273
Sampling 539 with 42078614044748 - sampling time: 7.069253444671631
Sampling 540 with 12736595625532 - sampling time: 8.029502630233765
Sampling 541 with 27356391246794 - sampling time: 8.078507661819458
Sampling 542 with 26502277167331 - sampling time: 8.263556957244873
Sampling 543 with 84548768234338 - sampling time: 4.895169496536255
Sampling 544 with 55196956081400 - sampling time: 6.388917446136475
Sampling 545 with 40902054816485 - sampling time: 6.926716089248657
Sampling 546 with 6183101057158 - sampling time: 7.468275308609009
Sampling 547 with 372229776515 - sampling time: 7.4675562381744385
Sampling 548 with 49343168671560 - sampling time: 7.453367233276367
Sampling 549 with 66405305997932 - sampling time: 7.700718641281128
Sampling 550 with 92372189759023 - sampling time: 5.858967065811157
Sampling 551 with 66695487508789 - sampling time: 6.455570459365845
Sampling 552 with 86671494718067 - sampling time: 4.8078293800354
Sampling 553 with 70708043154184 - sampling time: 5.329534292221069
Sampling 554 with 92059736307488 - sampling time: 7.4542036056518555
Sampling 555 with 11240600224896 - sampling time: 6.420694589614868
Sampling 556 with 14268178984026 - sampling time: 8.006073951721191
Sampling 557 with 80044866267391 - sampling time: 5.348100423812866
Sampling 558 with 83272788820506 - sampling time: 5.850788831710815
Sampling 559 with 67522392379609 - sampling time: 5.333993673324585
Sampling 560 with 76845461865260 - sampling time: 5.853187084197998
Sampling 561 with 28126913482340 - sampling time: 8.155855894088745
Sampling 562 with 16897970598978 - sampling time: 7.073467016220093
Sampling 563 with 93230144687771 - sampling time: 8.171313285827637
Sampling 564 with 29051037304363 - sampling time: 8.774733781814575
Sampling 565 with 33269066822107 - sampling time: 8.777092456817627
Sampling 566 with 38710788529307 - sampling time: 7.5920374393463135
Sampling 567 with 60544968755792 - sampling time: 5.441944122314453
Sampling 568 with 24647607324401 - sampling time: 7.5991880893707275
Sampling 569 with 95256999466063 - sampling time: 4.879075765609741
Sampling 570 with 58283781879708 - sampling time: 5.518515110015869
Sampling 571 with 25087229033056 - sampling time: 6.026247262954712
Sampling 572 with 2359590629181 - sampling time: 8.201495885848999
Sampling 573 with 48040566622006 - sampling time: 7.570578575134277
Sampling 574 with 34043372815040 - sampling time: 8.998752355575562
Sampling 575 with 78315481912984 - sampling time: 6.555394411087036
Sampling 576 with 25568573744609 - sampling time: 8.254308223724365
Sampling 577 with 1014914889233 - sampling time: 7.236327171325684
Sampling 578 with 69213862617295 - sampling time: 5.459588050842285
Sampling 579 with 41373796229898 - sampling time: 7.583427906036377
Sampling 580 with 57360983173037 - sampling time: 7.056902647018433
Sampling 581 with 87239246298984 - sampling time: 7.582415342330933
Sampling 582 with 43218291698006 - sampling time: 7.753533601760864
Sampling 583 with 95342047183822 - sampling time: 4.810097694396973
Sampling 584 with 21357727626109 - sampling time: 8.250558614730835
Sampling 585 with 56311888519150 - sampling time: 6.534807443618774
Sampling 586 with 92336856874872 - sampling time: 6.599430561065674
Sampling 587 with 17077137894805 - sampling time: 6.976656913757324
Sampling 588 with 82282249286826 - sampling time: 6.122781991958618
Sampling 589 with 66551040697494 - sampling time: 7.45627498626709
Sampling 590 with 45205865601065 - sampling time: 6.93082070350647
Sampling 591 with 18450865184894 - sampling time: 6.937312841415405
Sampling 592 with 85145737144547 - sampling time: 7.454404830932617
Sampling 593 with 40083420809285 - sampling time: 6.939745664596558
Sampling 594 with 43499978576960 - sampling time: 8.068297863006592
Sampling 595 with 42833401196895 - sampling time: 8.033360481262207
Sampling 596 with 90774510353697 - sampling time: 7.9875171184539795
Sampling 597 with 40325720781948 - sampling time: 7.478654623031616
Sampling 598 with 52338585068259 - sampling time: 6.412377834320068
Sampling 599 with 39533623918390 - sampling time: 7.981170415878296
Sampling 600 with 2399860806276 - sampling time: 8.024685621261597
Sampling 601 with 69636445473721 - sampling time: 6.396825075149536
Sampling 602 with 26476168005021 - sampling time: 7.9993250370025635
Sampling 603 with 15976900368773 - sampling time: 6.969648122787476
Sampling 604 with 1653833581733 - sampling time: 6.424582242965698
Sampling 605 with 67586666633336 - sampling time: 7.489913463592529
Sampling 606 with 49359000418720 - sampling time: 6.393402576446533
Sampling 607 with 22342340499260 - sampling time: 5.8938751220703125
Sampling 608 with 96315665961735 - sampling time: 5.3350677490234375
Sampling 609 with 93624849361836 - sampling time: 7.450290203094482
Sampling 610 with 11875817752486 - sampling time: 7.486163377761841
Sampling 611 with 58367279443165 - sampling time: 6.1203062534332275
Sampling 612 with 41924234344198 - sampling time: 5.9052088260650635
Sampling 613 with 41729302623405 - sampling time: 6.428302526473999
Sampling 614 with 65389672504081 - sampling time: 5.869939804077148
Sampling 615 with 59988254004297 - sampling time: 6.927505731582642
Sampling 616 with 21645953391998 - sampling time: 7.467951774597168
Sampling 617 with 61931738262276 - sampling time: 6.935363531112671
Sampling 618 with 49898408593552 - sampling time: 8.004079580307007
Sampling 619 with 95570405257632 - sampling time: 5.447869777679443
Sampling 620 with 22067700896089 - sampling time: 8.587537288665771
Sampling 621 with 59378097617629 - sampling time: 6.938695430755615
Sampling 622 with 5308551264595 - sampling time: 9.606165647506714
Sampling 623 with 76347263523821 - sampling time: 5.852235555648804
Sampling 624 with 95129564419085 - sampling time: 6.418291807174683
Sampling 625 with 60627036364343 - sampling time: 6.9160637855529785
Sampling 626 with 68071362631171 - sampling time: 5.33712100982666
Sampling 627 with 30221558922210 - sampling time: 7.4688146114349365
Sampling 628 with 64764092364285 - sampling time: 6.675756454467773
Sampling 629 with 12329437410459 - sampling time: 6.9908740520477295
Sampling 630 with 73209261133115 - sampling time: 5.991745948791504
Sampling 631 with 47859574815032 - sampling time: 5.427818536758423
Sampling 632 with 50322716470699 - sampling time: 6.519209146499634
Sampling 633 with 80941334464581 - sampling time: 5.419546604156494
Sampling 634 with 31225944371685 - sampling time: 7.6638007164001465
Sampling 635 with 42366476379151 - sampling time: 6.036778450012207
Sampling 636 with 66303173417001 - sampling time: 6.5086350440979
Sampling 637 with 60556640840901 - sampling time: 5.726381301879883
Sampling 638 with 42832191668557 - sampling time: 8.660909652709961
Sampling 639 with 7160846695367 - sampling time: 8.166465520858765
Sampling 640 with 91152517344990 - sampling time: 7.015984296798706
Sampling 641 with 53833063894416 - sampling time: 8.150867700576782
Sampling 642 with 55878798761267 - sampling time: 6.544050455093384
Sampling 643 with 44970320997919 - sampling time: 6.64260458946228
Sampling 644 with 94802512726545 - sampling time: 6.52741265296936
Sampling 645 with 5493676856202 - sampling time: 9.80522871017456
Sampling 646 with 58852156779162 - sampling time: 7.199127912521362
Sampling 647 with 96202340467115 - sampling time: 6.037464380264282
Sampling 648 with 11667485840852 - sampling time: 8.794527292251587
Sampling 649 with 3878926415507 - sampling time: 8.752379179000854
Sampling 650 with 50084490249309 - sampling time: 7.6502251625061035
Sampling 651 with 36124852323056 - sampling time: 7.064759969711304
Sampling 652 with 84231017510396 - sampling time: 5.436056852340698
Sampling 653 with 59022655074482 - sampling time: 5.409893035888672
Sampling 654 with 72470998736510 - sampling time: 6.606110572814941
Sampling 655 with 56840036133170 - sampling time: 7.028606653213501
Sampling 656 with 58399915226640 - sampling time: 7.4410669803619385
Sampling 657 with 38046376648583 - sampling time: 8.14918065071106
Sampling 658 with 32958763412043 - sampling time: 7.775480270385742
Sampling 659 with 58363920380322 - sampling time: 6.915900468826294
Sampling 660 with 92427377331864 - sampling time: 5.3212151527404785
Sampling 661 with 1698587874876 - sampling time: 6.478713512420654
Sampling 662 with 49614844081625 - sampling time: 7.4562907218933105
Sampling 663 with 5361015768813 - sampling time: 8.738656997680664
Sampling 664 with 42685973229389 - sampling time: 5.3927083015441895
Sampling 665 with 46732393665899 - sampling time: 5.339548349380493
Sampling 666 with 68240299345332 - sampling time: 5.90365743637085
Sampling 667 with 63233783836561 - sampling time: 8.036906003952026
Sampling 668 with 54005463645933 - sampling time: 6.401614427566528
Sampling 669 with 21965146331157 - sampling time: 7.005889654159546
Sampling 670 with 64779375885854 - sampling time: 7.463216304779053
Sampling 671 with 9366467150095 - sampling time: 8.0209059715271
Sampling 672 with 43001041079374 - sampling time: 7.567487716674805
Sampling 673 with 59621554443033 - sampling time: 6.39578104019165
Sampling 674 with 6408807463775 - sampling time: 7.993636608123779
Sampling 675 with 18020820765933 - sampling time: 7.469113111495972
Sampling 676 with 44856050822860 - sampling time: 5.8622400760650635
Sampling 677 with 82414073743606 - sampling time: 6.111514329910278
Sampling 678 with 1803421004629 - sampling time: 6.433648586273193
Sampling 679 with 70911188348938 - sampling time: 6.404846668243408
Sampling 680 with 92172303106175 - sampling time: 7.519702672958374
Sampling 681 with 82825840025276 - sampling time: 6.057506799697876
Sampling 682 with 43947613478741 - sampling time: 6.919686555862427
Sampling 683 with 45429735828447 - sampling time: 8.507216691970825
Sampling 684 with 18872304798267 - sampling time: 8.546039819717407
Sampling 685 with 3644873218177 - sampling time: 8.644734859466553
Sampling 686 with 12666654386157 - sampling time: 7.472810745239258
Sampling 687 with 69699179828139 - sampling time: 6.908971071243286
Sampling 688 with 8612530008678 - sampling time: 8.586068630218506
Sampling 689 with 71633095183937 - sampling time: 5.865096569061279
Sampling 690 with 23903279832587 - sampling time: 8.52156925201416
Sampling 691 with 44896100706353 - sampling time: 8.225209951400757
Sampling 692 with 245167916864 - sampling time: 8.591687679290771
Sampling 693 with 70035526195164 - sampling time: 6.386757135391235
Sampling 694 with 45477954208985 - sampling time: 6.429522275924683
Sampling 695 with 40921831488029 - sampling time: 7.568724632263184
Sampling 696 with 65587362668258 - sampling time: 7.96118950843811
Sampling 697 with 66599631628862 - sampling time: 6.535549163818359
Sampling 698 with 68134495288331 - sampling time: 7.557209491729736
Sampling 699 with 72435482000623 - sampling time: 6.508775234222412
Sampling 700 with 26365554324544 - sampling time: 7.903764009475708
Sampling 701 with 92375419841663 - sampling time: 5.643846750259399
Sampling 702 with 57872903227304 - sampling time: 6.583581447601318
Sampling 703 with 22534239660893 - sampling time: 8.145107984542847
Sampling 704 with 26392788509594 - sampling time: 8.79889988899231
Sampling 705 with 31218633435789 - sampling time: 8.202461242675781
Sampling 706 with 92246543514405 - sampling time: 7.88867974281311
Sampling 707 with 51506069221082 - sampling time: 4.890448808670044
Sampling 708 with 95147598480155 - sampling time: 7.128068447113037
Sampling 709 with 76376293527935 - sampling time: 5.520674467086792
Sampling 710 with 9011154403670 - sampling time: 8.723462343215942
Sampling 711 with 33508303491972 - sampling time: 6.7069244384765625
Sampling 712 with 43358288837188 - sampling time: 8.129578113555908
Sampling 713 with 32185645870619 - sampling time: 9.256608724594116
Sampling 714 with 87995587157548 - sampling time: 6.0672760009765625
Sampling 715 with 61446279423935 - sampling time: 6.64101767539978
Sampling 716 with 50990093927057 - sampling time: 6.531507730484009
Sampling 717 with 2989476171365 - sampling time: 5.987411975860596
Sampling 718 with 17570765960126 - sampling time: 7.608167886734009
Sampling 719 with 29841063466639 - sampling time: 7.133747100830078
Sampling 720 with 73579698431052 - sampling time: 5.952816963195801
Sampling 721 with 12238072710323 - sampling time: 7.127174139022827
Sampling 722 with 68015599763397 - sampling time: 6.506483316421509
Sampling 723 with 62363281658914 - sampling time: 6.970004081726074
Sampling 724 with 92084081038839 - sampling time: 5.367023944854736
Sampling 725 with 35212348791063 - sampling time: 8.003474712371826
Sampling 726 with 74707523579479 - sampling time: 6.904662609100342
Sampling 727 with 96235531227640 - sampling time: 4.7825000286102295
Sampling 728 with 64562078527293 - sampling time: 6.3852996826171875
Sampling 729 with 29019073763129 - sampling time: 7.617264270782471
Sampling 730 with 21632645045975 - sampling time: 6.934827566146851
Sampling 731 with 92630346881632 - sampling time: 6.397777557373047
Sampling 732 with 36232526886111 - sampling time: 8.57378077507019
Sampling 733 with 11825865443024 - sampling time: 6.953356742858887
Sampling 734 with 96853184857184 - sampling time: 5.843422174453735
Sampling 735 with 32384591570564 - sampling time: 7.274506092071533
Sampling 736 with 76634945568346 - sampling time: 7.461460828781128
Sampling 737 with 1937535292902 - sampling time: 7.995237827301025
Sampling 738 with 49166239152464 - sampling time: 6.398174047470093
Sampling 739 with 92175656771962 - sampling time: 5.351454257965088
Sampling 740 with 49897053005423 - sampling time: 6.9445414543151855
Sampling 741 with 82769786625434 - sampling time: 5.847760915756226
Sampling 742 with 73000869936019 - sampling time: 5.854475021362305
Sampling 743 with 4582894663408 - sampling time: 8.527816772460938
Sampling 744 with 22353921357499 - sampling time: 8.528225898742676
Sampling 745 with 80034246389471 - sampling time: 5.337350606918335
Sampling 746 with 14948313824962 - sampling time: 6.995251655578613
Sampling 747 with 93035529495618 - sampling time: 6.410752296447754
Sampling 748 with 46216754113488 - sampling time: 7.9899091720581055
Sampling 749 with 39594504058570 - sampling time: 8.046386003494263
Sampling 750 with 89943384191028 - sampling time: 6.3844521045684814
Sampling 751 with 8240023382078 - sampling time: 6.980189561843872
Sampling 752 with 76491912780072 - sampling time: 6.9496119022369385
Sampling 753 with 5574676949110 - sampling time: 7.502225875854492
Sampling 754 with 65935607162633 - sampling time: 7.461838245391846
Sampling 755 with 45755293458469 - sampling time: 6.947635173797607
Sampling 756 with 21234418435275 - sampling time: 7.609909772872925
Sampling 757 with 76152657358166 - sampling time: 6.974246263504028
Sampling 758 with 40513440026346 - sampling time: 7.5084686279296875
Sampling 759 with 93291690869073 - sampling time: 6.485021114349365
Sampling 760 with 16015327141017 - sampling time: 6.931731939315796
Sampling 761 with 85364942821361 - sampling time: 5.853505849838257
Sampling 762 with 74997177210904 - sampling time: 6.683211326599121
Sampling 763 with 89637569217045 - sampling time: 6.374559164047241
Sampling 764 with 82872030833052 - sampling time: 5.350764513015747
Sampling 765 with 24353994737792 - sampling time: 8.529896974563599
Sampling 766 with 89786381189439 - sampling time: 7.0339038372039795
Sampling 767 with 21414674928634 - sampling time: 7.596543550491333
Sampling 768 with 85823316800662 - sampling time: 7.111204147338867
Sampling 769 with 51187059864712 - sampling time: 8.180472373962402
Sampling 770 with 79545824501750 - sampling time: 7.5902040004730225
Sampling 771 with 54135443832878 - sampling time: 7.626172304153442
Sampling 772 with 40375125809046 - sampling time: 7.7405455112457275
Sampling 773 with 60892499696346 - sampling time: 6.545644998550415
Sampling 774 with 35454294455993 - sampling time: 7.095921277999878
Sampling 775 with 80606262827601 - sampling time: 7.893930435180664
Sampling 776 with 75401958341985 - sampling time: 5.39809775352478
Sampling 777 with 72425812899326 - sampling time: 6.493426561355591
Sampling 778 with 72305084001145 - sampling time: 6.012568235397339
Sampling 779 with 68374259310057 - sampling time: 6.012488603591919
Sampling 780 with 46511504006967 - sampling time: 7.682943344116211
Sampling 781 with 68364933619037 - sampling time: 5.966506719589233
Sampling 782 with 92767196427304 - sampling time: 5.962503671646118
Sampling 783 with 8117417604020 - sampling time: 7.842973709106445
Sampling 784 with 43110997116034 - sampling time: 7.358114004135132
Sampling 785 with 33205745195720 - sampling time: 8.830967903137207
Sampling 786 with 13198286078773 - sampling time: 7.694319248199463
Sampling 787 with 51196910218565 - sampling time: 7.117012023925781
Sampling 788 with 89810857970439 - sampling time: 6.619346380233765
Sampling 789 with 19655471082642 - sampling time: 7.168893098831177
Sampling 790 with 24305432535362 - sampling time: 8.27000117301941
Sampling 791 with 20945541512994 - sampling time: 6.66615629196167
Sampling 792 with 92163412036282 - sampling time: 6.984013080596924
Sampling 793 with 8700141335335 - sampling time: 8.535926342010498
Sampling 794 with 72756992747498 - sampling time: 5.332771062850952
Sampling 795 with 71284064208328 - sampling time: 6.432938575744629
Sampling 796 with 88666114750794 - sampling time: 6.472720623016357
Sampling 797 with 21810985576087 - sampling time: 8.632518529891968
Sampling 798 with 91972279927628 - sampling time: 4.812838077545166
Sampling 799 with 97229730128427 - sampling time: 4.765260457992554
Sampling 800 with 58349323821259 - sampling time: 6.395656108856201
Sampling 801 with 96449503356405 - sampling time: 5.883228778839111
Sampling 802 with 51664719028529 - sampling time: 6.418770790100098
Sampling 803 with 96274350242324 - sampling time: 4.274721145629883
Sampling 804 with 66339171148744 - sampling time: 8.043234825134277
Sampling 805 with 75320327466636 - sampling time: 5.982478141784668
Sampling 806 with 13739477298286 - sampling time: 6.934954643249512
Sampling 807 with 92560552591867 - sampling time: 7.464598655700684
Sampling 808 with 15085030908937 - sampling time: 7.513636350631714
Sampling 809 with 94893461416228 - sampling time: 7.4405357837677
Sampling 810 with 59832970118215 - sampling time: 6.407562971115112
Sampling 811 with 62204712527290 - sampling time: 7.457525253295898
Sampling 812 with 28716288012577 - sampling time: 9.212010860443115
Sampling 813 with 18490118759534 - sampling time: 6.950679779052734
Sampling 814 with 34008717961239 - sampling time: 6.947970867156982
Sampling 815 with 96492249664494 - sampling time: 5.316949129104614
Sampling 816 with 47355085217364 - sampling time: 6.410569429397583
Sampling 817 with 56471828856031 - sampling time: 7.465275764465332
Sampling 818 with 28008712247546 - sampling time: 6.508354187011719
Sampling 819 with 688443539902 - sampling time: 7.482517242431641
Sampling 820 with 46654954744768 - sampling time: 6.165660619735718
Sampling 821 with 59409913568257 - sampling time: 5.903048992156982
Sampling 822 with 95831205680111 - sampling time: 4.811508417129517
Sampling 823 with 91397600668110 - sampling time: 5.9900736808776855
Sampling 824 with 34968942089283 - sampling time: 7.562331438064575
Sampling 825 with 34526396481617 - sampling time: 8.536503791809082
Sampling 826 with 8419216085733 - sampling time: 7.476892948150635
Sampling 827 with 24897567973959 - sampling time: 7.47437047958374
Sampling 828 with 49929353560183 - sampling time: 6.417206525802612
Sampling 829 with 69467839240289 - sampling time: 5.3916778564453125
Sampling 830 with 5796984188813 - sampling time: 6.943648338317871
Sampling 831 with 24703484992295 - sampling time: 7.995851039886475
Sampling 832 with 78388897140599 - sampling time: 6.3751373291015625
Sampling 833 with 79372794527028 - sampling time: 6.390958547592163
Sampling 834 with 90699650145533 - sampling time: 7.5374650955200195
Sampling 835 with 4088476645072 - sampling time: 8.545182228088379
Sampling 836 with 46265293559642 - sampling time: 7.666466236114502
Sampling 837 with 87781211967465 - sampling time: 7.561484098434448
Sampling 838 with 23606960617237 - sampling time: 8.434277772903442
Sampling 839 with 46290780034722 - sampling time: 7.150697231292725
Sampling 840 with 55257991840175 - sampling time: 6.575506925582886
Sampling 841 with 70420214884164 - sampling time: 7.595036268234253
Sampling 842 with 84088004833492 - sampling time: 5.436018705368042
Sampling 843 with 62989757894853 - sampling time: 7.026064157485962
Sampling 844 with 88731784177787 - sampling time: 7.6403961181640625
Sampling 845 with 3486354878074 - sampling time: 7.073746681213379
Sampling 846 with 28679632164640 - sampling time: 8.199331521987915
Sampling 847 with 47442656859393 - sampling time: 5.9465742111206055
Sampling 848 with 37855524590181 - sampling time: 6.824774265289307
Sampling 849 with 1622731897829 - sampling time: 8.282700777053833
Sampling 850 with 88441128352719 - sampling time: 7.560405969619751
Sampling 851 with 57198857699311 - sampling time: 6.582303285598755
Sampling 852 with 52170559858475 - sampling time: 7.351733446121216
Sampling 853 with 41375483553352 - sampling time: 7.822487831115723
Sampling 854 with 64884412731888 - sampling time: 7.134661912918091
Sampling 855 with 16967200892861 - sampling time: 6.584080934524536
Sampling 856 with 58217253693759 - sampling time: 5.4465930461883545
Sampling 857 with 65044836732191 - sampling time: 5.990785121917725
Sampling 858 with 15804494527205 - sampling time: 7.657309532165527
Sampling 859 with 40836759239928 - sampling time: 8.235126495361328
Sampling 860 with 69815777937500 - sampling time: 4.88024640083313
Sampling 861 with 88245535783203 - sampling time: 7.081419944763184
Sampling 862 with 44892146191978 - sampling time: 6.983040809631348
Sampling 863 with 44517989062368 - sampling time: 6.661126136779785
Sampling 864 with 49257489443687 - sampling time: 6.936900854110718
Sampling 865 with 13582152232586 - sampling time: 9.06858205795288
Sampling 866 with 49466113137919 - sampling time: 6.394209146499634
Sampling 867 with 44680227115636 - sampling time: 6.850329875946045
Sampling 868 with 83206913247663 - sampling time: 5.859007358551025
Sampling 869 with 31398321295422 - sampling time: 6.428518533706665
Sampling 870 with 13443241441224 - sampling time: 8.61272644996643
Sampling 871 with 89031617000780 - sampling time: 6.386228322982788
Sampling 872 with 40516066302723 - sampling time: 8.050566911697388
Sampling 873 with 84847786757638 - sampling time: 8.508375406265259
Sampling 874 with 86874710940592 - sampling time: 6.972566604614258
Sampling 875 with 44857395097971 - sampling time: 5.886332035064697
Sampling 876 with 11274976184196 - sampling time: 7.595060110092163
Sampling 877 with 67676519916184 - sampling time: 5.919971227645874
Sampling 878 with 46524003007163 - sampling time: 8.000041484832764
Sampling 879 with 958448621862 - sampling time: 5.884008407592773
Sampling 880 with 84005858691313 - sampling time: 4.827131509780884
Sampling 881 with 74021178672499 - sampling time: 4.7887351512908936
Sampling 882 with 34998192881820 - sampling time: 7.467073678970337
Sampling 883 with 41640768994637 - sampling time: 7.517394304275513
Sampling 884 with 75140504467361 - sampling time: 6.386236190795898
Sampling 885 with 84139370786736 - sampling time: 5.8493571281433105
Sampling 886 with 30496833788605 - sampling time: 8.12066912651062
Sampling 887 with 55015077345286 - sampling time: 5.9002625942230225
Sampling 888 with 65482367368593 - sampling time: 5.861796140670776
Sampling 889 with 84312032213810 - sampling time: 5.379575252532959
Sampling 890 with 60312913005915 - sampling time: 6.377913236618042
Sampling 891 with 33755270188500 - sampling time: 5.910313367843628
Sampling 892 with 34912526600232 - sampling time: 8.005429744720459
Sampling 893 with 41651091102358 - sampling time: 6.921868562698364
Sampling 894 with 20902977231659 - sampling time: 7.491004705429077
Sampling 895 with 81802965904872 - sampling time: 6.384021759033203
Sampling 896 with 19046356508930 - sampling time: 7.488630056381226
Sampling 897 with 70055183271468 - sampling time: 7.9768359661102295
Sampling 898 with 40058389772560 - sampling time: 7.4756104946136475
Sampling 899 with 77845316498730 - sampling time: 5.333884000778198
Sampling 900 with 89063775672494 - sampling time: 5.864726781845093
Sampling 901 with 95801371011841 - sampling time: 5.315162897109985
Sampling 902 with 701211723894 - sampling time: 6.449276685714722
Sampling 903 with 32805676252959 - sampling time: 7.4867777824401855
Sampling 904 with 46877075585560 - sampling time: 7.475823640823364
Sampling 905 with 34434347899658 - sampling time: 8.400192975997925
Sampling 906 with 62451418146336 - sampling time: 6.533259153366089
Sampling 907 with 54689107851471 - sampling time: 7.6276938915252686
Sampling 908 with 16897419542420 - sampling time: 6.604677438735962
Sampling 909 with 2212861741566 - sampling time: 7.069089651107788
Sampling 910 with 90586530632437 - sampling time: 8.158335447311401
Sampling 911 with 24695887446334 - sampling time: 8.176091194152832
Sampling 912 with 54514269048851 - sampling time: 6.500622987747192
Sampling 913 with 57021720250623 - sampling time: 5.950144290924072
Sampling 914 with 80461765823703 - sampling time: 7.042893171310425
Sampling 915 with 74334020182122 - sampling time: 5.411599159240723
Sampling 916 with 68444167463020 - sampling time: 7.079195737838745
Sampling 917 with 35258363350768 - sampling time: 9.2077476978302
Sampling 918 with 30450556850691 - sampling time: 7.640965461730957
Sampling 919 with 24508897705319 - sampling time: 8.667611122131348
Sampling 920 with 73592478180594 - sampling time: 7.054866790771484
Sampling 921 with 45809555172104 - sampling time: 7.086716890335083
Sampling 922 with 29896710099870 - sampling time: 7.748707056045532
Sampling 923 with 41624165135026 - sampling time: 7.0597851276397705
Sampling 924 with 85886663398796 - sampling time: 7.063732624053955
Sampling 925 with 15571316565164 - sampling time: 7.697592735290527
Sampling 926 with 87343984156713 - sampling time: 6.8413472175598145
Sampling 927 with 40238570923548 - sampling time: 7.639352083206177
Sampling 928 with 20947916069518 - sampling time: 7.646873235702515
Sampling 929 with 61975710396397 - sampling time: 7.102623701095581
Sampling 930 with 69404466378135 - sampling time: 6.9994730949401855
Sampling 931 with 18759036732599 - sampling time: 7.80301570892334
Sampling 932 with 26653612062046 - sampling time: 8.001826524734497
Sampling 933 with 65557475643007 - sampling time: 7.454664468765259
Sampling 934 with 51815931989917 - sampling time: 6.3987860679626465
Sampling 935 with 30062584270246 - sampling time: 9.041765213012695
Sampling 936 with 81823597341091 - sampling time: 6.909938812255859
Sampling 937 with 60290991053760 - sampling time: 5.859079360961914
Sampling 938 with 86966934722454 - sampling time: 6.427057504653931
Sampling 939 with 93812002021697 - sampling time: 6.972768068313599
Sampling 940 with 6222716576895 - sampling time: 8.809812307357788
Sampling 941 with 71269478077656 - sampling time: 5.3184521198272705
Sampling 942 with 31748871419198 - sampling time: 6.95967698097229
Sampling 943 with 66970157785853 - sampling time: 7.0066916942596436
Sampling 944 with 72332509059642 - sampling time: 6.44272518157959
Sampling 945 with 40033729122849 - sampling time: 7.520007133483887
Sampling 946 with 37454222349705 - sampling time: 8.011650085449219
Sampling 947 with 32739377969437 - sampling time: 7.480937242507935
Sampling 948 with 14443461501644 - sampling time: 7.614295482635498
Sampling 949 with 71042729574212 - sampling time: 6.6540093421936035
Sampling 950 with 37508149256009 - sampling time: 6.407475471496582
Sampling 951 with 2777076525551 - sampling time: 7.457172155380249
Sampling 952 with 11086793626865 - sampling time: 8.004560947418213
Sampling 953 with 46215160475842 - sampling time: 7.459516286849976
Sampling 954 with 82889941805018 - sampling time: 6.120103120803833
Sampling 955 with 1493791577841 - sampling time: 5.9502034187316895
Sampling 956 with 64987387496432 - sampling time: 7.997862339019775
Sampling 957 with 11999652805281 - sampling time: 6.963587999343872
Sampling 958 with 3976567783340 - sampling time: 9.63746976852417
Sampling 959 with 58137890550108 - sampling time: 5.4614098072052
Sampling 960 with 16436475704175 - sampling time: 6.4143452644348145
Sampling 961 with 66548166840659 - sampling time: 5.86968994140625
Sampling 962 with 8284292435931 - sampling time: 8.541236400604248
Sampling 963 with 6807762014246 - sampling time: 6.516342878341675
Sampling 964 with 54517117589063 - sampling time: 5.354902982711792
Sampling 965 with 35251396477730 - sampling time: 6.9575355052948
Sampling 966 with 54201917595521 - sampling time: 6.4273903369903564
Sampling 967 with 12219812919636 - sampling time: 8.032639741897583
Sampling 968 with 27568916791316 - sampling time: 8.552741050720215
Sampling 969 with 27053343871196 - sampling time: 8.537673711776733
Sampling 970 with 79313713612623 - sampling time: 6.384172677993774
Sampling 971 with 58969569526968 - sampling time: 6.475377559661865
Sampling 972 with 75224212521960 - sampling time: 5.983124017715454
Sampling 973 with 79455444049432 - sampling time: 7.72485876083374
Sampling 974 with 82566596832904 - sampling time: 6.473686695098877
Sampling 975 with 12995317607423 - sampling time: 7.628922462463379
Sampling 976 with 44854541762321 - sampling time: 5.965499401092529
Sampling 977 with 64685698322182 - sampling time: 8.94148302078247
Sampling 978 with 26379517112889 - sampling time: 9.264507055282593
Sampling 979 with 95559247046294 - sampling time: 4.357719421386719
Sampling 980 with 3599344265958 - sampling time: 9.378323793411255
Sampling 981 with 59141669943603 - sampling time: 6.579385280609131
Sampling 982 with 54536975244471 - sampling time: 7.942982912063599
Sampling 983 with 25287783413530 - sampling time: 7.112843751907349
Sampling 984 with 89034466798702 - sampling time: 4.86786150932312
Sampling 985 with 93826838832631 - sampling time: 7.609612703323364
Sampling 986 with 5763466257165 - sampling time: 7.202265501022339
Sampling 987 with 51305804059897 - sampling time: 7.136898756027222
Sampling 988 with 91801689394725 - sampling time: 5.414459228515625
Sampling 989 with 35920314261013 - sampling time: 9.032129764556885
Sampling 990 with 13353845514787 - sampling time: 5.992908954620361
Sampling 991 with 29224561088680 - sampling time: 6.535354375839233
Sampling 992 with 6891624920041 - sampling time: 9.2305326461792
Sampling 993 with 61057085082393 - sampling time: 5.967203855514526
Sampling 994 with 74086823490496 - sampling time: 7.0265114307403564
Sampling 995 with 10394029418140 - sampling time: 7.651028394699097
Sampling 996 with 44779855227297 - sampling time: 7.203176975250244
Sampling 997 with 18763119020504 - sampling time: 8.677744150161743
Sampling 998 with 11936711263969 - sampling time: 7.614708423614502
Sampling 999 with 86324615709672 - sampling time: 5.878357172012329
--- total time: 6993.7541835308075 seconds ---
Output samples created on:  /home/jeho-lab/git/t-wise/Data/Samples/Time/Financial_2018_05_09_1000.samples

real	116m34.417s
user	95m46.034s
sys	22m28.117s
